#
# There is insufficient memory for the Java Runtime Environment to continue.
# Native memory allocation (malloc) failed to allocate 1112496 bytes for Chunk::new
# Possible reasons:
#   The system is out of physical RAM or swap space
#   The process is running with CompressedOops enabled, and the Java Heap may be blocking the growth of the native heap
# Possible solutions:
#   Reduce memory load on the system
#   Increase physical memory or swap space
#   Check if swap backing store is full
#   Decrease Java heap size (-Xmx/-Xms)
#   Decrease number of Java threads
#   Decrease Java thread stack sizes (-Xss)
#   Set larger code cache with -XX:ReservedCodeCacheSize=
#   JVM is running with Zero Based Compressed Oops mode in which the Java heap is
#     placed in the first 32GB address space. The Java Heap base address is the
#     maximum limit for the native heap growth. Please use -XX:HeapBaseMinAddress
#     to set the Java Heap base and to place the Java Heap above 32GB virtual address.
# This output file may be truncated or incomplete.
#
#  Out of Memory Error (arena.cpp:189), pid=15828, tid=15932
#
# JRE version: Java(TM) SE Runtime Environment (17.0.12+8) (build 17.0.12+8-LTS-286)
# Java VM: Java HotSpot(TM) 64-Bit Server VM (17.0.12+8-LTS-286, mixed mode, sharing, tiered, compressed oops, compressed class ptrs, g1 gc, windows-amd64)
# No core dump will be written. Minidumps are not enabled by default on client versions of Windows
#

---------------  S U M M A R Y ------------

Command Line: org.jetbrains.kotlin.cli.jvm.K2JVMCompiler @E:\Descktop\MentoraAppNew\node_modules\react-native-screens\android\build\20260209_17028353212929398729.compiler.options

Host: Intel(R) Core(TM) i7-6700HQ CPU @ 2.60GHz, 8 cores, 15G,  Windows 11 , 64 bit Build 22000 (10.0.22000.2538)
Time: Mon Feb  9 01:13:10 2026 Egypt Standard Time elapsed time: 48.905393 seconds (0d 0h 0m 48s)

---------------  T H R E A D  ---------------

Current thread (0x0000026847ea3c60):  JavaThread "C2 CompilerThread0" daemon [_thread_in_native, id=15932, stack(0x000000913da00000,0x000000913db00000)]


Current CompileTask:
C2:  48905 14729       4       org.jetbrains.kotlin.fir.analysis.checkers.expression.FirOptInUsageBaseChecker::loadExperimentalities (355 bytes)

Stack: [0x000000913da00000,0x000000913db00000]
Native frames: (J=compiled Java code, j=interpreted, Vv=VM code, C=native code)
V  [jvm.dll+0x67a04a]
V  [jvm.dll+0x7da4ed]
V  [jvm.dll+0x7dbe33]
V  [jvm.dll+0x7dc4a3]
V  [jvm.dll+0x24508f]
V  [jvm.dll+0xab773]
V  [jvm.dll+0xabd3c]
V  [jvm.dll+0x2aa52f]
V  [jvm.dll+0x581eb9]
V  [jvm.dll+0x21f422]
V  [jvm.dll+0x21f81f]
V  [jvm.dll+0x218aa0]
V  [jvm.dll+0x215b65]
V  [jvm.dll+0x1a2960]
V  [jvm.dll+0x22610b]
V  [jvm.dll+0x2242ab]
V  [jvm.dll+0x79075c]
V  [jvm.dll+0x78abea]
V  [jvm.dll+0x678f35]
C  [ucrtbase.dll+0x26c0c]
C  [KERNEL32.DLL+0x153e0]
C  [ntdll.dll+0x485b]


---------------  P R O C E S S  ---------------

Threads class SMR info:
_java_thread_list=0x0000026891d32570, length=12, elements={
0x0000026825112ac0, 0x0000026847e87670, 0x0000026847e88c90, 0x0000026847e9e5b0,
0x0000026847e9ff80, 0x0000026847ea0940, 0x0000026847ea1300, 0x0000026847ea3c60,
0x0000026847ea8720, 0x0000026847eb5940, 0x000002688d114a70, 0x000002688d11bba0
}

Java Threads: ( => current thread )
  0x0000026825112ac0 JavaThread "main" [_thread_in_Java, id=15880, stack(0x000000913cd00000,0x000000913ce00000)]
  0x0000026847e87670 JavaThread "Reference Handler" daemon [_thread_blocked, id=15908, stack(0x000000913d400000,0x000000913d500000)]
  0x0000026847e88c90 JavaThread "Finalizer" daemon [_thread_blocked, id=15912, stack(0x000000913d500000,0x000000913d600000)]
  0x0000026847e9e5b0 JavaThread "Signal Dispatcher" daemon [_thread_blocked, id=15916, stack(0x000000913d600000,0x000000913d700000)]
  0x0000026847e9ff80 JavaThread "Attach Listener" daemon [_thread_blocked, id=15920, stack(0x000000913d700000,0x000000913d800000)]
  0x0000026847ea0940 JavaThread "Service Thread" daemon [_thread_blocked, id=15924, stack(0x000000913d800000,0x000000913d900000)]
  0x0000026847ea1300 JavaThread "Monitor Deflation Thread" daemon [_thread_blocked, id=15928, stack(0x000000913d900000,0x000000913da00000)]
=>0x0000026847ea3c60 JavaThread "C2 CompilerThread0" daemon [_thread_in_native, id=15932, stack(0x000000913da00000,0x000000913db00000)]
  0x0000026847ea8720 JavaThread "C1 CompilerThread0" daemon [_thread_blocked, id=15936, stack(0x000000913db00000,0x000000913dc00000)]
  0x0000026847eb5940 JavaThread "Sweeper thread" daemon [_thread_blocked, id=15940, stack(0x000000913dc00000,0x000000913dd00000)]
  0x000002688d114a70 JavaThread "Notification Thread" daemon [_thread_blocked, id=15944, stack(0x000000913dd00000,0x000000913de00000)]
  0x000002688d11bba0 JavaThread "Common-Cleaner" daemon [_thread_blocked, id=15952, stack(0x000000913df00000,0x000000913e000000)]

Other Threads:
  0x0000026847e802b0 VMThread "VM Thread" [stack: 0x000000913d300000,0x000000913d400000] [id=15904]
  0x00000268251a3610 WatcherThread [stack: 0x000000913de00000,0x000000913df00000] [id=15948]
  0x000002682517e340 GCTaskThread "GC Thread#0" [stack: 0x000000913ce00000,0x000000913cf00000] [id=15884]
  0x000002688d62d1e0 GCTaskThread "GC Thread#1" [stack: 0x000000913e000000,0x000000913e100000] [id=15968]
  0x000002688d62d4a0 GCTaskThread "GC Thread#2" [stack: 0x000000913e100000,0x000000913e200000] [id=15972]
  0x000002688d29c040 GCTaskThread "GC Thread#3" [stack: 0x000000913e200000,0x000000913e300000] [id=15976]
  0x000002688d29c300 GCTaskThread "GC Thread#4" [stack: 0x000000913e300000,0x000000913e400000] [id=15980]
  0x000002688d29c5c0 GCTaskThread "GC Thread#5" [stack: 0x000000913e400000,0x000000913e500000] [id=15984]
  0x000002688f733850 GCTaskThread "GC Thread#6" [stack: 0x000000913e700000,0x000000913e800000] [id=16008]
  0x000002688d849190 GCTaskThread "GC Thread#7" [stack: 0x000000913e800000,0x000000913e900000] [id=16012]
  0x000002682518f870 ConcurrentGCThread "G1 Main Marker" [stack: 0x000000913cf00000,0x000000913d000000] [id=15888]
  0x0000026825190280 ConcurrentGCThread "G1 Conc#0" [stack: 0x000000913d000000,0x000000913d100000] [id=15892]
  0x000002688da96330 ConcurrentGCThread "G1 Conc#1" [stack: 0x000000913ea00000,0x000000913eb00000] [id=16040]
  0x00000268251e7be0 ConcurrentGCThread "G1 Refine#0" [stack: 0x000000913d100000,0x000000913d200000] [id=15896]
  0x000002688fe7c720 ConcurrentGCThread "G1 Refine#1" [stack: 0x000000913e900000,0x000000913ea00000] [id=16016]
  0x0000026890380ad0 ConcurrentGCThread "G1 Refine#2" [stack: 0x000000913eb00000,0x000000913ec00000] [id=16376]
  0x000002689037f640 ConcurrentGCThread "G1 Refine#3" [stack: 0x000000913ec00000,0x000000913ed00000] [id=16380]
  0x00000268251e8610 ConcurrentGCThread "G1 Service" [stack: 0x000000913d200000,0x000000913d300000] [id=15900]

Threads with active compile tasks:
C2 CompilerThread0    48959 14729       4       org.jetbrains.kotlin.fir.analysis.checkers.expression.FirOptInUsageBaseChecker::loadExperimentalities (355 bytes)

VM state: not at safepoint (normal execution)

VM Mutex/Monitor currently owned by a thread: None

Heap address: 0x0000000701c00000, size: 4068 MB, Compressed Oops mode: Zero based, Oop shift amount: 3

CDS archive(s) mapped at: [0x0000026848000000-0x0000026848bd0000-0x0000026848bd0000), size 12386304, SharedBaseAddress: 0x0000026848000000, ArchiveRelocationMode: 1.
Compressed class space mapped at: 0x0000026849000000-0x0000026889000000, reserved size: 1073741824
Narrow klass base: 0x0000026848000000, Narrow klass shift: 0, Narrow klass range: 0x100000000

GC Precious Log:
 CPUs: 8 total, 8 available
 Memory: 16264M
 Large Page Support: Disabled
 NUMA Support: Disabled
 Compressed Oops: Enabled (Zero based)
 Heap Region Size: 2M
 Heap Min Capacity: 8M
 Heap Initial Capacity: 256M
 Heap Max Capacity: 4068M
 Pre-touch: Disabled
 Parallel Workers: 8
 Concurrent Workers: 2
 Concurrent Refinement Workers: 8
 Periodic GC: Disabled

Heap:
 garbage-first heap   total 184320K, used 143944K [0x0000000701c00000, 0x0000000800000000)
  region size 2048K, 18 young (36864K), 3 survivors (6144K)
 Metaspace       used 62607K, committed 62912K, reserved 1114112K
  class space    used 6728K, committed 6848K, reserved 1048576K

Heap Regions: E=young(eden), S=young(survivor), O=old, HS=humongous(starts), HC=humongous(continues), CS=collection set, F=free, OA=open archive, CA=closed archive, TAMS=top-at-mark-start (previous, next)
|   0|0x0000000701c00000, 0x0000000701e00000, 0x0000000701e00000|100%|HS|  |TAMS 0x0000000701e00000, 0x0000000701c00000| Complete 
|   1|0x0000000701e00000, 0x0000000702000000, 0x0000000702000000|100%|HC|  |TAMS 0x0000000702000000, 0x0000000701e00000| Complete 
|   2|0x0000000702000000, 0x0000000702200000, 0x0000000702200000|100%| O|  |TAMS 0x0000000702200000, 0x0000000702000000| Untracked 
|   3|0x0000000702200000, 0x0000000702400000, 0x0000000702400000|100%| O|  |TAMS 0x0000000702400000, 0x0000000702200000| Untracked 
|   4|0x0000000702400000, 0x0000000702600000, 0x0000000702600000|100%| O|  |TAMS 0x0000000702600000, 0x0000000702400000| Untracked 
|   5|0x0000000702600000, 0x0000000702800000, 0x0000000702800000|100%| O|  |TAMS 0x0000000702800000, 0x0000000702600000| Untracked 
|   6|0x0000000702800000, 0x0000000702a00000, 0x0000000702a00000|100%| O|  |TAMS 0x0000000702a00000, 0x0000000702800000| Untracked 
|   7|0x0000000702a00000, 0x0000000702c00000, 0x0000000702c00000|100%| O|  |TAMS 0x0000000702c00000, 0x0000000702a00000| Untracked 
|   8|0x0000000702c00000, 0x0000000702e00000, 0x0000000702e00000|100%| O|  |TAMS 0x0000000702e00000, 0x0000000702c00000| Untracked 
|   9|0x0000000702e00000, 0x0000000703000000, 0x0000000703000000|100%| O|  |TAMS 0x0000000703000000, 0x0000000702e00000| Untracked 
|  10|0x0000000703000000, 0x0000000703200000, 0x0000000703200000|100%| O|  |TAMS 0x0000000703200000, 0x0000000703000000| Untracked 
|  11|0x0000000703200000, 0x0000000703400000, 0x0000000703400000|100%| O|  |TAMS 0x0000000703400000, 0x0000000703200000| Untracked 
|  12|0x0000000703400000, 0x0000000703600000, 0x0000000703600000|100%| O|  |TAMS 0x0000000703600000, 0x0000000703400000| Untracked 
|  13|0x0000000703600000, 0x0000000703800000, 0x0000000703800000|100%| O|  |TAMS 0x0000000703800000, 0x0000000703600000| Untracked 
|  14|0x0000000703800000, 0x0000000703a00000, 0x0000000703a00000|100%| O|  |TAMS 0x0000000703a00000, 0x0000000703800000| Untracked 
|  15|0x0000000703a00000, 0x0000000703a00000, 0x0000000703c00000|  0%| F|  |TAMS 0x0000000703a00000, 0x0000000703a00000| Untracked 
|  16|0x0000000703c00000, 0x0000000703e00000, 0x0000000703e00000|100%| O|  |TAMS 0x0000000703e00000, 0x0000000703c00000| Untracked 
|  17|0x0000000703e00000, 0x0000000704000000, 0x0000000704000000|100%| O|  |TAMS 0x0000000704000000, 0x0000000703e00000| Untracked 
|  18|0x0000000704000000, 0x0000000704200000, 0x0000000704200000|100%| O|  |TAMS 0x0000000704200000, 0x0000000704000000| Untracked 
|  19|0x0000000704200000, 0x0000000704400000, 0x0000000704400000|100%| O|  |TAMS 0x0000000704400000, 0x0000000704200000| Untracked 
|  20|0x0000000704400000, 0x0000000704600000, 0x0000000704600000|100%| O|  |TAMS 0x0000000704600000, 0x0000000704400000| Untracked 
|  21|0x0000000704600000, 0x0000000704800000, 0x0000000704800000|100%| O|  |TAMS 0x0000000704800000, 0x0000000704600000| Untracked 
|  22|0x0000000704800000, 0x0000000704a00000, 0x0000000704a00000|100%| O|  |TAMS 0x0000000704a00000, 0x0000000704800000| Untracked 
|  23|0x0000000704a00000, 0x0000000704c00000, 0x0000000704c00000|100%| O|  |TAMS 0x0000000704c00000, 0x0000000704a00000| Untracked 
|  24|0x0000000704c00000, 0x0000000704e00000, 0x0000000704e00000|100%| O|  |TAMS 0x0000000704e00000, 0x0000000704c00000| Untracked 
|  25|0x0000000704e00000, 0x0000000705000000, 0x0000000705000000|100%| O|  |TAMS 0x0000000705000000, 0x0000000704e00000| Untracked 
|  26|0x0000000705000000, 0x0000000705200000, 0x0000000705200000|100%| O|  |TAMS 0x0000000705200000, 0x0000000705000000| Untracked 
|  27|0x0000000705200000, 0x0000000705400000, 0x0000000705400000|100%| O|  |TAMS 0x0000000705400000, 0x0000000705200000| Untracked 
|  28|0x0000000705400000, 0x0000000705600000, 0x0000000705600000|100%| O|  |TAMS 0x0000000705600000, 0x0000000705400000| Untracked 
|  29|0x0000000705600000, 0x0000000705800000, 0x0000000705800000|100%| O|  |TAMS 0x0000000705800000, 0x0000000705600000| Untracked 
|  30|0x0000000705800000, 0x0000000705a00000, 0x0000000705a00000|100%| O|  |TAMS 0x0000000705a00000, 0x0000000705800000| Untracked 
|  31|0x0000000705a00000, 0x0000000705c00000, 0x0000000705c00000|100%| O|  |TAMS 0x0000000705c00000, 0x0000000705a00000| Untracked 
|  32|0x0000000705c00000, 0x0000000705e00000, 0x0000000705e00000|100%| O|  |TAMS 0x0000000705e00000, 0x0000000705c00000| Untracked 
|  33|0x0000000705e00000, 0x0000000706000000, 0x0000000706000000|100%| O|  |TAMS 0x0000000706000000, 0x0000000705e00000| Untracked 
|  34|0x0000000706000000, 0x0000000706200000, 0x0000000706200000|100%| O|  |TAMS 0x0000000706200000, 0x0000000706000000| Untracked 
|  35|0x0000000706200000, 0x0000000706400000, 0x0000000706400000|100%| O|  |TAMS 0x0000000706400000, 0x0000000706200000| Untracked 
|  36|0x0000000706400000, 0x0000000706600000, 0x0000000706600000|100%| O|  |TAMS 0x0000000706600000, 0x0000000706400000| Untracked 
|  37|0x0000000706600000, 0x0000000706800000, 0x0000000706800000|100%| O|  |TAMS 0x0000000706800000, 0x0000000706600000| Untracked 
|  38|0x0000000706800000, 0x0000000706a00000, 0x0000000706a00000|100%| O|  |TAMS 0x0000000706a00000, 0x0000000706800000| Untracked 
|  39|0x0000000706a00000, 0x0000000706c00000, 0x0000000706c00000|100%| O|  |TAMS 0x0000000706c00000, 0x0000000706a00000| Untracked 
|  40|0x0000000706c00000, 0x0000000706e00000, 0x0000000706e00000|100%| O|  |TAMS 0x0000000706e00000, 0x0000000706c00000| Untracked 
|  41|0x0000000706e00000, 0x0000000707000000, 0x0000000707000000|100%| O|  |TAMS 0x0000000707000000, 0x0000000706e00000| Untracked 
|  42|0x0000000707000000, 0x0000000707200000, 0x0000000707200000|100%| O|  |TAMS 0x0000000707200000, 0x0000000707000000| Untracked 
|  43|0x0000000707200000, 0x0000000707400000, 0x0000000707400000|100%| O|  |TAMS 0x0000000707200000, 0x0000000707200000| Untracked 
|  44|0x0000000707400000, 0x0000000707600000, 0x0000000707600000|100%| O|  |TAMS 0x0000000707600000, 0x0000000707400000| Untracked 
|  45|0x0000000707600000, 0x0000000707800000, 0x0000000707800000|100%| O|  |TAMS 0x0000000707800000, 0x0000000707600000| Untracked 
|  46|0x0000000707800000, 0x0000000707a00000, 0x0000000707a00000|100%| O|  |TAMS 0x0000000707a00000, 0x0000000707800000| Untracked 
|  47|0x0000000707a00000, 0x0000000707c00000, 0x0000000707c00000|100%| O|  |TAMS 0x0000000707c00000, 0x0000000707a00000| Untracked 
|  48|0x0000000707c00000, 0x0000000707e00000, 0x0000000707e00000|100%| O|  |TAMS 0x0000000707e00000, 0x0000000707c00000| Untracked 
|  49|0x0000000707e00000, 0x0000000708000000, 0x0000000708000000|100%| O|  |TAMS 0x0000000708000000, 0x0000000707e00000| Untracked 
|  50|0x0000000708000000, 0x0000000708200000, 0x0000000708200000|100%| O|  |TAMS 0x0000000708200000, 0x0000000708000000| Untracked 
|  51|0x0000000708200000, 0x0000000708400000, 0x0000000708400000|100%| O|  |TAMS 0x000000070827f000, 0x0000000708200000| Untracked 
|  52|0x0000000708400000, 0x0000000708600000, 0x0000000708600000|100%| O|  |TAMS 0x0000000708400000, 0x0000000708400000| Untracked 
|  53|0x0000000708600000, 0x0000000708800000, 0x0000000708800000|100%| O|  |TAMS 0x0000000708600000, 0x0000000708600000| Untracked 
|  54|0x0000000708800000, 0x00000007089c6e00, 0x0000000708a00000| 88%| O|  |TAMS 0x0000000708800000, 0x0000000708800000| Untracked 
|  55|0x0000000708a00000, 0x0000000708a00000, 0x0000000708c00000|  0%| F|  |TAMS 0x0000000708a00000, 0x0000000708a00000| Untracked 
|  56|0x0000000708c00000, 0x0000000708c00000, 0x0000000708e00000|  0%| F|  |TAMS 0x0000000708c00000, 0x0000000708c00000| Untracked 
|  57|0x0000000708e00000, 0x0000000708e00000, 0x0000000709000000|  0%| F|  |TAMS 0x0000000708e00000, 0x0000000708e00000| Untracked 
|  58|0x0000000709000000, 0x0000000709000000, 0x0000000709200000|  0%| F|  |TAMS 0x0000000709000000, 0x0000000709000000| Untracked 
|  59|0x0000000709200000, 0x0000000709200000, 0x0000000709400000|  0%| F|  |TAMS 0x0000000709200000, 0x0000000709200000| Untracked 
|  60|0x0000000709400000, 0x0000000709400000, 0x0000000709600000|  0%| F|  |TAMS 0x0000000709400000, 0x0000000709400000| Untracked 
|  61|0x0000000709600000, 0x0000000709600000, 0x0000000709800000|  0%| F|  |TAMS 0x0000000709600000, 0x0000000709600000| Untracked 
|  62|0x0000000709800000, 0x0000000709800000, 0x0000000709a00000|  0%| F|  |TAMS 0x0000000709800000, 0x0000000709800000| Untracked 
|  63|0x0000000709a00000, 0x0000000709a00000, 0x0000000709c00000|  0%| F|  |TAMS 0x0000000709a00000, 0x0000000709a00000| Untracked 
|  64|0x0000000709c00000, 0x0000000709c00000, 0x0000000709e00000|  0%| F|  |TAMS 0x0000000709c00000, 0x0000000709c00000| Untracked 
|  65|0x0000000709e00000, 0x0000000709e00000, 0x000000070a000000|  0%| F|  |TAMS 0x0000000709e00000, 0x0000000709e00000| Untracked 
|  66|0x000000070a000000, 0x000000070a000000, 0x000000070a200000|  0%| F|  |TAMS 0x000000070a000000, 0x000000070a000000| Untracked 
|  67|0x000000070a200000, 0x000000070a2cb330, 0x000000070a400000| 39%| S|CS|TAMS 0x000000070a200000, 0x000000070a200000| Complete 
|  68|0x000000070a400000, 0x000000070a600000, 0x000000070a600000|100%| S|CS|TAMS 0x000000070a400000, 0x000000070a400000| Complete 
|  69|0x000000070a600000, 0x000000070a800000, 0x000000070a800000|100%| S|CS|TAMS 0x000000070a600000, 0x000000070a600000| Complete 
|  70|0x000000070a800000, 0x000000070a800000, 0x000000070aa00000|  0%| F|  |TAMS 0x000000070a800000, 0x000000070a800000| Untracked 
|  71|0x000000070aa00000, 0x000000070aa00000, 0x000000070ac00000|  0%| F|  |TAMS 0x000000070aa00000, 0x000000070aa00000| Untracked 
|  72|0x000000070ac00000, 0x000000070ac00000, 0x000000070ae00000|  0%| F|  |TAMS 0x000000070ac00000, 0x000000070ac00000| Untracked 
|  73|0x000000070ae00000, 0x000000070ae00000, 0x000000070b000000|  0%| F|  |TAMS 0x000000070ae00000, 0x000000070ae00000| Untracked 
|  74|0x000000070b000000, 0x000000070b000000, 0x000000070b200000|  0%| F|  |TAMS 0x000000070b000000, 0x000000070b000000| Untracked 
|  75|0x000000070b200000, 0x000000070b2ad8d8, 0x000000070b400000| 33%| E|  |TAMS 0x000000070b200000, 0x000000070b200000| Complete 
|  76|0x000000070b400000, 0x000000070b600000, 0x000000070b600000|100%| E|CS|TAMS 0x000000070b400000, 0x000000070b400000| Complete 
|  77|0x000000070b600000, 0x000000070b800000, 0x000000070b800000|100%| E|CS|TAMS 0x000000070b600000, 0x000000070b600000| Complete 
|  78|0x000000070b800000, 0x000000070ba00000, 0x000000070ba00000|100%| E|CS|TAMS 0x000000070b800000, 0x000000070b800000| Complete 
|  79|0x000000070ba00000, 0x000000070bc00000, 0x000000070bc00000|100%| E|CS|TAMS 0x000000070ba00000, 0x000000070ba00000| Complete 
|  80|0x000000070bc00000, 0x000000070be00000, 0x000000070be00000|100%| E|CS|TAMS 0x000000070bc00000, 0x000000070bc00000| Complete 
|  81|0x000000070be00000, 0x000000070c000000, 0x000000070c000000|100%| E|CS|TAMS 0x000000070be00000, 0x000000070be00000| Complete 
|  82|0x000000070c000000, 0x000000070c200000, 0x000000070c200000|100%| E|CS|TAMS 0x000000070c000000, 0x000000070c000000| Complete 
| 114|0x0000000710000000, 0x0000000710200000, 0x0000000710200000|100%| E|CS|TAMS 0x0000000710000000, 0x0000000710000000| Complete 
| 115|0x0000000710200000, 0x0000000710400000, 0x0000000710400000|100%| E|CS|TAMS 0x0000000710200000, 0x0000000710200000| Complete 
| 123|0x0000000711200000, 0x0000000711400000, 0x0000000711400000|100%| E|CS|TAMS 0x0000000711200000, 0x0000000711200000| Complete 
| 124|0x0000000711400000, 0x0000000711600000, 0x0000000711600000|100%| E|CS|TAMS 0x0000000711400000, 0x0000000711400000| Complete 
| 125|0x0000000711600000, 0x0000000711800000, 0x0000000711800000|100%| E|CS|TAMS 0x0000000711600000, 0x0000000711600000| Complete 
| 126|0x0000000711800000, 0x0000000711a00000, 0x0000000711a00000|100%| E|CS|TAMS 0x0000000711800000, 0x0000000711800000| Complete 
| 127|0x0000000711a00000, 0x0000000711c00000, 0x0000000711c00000|100%| E|CS|TAMS 0x0000000711a00000, 0x0000000711a00000| Complete 

Card table byte_map: [0x000002683c510000,0x000002683cd10000] _byte_map_base: 0x0000026838d02000

Marking Bits (Prev, Next): (CMBitMap*) 0x000002682517e960, (CMBitMap*) 0x000002682517e9a0
 Prev Bits: [0x000002683d510000, 0x00000268414a0000)
 Next Bits: [0x00000268414a0000, 0x0000026845430000)

Polling page: 0x00000268248f0000

Metaspace:

Usage:
  Non-class:     54.57 MB used.
      Class:      6.57 MB used.
       Both:     61.14 MB used.

Virtual space:
  Non-class space:       64.00 MB reserved,      54.75 MB ( 86%) committed,  1 nodes.
      Class space:        1.00 GB reserved,       6.69 MB ( <1%) committed,  1 nodes.
             Both:        1.06 GB reserved,      61.44 MB (  6%) committed. 

Chunk freelists:
   Non-Class:  8.28 MB
       Class:  9.32 MB
        Both:  17.60 MB

MaxMetaspaceSize: unlimited
CompressedClassSpaceSize: 1.00 GB
Initial GC threshold: 21.00 MB
Current GC threshold: 95.62 MB
CDS: on
MetaspaceReclaimPolicy: balanced
 - commit_granule_bytes: 65536.
 - commit_granule_words: 8192.
 - virtual_space_node_default_size: 8388608.
 - enlarge_chunks_in_place: 1.
 - new_chunks_are_fully_committed: 0.
 - uncommit_free_chunks: 1.
 - use_allocation_guard: 0.
 - handle_deallocations: 1.


Internal statistics:

num_allocs_failed_limit: 12.
num_arena_births: 324.
num_arena_deaths: 0.
num_vsnodes_births: 2.
num_vsnodes_deaths: 0.
num_space_committed: 981.
num_space_uncommitted: 0.
num_chunks_returned_to_freelist: 12.
num_chunks_taken_from_freelist: 2509.
num_chunk_merges: 12.
num_chunk_splits: 2053.
num_chunks_enlarged: 1847.
num_inconsistent_stats: 0.

CodeHeap 'non-profiled nmethods': size=120000Kb used=8193Kb max_used=8903Kb free=111806Kb
 bounds [0x00000268344b0000, 0x0000026834d70000, 0x000002683b9e0000]
CodeHeap 'profiled nmethods': size=120000Kb used=43332Kb max_used=43332Kb free=76667Kb
 bounds [0x000002682c9e0000, 0x000002682f440000, 0x0000026833f10000]
CodeHeap 'non-nmethods': size=5760Kb used=1366Kb max_used=1463Kb free=4393Kb
 bounds [0x0000026833f10000, 0x0000026834180000, 0x00000268344b0000]
 total_blobs=12830 nmethods=12144 adapters=595
 compilation: enabled
              stopped_count=0, restarted_count=0
 full_count=0

Compilation events (20 events):
Event: 48.862 Thread 0x0000026847ea8720 14762       3       org.jetbrains.kotlin.fir.analysis.checkers.ArgumentInfo::smartCastType_delegate$lambda$0 (15 bytes)
Event: 48.862 Thread 0x0000026847ea8720 nmethod 14762 0x000002682eefcd10 code [0x000002682eefcec0, 0x000002682eefd068]
Event: 48.867 Thread 0x0000026847ea8720 14763       3       org.jetbrains.kotlin.fir.visitors.FirDefaultVisitor::visitThisReceiverExpression (17 bytes)
Event: 48.867 Thread 0x0000026847ea8720 nmethod 14763 0x000002682eefc210 code [0x000002682eefc420, 0x000002682eefcac8]
Event: 48.867 Thread 0x0000026847ea8720 14764       3       org.jetbrains.kotlin.fir.visitors.FirDefaultVisitor::visitThisReference (17 bytes)
Event: 48.868 Thread 0x0000026847ea8720 nmethod 14764 0x000002682e899f10 code [0x000002682e89a1a0, 0x000002682e89adc8]
Event: 48.869 Thread 0x0000026847ea8720 14765       3       org.jetbrains.kotlin.fir.visitors.FirVisitor::visitComparisonExpression (17 bytes)
Event: 48.869 Thread 0x0000026847ea8720 nmethod 14765 0x000002682e223e90 code [0x000002682e2240a0, 0x000002682e224748]
Event: 48.873 Thread 0x0000026847ea8720 14766       3       org.jetbrains.kotlin.fir.types.TypeUtilsKt::isSubtypeOf (54 bytes)
Event: 48.874 Thread 0x0000026847ea8720 nmethod 14766 0x000002682f434810 code [0x000002682f434c00, 0x000002682f436488]
Event: 48.877 Thread 0x0000026847ea8720 14767       3       org.jetbrains.kotlin.fir.expressions.FirWhileLoop::accept (13 bytes)
Event: 48.877 Thread 0x0000026847ea8720 nmethod 14767 0x000002682eedfa90 code [0x000002682eedfca0, 0x000002682eee0348]
Event: 48.878 Thread 0x0000026847ea8720 14768       3       org.jetbrains.kotlin.fir.analysis.checkers.FirTypeCompatibilityHelpersKt::isBuiltin (57 bytes)
Event: 48.878 Thread 0x0000026847ea8720 nmethod 14768 0x000002682eeded90 code [0x000002682eedefa0, 0x000002682eedf5d8]
Event: 48.878 Thread 0x0000026847ea8720 14769       3       org.jetbrains.kotlin.fir.analysis.checkers.FirTypeCompatibilityHelpersKt::isFinalClass (43 bytes)
Event: 48.879 Thread 0x0000026847ea8720 nmethod 14769 0x000002682e12f910 code [0x000002682e12fb00, 0x000002682e12ff98]
Event: 48.879 Thread 0x0000026847ea8720 14770       3       org.jetbrains.kotlin.fir.types.TypeUtilsKt::hasSubtypesAboveNothingAccordingToK1 (397 bytes)
Event: 48.882 Thread 0x0000026847ea8720 nmethod 14770 0x000002682f436d10 code [0x000002682f4372c0, 0x000002682f439e98]
Event: 48.882 Thread 0x0000026847ea8720 14771       3       org.jetbrains.kotlin.fir.analysis.checkers.TypeInfo::<init> (80 bytes)
Event: 48.883 Thread 0x0000026847ea8720 nmethod 14771 0x000002682eef1390 code [0x000002682eef16a0, 0x000002682eef27d8]

GC Heap History (20 events):
Event: 27.971 GC heap before
{Heap before GC invocations=17 (full 0):
 garbage-first heap   total 169984K, used 127410K [0x0000000701c00000, 0x0000000800000000)
  region size 2048K, 22 young (45056K), 3 survivors (6144K)
 Metaspace       used 56863K, committed 57216K, reserved 1114112K
  class space    used 6347K, committed 6528K, reserved 1048576K
}
Event: 27.992 GC heap after
{Heap after GC invocations=18 (full 0):
 garbage-first heap   total 169984K, used 93245K [0x0000000701c00000, 0x0000000800000000)
  region size 2048K, 2 young (4096K), 2 survivors (4096K)
 Metaspace       used 56863K, committed 57216K, reserved 1114112K
  class space    used 6347K, committed 6528K, reserved 1048576K
}
Event: 30.986 GC heap before
{Heap before GC invocations=19 (full 0):
 garbage-first heap   total 169984K, used 132157K [0x0000000701c00000, 0x0000000800000000)
  region size 2048K, 21 young (43008K), 2 survivors (4096K)
 Metaspace       used 57225K, committed 57600K, reserved 1114112K
  class space    used 6352K, committed 6528K, reserved 1048576K
}
Event: 31.003 GC heap after
{Heap after GC invocations=20 (full 0):
 garbage-first heap   total 169984K, used 98323K [0x0000000701c00000, 0x0000000800000000)
  region size 2048K, 3 young (6144K), 3 survivors (6144K)
 Metaspace       used 57225K, committed 57600K, reserved 1114112K
  class space    used 6352K, committed 6528K, reserved 1048576K
}
Event: 31.042 GC heap before
{Heap before GC invocations=20 (full 0):
 garbage-first heap   total 169984K, used 100371K [0x0000000701c00000, 0x0000000800000000)
  region size 2048K, 4 young (8192K), 3 survivors (6144K)
 Metaspace       used 57232K, committed 57600K, reserved 1114112K
  class space    used 6352K, committed 6528K, reserved 1048576K
}
Event: 31.053 GC heap after
{Heap after GC invocations=21 (full 0):
 garbage-first heap   total 169984K, used 98589K [0x0000000701c00000, 0x0000000800000000)
  region size 2048K, 1 young (2048K), 1 survivors (2048K)
 Metaspace       used 57232K, committed 57600K, reserved 1114112K
  class space    used 6352K, committed 6528K, reserved 1048576K
}
Event: 33.446 GC heap before
{Heap before GC invocations=21 (full 0):
 garbage-first heap   total 169984K, used 133405K [0x0000000701c00000, 0x0000000800000000)
  region size 2048K, 18 young (36864K), 1 survivors (2048K)
 Metaspace       used 57799K, committed 58112K, reserved 1114112K
  class space    used 6376K, committed 6528K, reserved 1048576K
}
Event: 33.457 GC heap after
{Heap after GC invocations=22 (full 0):
 garbage-first heap   total 169984K, used 101154K [0x0000000701c00000, 0x0000000800000000)
  region size 2048K, 2 young (4096K), 2 survivors (4096K)
 Metaspace       used 57799K, committed 58112K, reserved 1114112K
  class space    used 6376K, committed 6528K, reserved 1048576K
}
Event: 36.971 GC heap before
{Heap before GC invocations=23 (full 0):
 garbage-first heap   total 174080K, used 133922K [0x0000000701c00000, 0x0000000800000000)
  region size 2048K, 18 young (36864K), 2 survivors (4096K)
 Metaspace       used 58046K, committed 58368K, reserved 1114112K
  class space    used 6390K, committed 6528K, reserved 1048576K
}
Event: 36.983 GC heap after
{Heap after GC invocations=24 (full 0):
 garbage-first heap   total 174080K, used 103788K [0x0000000701c00000, 0x0000000800000000)
  region size 2048K, 3 young (6144K), 3 survivors (6144K)
 Metaspace       used 58046K, committed 58368K, reserved 1114112K
  class space    used 6390K, committed 6528K, reserved 1048576K
}
Event: 37.156 GC heap before
{Heap before GC invocations=24 (full 0):
 garbage-first heap   total 174080K, used 105836K [0x0000000701c00000, 0x0000000800000000)
  region size 2048K, 4 young (8192K), 3 survivors (6144K)
 Metaspace       used 58062K, committed 58368K, reserved 1114112K
  class space    used 6390K, committed 6528K, reserved 1048576K
}
Event: 37.165 GC heap after
{Heap after GC invocations=25 (full 0):
 garbage-first heap   total 174080K, used 103882K [0x0000000701c00000, 0x0000000800000000)
  region size 2048K, 1 young (2048K), 1 survivors (2048K)
 Metaspace       used 58062K, committed 58368K, reserved 1114112K
  class space    used 6390K, committed 6528K, reserved 1048576K
}
Event: 40.827 GC heap before
{Heap before GC invocations=25 (full 0):
 garbage-first heap   total 174080K, used 138698K [0x0000000701c00000, 0x0000000800000000)
  region size 2048K, 18 young (36864K), 1 survivors (2048K)
 Metaspace       used 58377K, committed 58752K, reserved 1114112K
  class space    used 6415K, committed 6592K, reserved 1048576K
}
Event: 40.834 GC heap after
{Heap after GC invocations=26 (full 0):
 garbage-first heap   total 174080K, used 105757K [0x0000000701c00000, 0x0000000800000000)
  region size 2048K, 2 young (4096K), 2 survivors (4096K)
 Metaspace       used 58377K, committed 58752K, reserved 1114112K
  class space    used 6415K, committed 6592K, reserved 1048576K
}
Event: 43.128 GC heap before
{Heap before GC invocations=27 (full 0):
 garbage-first heap   total 184320K, used 140573K [0x0000000701c00000, 0x0000000800000000)
  region size 2048K, 19 young (38912K), 2 survivors (4096K)
 Metaspace       used 58593K, committed 58944K, reserved 1114112K
  class space    used 6426K, committed 6592K, reserved 1048576K
}
Event: 43.140 GC heap after
{Heap after GC invocations=28 (full 0):
 garbage-first heap   total 184320K, used 110923K [0x0000000701c00000, 0x0000000800000000)
  region size 2048K, 3 young (6144K), 3 survivors (6144K)
 Metaspace       used 58593K, committed 58944K, reserved 1114112K
  class space    used 6426K, committed 6592K, reserved 1048576K
}
Event: 43.218 GC heap before
{Heap before GC invocations=28 (full 0):
 garbage-first heap   total 184320K, used 112971K [0x0000000701c00000, 0x0000000800000000)
  region size 2048K, 4 young (8192K), 3 survivors (6144K)
 Metaspace       used 58594K, committed 58944K, reserved 1114112K
  class space    used 6426K, committed 6592K, reserved 1048576K
}
Event: 43.232 GC heap after
{Heap after GC invocations=29 (full 0):
 garbage-first heap   total 184320K, used 111404K [0x0000000701c00000, 0x0000000800000000)
  region size 2048K, 1 young (2048K), 1 survivors (2048K)
 Metaspace       used 58594K, committed 58944K, reserved 1114112K
  class space    used 6426K, committed 6592K, reserved 1048576K
}
Event: 44.903 GC heap before
{Heap before GC invocations=29 (full 0):
 garbage-first heap   total 184320K, used 150316K [0x0000000701c00000, 0x0000000800000000)
  region size 2048K, 20 young (40960K), 1 survivors (2048K)
 Metaspace       used 60062K, committed 60416K, reserved 1114112K
  class space    used 6555K, committed 6720K, reserved 1048576K
}
Event: 44.911 GC heap after
{Heap after GC invocations=30 (full 0):
 garbage-first heap   total 184320K, used 115272K [0x0000000701c00000, 0x0000000800000000)
  region size 2048K, 3 young (6144K), 3 survivors (6144K)
 Metaspace       used 60062K, committed 60416K, reserved 1114112K
  class space    used 6555K, committed 6720K, reserved 1048576K
}

Deoptimization events (20 events):
Event: 48.694 Thread 0x0000026825112ac0 Uncommon trap: trap_request=0xffffff66 fr.pc=0x00000268349e2204 relative=0x0000000000004684
Event: 48.694 Thread 0x0000026825112ac0 Uncommon trap: reason=speculate_class_check action=maybe_recompile pc=0x00000268349e2204 method=org.jetbrains.kotlin.fir.declarations.FirAnnotationUtilsKt.getAnnotationByClassId(Lorg/jetbrains/kotlin/fir/FirAnnotationContainer;Lorg/jetbrains/kotlin/name/C
Event: 48.694 Thread 0x0000026825112ac0 DEOPT PACKING pc=0x00000268349e2204 sp=0x000000913cdfceb0
Event: 48.694 Thread 0x0000026825112ac0 DEOPT UNPACKING pc=0x0000026833f623a3 sp=0x000000913cdfce30 mode 2
Event: 48.695 Thread 0x0000026825112ac0 Uncommon trap: trap_request=0xffffff66 fr.pc=0x00000268349e2204 relative=0x0000000000004684
Event: 48.695 Thread 0x0000026825112ac0 Uncommon trap: reason=speculate_class_check action=maybe_recompile pc=0x00000268349e2204 method=org.jetbrains.kotlin.fir.declarations.FirAnnotationUtilsKt.getAnnotationByClassId(Lorg/jetbrains/kotlin/fir/FirAnnotationContainer;Lorg/jetbrains/kotlin/name/C
Event: 48.695 Thread 0x0000026825112ac0 DEOPT PACKING pc=0x00000268349e2204 sp=0x000000913cdfc680
Event: 48.695 Thread 0x0000026825112ac0 DEOPT UNPACKING pc=0x0000026833f623a3 sp=0x000000913cdfc600 mode 2
Event: 48.695 Thread 0x0000026825112ac0 Uncommon trap: trap_request=0xffffff66 fr.pc=0x00000268349e2204 relative=0x0000000000004684
Event: 48.695 Thread 0x0000026825112ac0 Uncommon trap: reason=speculate_class_check action=maybe_recompile pc=0x00000268349e2204 method=org.jetbrains.kotlin.fir.declarations.FirAnnotationUtilsKt.getAnnotationByClassId(Lorg/jetbrains/kotlin/fir/FirAnnotationContainer;Lorg/jetbrains/kotlin/name/C
Event: 48.695 Thread 0x0000026825112ac0 DEOPT PACKING pc=0x00000268349e2204 sp=0x000000913cdfcb80
Event: 48.695 Thread 0x0000026825112ac0 DEOPT UNPACKING pc=0x0000026833f623a3 sp=0x000000913cdfcb00 mode 2
Event: 48.696 Thread 0x0000026825112ac0 Uncommon trap: trap_request=0xffffff66 fr.pc=0x00000268349e2204 relative=0x0000000000004684
Event: 48.696 Thread 0x0000026825112ac0 Uncommon trap: reason=speculate_class_check action=maybe_recompile pc=0x00000268349e2204 method=org.jetbrains.kotlin.fir.declarations.FirAnnotationUtilsKt.getAnnotationByClassId(Lorg/jetbrains/kotlin/fir/FirAnnotationContainer;Lorg/jetbrains/kotlin/name/C
Event: 48.696 Thread 0x0000026825112ac0 DEOPT PACKING pc=0x00000268349e2204 sp=0x000000913cdfd440
Event: 48.696 Thread 0x0000026825112ac0 DEOPT UNPACKING pc=0x0000026833f623a3 sp=0x000000913cdfd3c0 mode 2
Event: 48.770 Thread 0x0000026825112ac0 Uncommon trap: trap_request=0xffffff6e fr.pc=0x0000026834aa9314 relative=0x0000000000000254
Event: 48.770 Thread 0x0000026825112ac0 Uncommon trap: reason=loop_limit_check action=maybe_recompile pc=0x0000026834aa9314 method=org.jetbrains.kotlin.fir.analysis.checkers.FirHelpersKt.isLhsOfAssignment(Lorg/jetbrains/kotlin/fir/FirElement;Lorg/jetbrains/kotlin/fir/analysis/checkers/context/C
Event: 48.770 Thread 0x0000026825112ac0 DEOPT PACKING pc=0x0000026834aa9314 sp=0x000000913cdfc880
Event: 48.770 Thread 0x0000026825112ac0 DEOPT UNPACKING pc=0x0000026833f623a3 sp=0x000000913cdfc7f8 mode 2

Classes unloaded (0 events):
No events

Classes redefined (0 events):
No events

Internal exceptions (20 events):
Event: 20.017 Thread 0x0000026825112ac0 Exception <a 'java/lang/NoSuchMethodError'{0x00000007101405f8}: 'java.lang.Object java.lang.invoke.DirectMethodHandle$Holder.newInvokeSpecial(java.lang.Object, java.lang.Object, java.lang.Object, java.lang.Object, java.lang.Object, java.lang.Object, java.lang.Object, java.lang.Object, java.lang.Object)'> (0x00000007101405f8) 
thrown [s\open\src\hotspot\share\interpreter\linkResolver.cpp, line 759]
Event: 20.018 Thread 0x0000026825112ac0 Exception <a 'java/lang/NoSuchMethodError'{0x0000000710146408}: 'java.lang.Object java.lang.invoke.DirectMethodHandle$Holder.invokeSpecial(java.lang.Object, java.lang.Object, java.lang.Object, java.lang.Object, java.lang.Object, java.lang.Object, java.lang.Object, java.lang.Object, java.lang.Object, java.lang.Object)'> (0x0000000710146408) 
thrown [s\open\src\hotspot\share\interpreter\linkResolver.cpp, line 759]
Event: 20.019 Thread 0x0000026825112ac0 Exception <a 'java/lang/NoSuchMethodError'{0x000000071014b1c8}: 'java.lang.Object java.lang.invoke.Invokers$Holder.linkToTargetMethod(java.lang.Object, java.lang.Object, java.lang.Object, java.lang.Object, java.lang.Object, java.lang.Object, java.lang.Object, java.lang.Object, java.lang.Object)'> (0x000000071014b1c8) 
thrown [s\open\src\hotspot\share\interpreter\linkResolver.cpp, line 759]
Event: 20.059 Thread 0x0000026825112ac0 Exception <a 'java/lang/NoSuchMethodError'{0x00000007101f6920}: 'java.lang.Object java.lang.invoke.DirectMethodHandle$Holder.invokeStatic(java.lang.Object, java.lang.Object, java.lang.Object, int, java.lang.Object, java.lang.Object)'> (0x00000007101f6920) 
thrown [s\open\src\hotspot\share\interpreter\linkResolver.cpp, line 759]
Event: 20.551 Thread 0x0000026825112ac0 Exception <a 'java/lang/NoSuchMethodError'{0x0000000711a7c318}: 'java.lang.Object java.lang.invoke.DirectMethodHandle$Holder.invokeStatic(java.lang.Object, int, java.lang.Object)'> (0x0000000711a7c318) 
thrown [s\open\src\hotspot\share\interpreter\linkResolver.cpp, line 759]
Event: 20.554 Thread 0x0000026825112ac0 Exception <a 'java/lang/NoSuchMethodError'{0x0000000711a908f8}: 'java.lang.Object java.lang.invoke.DirectMethodHandle$Holder.newInvokeSpecial(java.lang.Object, java.lang.Object, java.lang.Object, java.lang.Object, java.lang.Object, int)'> (0x0000000711a908f8) 
thrown [s\open\src\hotspot\share\interpreter\linkResolver.cpp, line 759]
Event: 20.555 Thread 0x0000026825112ac0 Exception <a 'java/lang/NoSuchMethodError'{0x0000000711a95800}: 'java.lang.Object java.lang.invoke.DirectMethodHandle$Holder.invokeSpecial(java.lang.Object, java.lang.Object, java.lang.Object, java.lang.Object, java.lang.Object, java.lang.Object, int)'> (0x0000000711a95800) 
thrown [s\open\src\hotspot\share\interpreter\linkResolver.cpp, line 759]
Event: 20.555 Thread 0x0000026825112ac0 Exception <a 'java/lang/NoSuchMethodError'{0x0000000711a9bcd0}: 'java.lang.Object java.lang.invoke.Invokers$Holder.linkToTargetMethod(java.lang.Object, java.lang.Object, java.lang.Object, java.lang.Object, int, java.lang.Object)'> (0x0000000711a9bcd0) 
thrown [s\open\src\hotspot\share\interpreter\linkResolver.cpp, line 759]
Event: 22.869 Thread 0x0000026825112ac0 Exception <a 'java/lang/NoSuchMethodError'{0x000000071192cf18}: 'java.lang.Object java.lang.invoke.DirectMethodHandle$Holder.invokeStatic(java.lang.Object, int, java.lang.Object, java.lang.Object)'> (0x000000071192cf18) 
thrown [s\open\src\hotspot\share\interpreter\linkResolver.cpp, line 759]
Event: 23.052 Thread 0x0000026825112ac0 Exception <a 'java/lang/NoSuchMethodError'{0x00000007117d2b88}: 'java.lang.Object java.lang.invoke.DirectMethodHandle$Holder.newInvokeSpecial(java.lang.Object, int, java.lang.Object, java.lang.Object, java.lang.Object)'> (0x00000007117d2b88) 
thrown [s\open\src\hotspot\share\interpreter\linkResolver.cpp, line 759]
Event: 23.052 Thread 0x0000026825112ac0 Exception <a 'java/lang/NoSuchMethodError'{0x00000007117d7578}: 'java.lang.Object java.lang.invoke.DirectMethodHandle$Holder.invokeSpecial(java.lang.Object, java.lang.Object, int, java.lang.Object, java.lang.Object, java.lang.Object)'> (0x00000007117d7578) 
thrown [s\open\src\hotspot\share\interpreter\linkResolver.cpp, line 759]
Event: 23.053 Thread 0x0000026825112ac0 Exception <a 'java/lang/NoSuchMethodError'{0x00000007117db570}: 'java.lang.Object java.lang.invoke.Invokers$Holder.linkToTargetMethod(int, java.lang.Object, java.lang.Object, java.lang.Object, java.lang.Object)'> (0x00000007117db570) 
thrown [s\open\src\hotspot\share\interpreter\linkResolver.cpp, line 759]
Event: 23.660 Thread 0x0000026825112ac0 Exception <a 'java/lang/NoSuchMethodError'{0x000000070b2e9e38}: 'java.lang.Object java.lang.invoke.DirectMethodHandle$Holder.newInvokeSpecial(java.lang.Object, java.lang.Object, java.lang.Object, java.lang.Object, java.lang.Object, java.lang.Object, int)'> (0x000000070b2e9e38) 
thrown [s\open\src\hotspot\share\interpreter\linkResolver.cpp, line 759]
Event: 23.660 Thread 0x0000026825112ac0 Exception <a 'java/lang/NoSuchMethodError'{0x000000070b2ef628}: 'java.lang.Object java.lang.invoke.DirectMethodHandle$Holder.invokeSpecial(java.lang.Object, java.lang.Object, java.lang.Object, java.lang.Object, java.lang.Object, java.lang.Object, java.lang.Object, int)'> (0x000000070b2ef628) 
thrown [s\open\src\hotspot\share\interpreter\linkResolver.cpp, line 759]
Event: 25.131 Thread 0x0000026825112ac0 Implicit null exception at 0x00000268348569ec to 0x00000268348573d4
Event: 25.131 Thread 0x0000026825112ac0 Implicit null exception at 0x00000268349040f0 to 0x0000026834905914
Event: 43.536 Thread 0x0000026825112ac0 Implicit null exception at 0x0000026834bc5209 to 0x0000026834bc5ef0
Event: 45.195 Thread 0x0000026825112ac0 Exception <a 'java/lang/NoSuchMethodError'{0x000000071164d198}: 'java.lang.Object java.lang.invoke.DirectMethodHandle$Holder.invokeStaticInit(java.lang.Object, int, int, java.lang.Object)'> (0x000000071164d198) 
thrown [s\open\src\hotspot\share\interpreter\linkResolver.cpp, line 759]
Event: 45.229 Thread 0x0000026825112ac0 Implicit null exception at 0x00000268347c1055 to 0x00000268347c1238
Event: 45.924 Thread 0x0000026825112ac0 Exception <a 'java/lang/NoSuchMethodError'{0x000000071131aaf8}: 'java.lang.Object java.lang.invoke.DirectMethodHandle$Holder.invokeStatic(java.lang.Object, java.lang.Object, java.lang.Object, java.lang.Object, java.lang.Object, int)'> (0x000000071131aaf8) 
thrown [s\open\src\hotspot\share\interpreter\linkResolver.cpp, line 759]

VM Operations (20 events):
Event: 46.083 Executing VM operation: HandshakeAllThreads
Event: 46.083 Executing VM operation: HandshakeAllThreads done
Event: 46.337 Executing VM operation: ICBufferFull
Event: 46.338 Executing VM operation: ICBufferFull done
Event: 46.596 Executing VM operation: ICBufferFull
Event: 46.596 Executing VM operation: ICBufferFull done
Event: 46.887 Executing VM operation: ICBufferFull
Event: 46.887 Executing VM operation: ICBufferFull done
Event: 47.253 Executing VM operation: ICBufferFull
Event: 47.254 Executing VM operation: ICBufferFull done
Event: 47.462 Executing VM operation: HandshakeAllThreads
Event: 47.516 Executing VM operation: HandshakeAllThreads done
Event: 47.576 Executing VM operation: HandshakeAllThreads
Event: 47.577 Executing VM operation: HandshakeAllThreads done
Event: 47.873 Executing VM operation: ICBufferFull
Event: 47.873 Executing VM operation: ICBufferFull done
Event: 47.943 Executing VM operation: HandshakeAllThreads
Event: 47.943 Executing VM operation: HandshakeAllThreads done
Event: 48.411 Executing VM operation: ICBufferFull
Event: 48.411 Executing VM operation: ICBufferFull done

Events (20 events):
Event: 47.977 Thread 0x0000026847eb5940 flushing nmethod 0x000002682ef3cb10
Event: 47.977 Thread 0x0000026847eb5940 flushing nmethod 0x000002682ef3f910
Event: 47.977 Thread 0x0000026847eb5940 flushing nmethod 0x000002682ef43210
Event: 47.977 Thread 0x0000026847eb5940 flushing nmethod 0x000002682ef68310
Event: 47.977 Thread 0x0000026847eb5940 flushing nmethod 0x000002682ef73490
Event: 47.977 Thread 0x0000026847eb5940 flushing nmethod 0x000002682ef74710
Event: 47.977 Thread 0x0000026847eb5940 flushing nmethod 0x000002682ef77110
Event: 47.977 Thread 0x0000026847eb5940 flushing nmethod 0x000002682ef79090
Event: 47.977 Thread 0x0000026847eb5940 flushing nmethod 0x000002682ef79490
Event: 47.977 Thread 0x0000026847eb5940 flushing nmethod 0x000002682ef7d190
Event: 47.977 Thread 0x0000026847eb5940 flushing nmethod 0x000002682ef7d590
Event: 47.977 Thread 0x0000026847eb5940 flushing nmethod 0x000002682ef7d990
Event: 47.977 Thread 0x0000026847eb5940 flushing nmethod 0x000002682efc6210
Event: 47.977 Thread 0x0000026847eb5940 flushing nmethod 0x000002682efebb90
Event: 47.977 Thread 0x0000026847eb5940 flushing nmethod 0x000002682efed610
Event: 47.977 Thread 0x0000026847eb5940 flushing nmethod 0x000002682efedf10
Event: 47.977 Thread 0x0000026847eb5940 flushing nmethod 0x000002682efeef90
Event: 47.977 Thread 0x0000026847eb5940 flushing nmethod 0x000002682efef390
Event: 47.977 Thread 0x0000026847eb5940 flushing nmethod 0x000002682eff1110
Event: 47.977 Thread 0x0000026847eb5940 flushing nmethod 0x000002682eff1510


Dynamic libraries:
0x00007ff631e90000 - 0x00007ff631ea0000 	D:\Java\jdk-17\bin\java.exe
0x00007fff7f960000 - 0x00007fff7fb69000 	C:\Windows\SYSTEM32\ntdll.dll
0x00007fff7e6d0000 - 0x00007fff7e78d000 	C:\Windows\System32\KERNEL32.DLL
0x00007fff7cfd0000 - 0x00007fff7d354000 	C:\Windows\System32\KERNELBASE.dll
0x00007fff7d5a0000 - 0x00007fff7d6b1000 	C:\Windows\System32\ucrtbase.dll
0x00007fff77d40000 - 0x00007fff77d59000 	D:\Java\jdk-17\bin\jli.dll
0x00007fff55510000 - 0x00007fff5552b000 	D:\Java\jdk-17\bin\VCRUNTIME140.dll
0x00007fff7e7a0000 - 0x00007fff7e84e000 	C:\Windows\System32\ADVAPI32.dll
0x00007fff7e940000 - 0x00007fff7e9e3000 	C:\Windows\System32\msvcrt.dll
0x00007fff7e460000 - 0x00007fff7e4fe000 	C:\Windows\System32\sechost.dll
0x00007fff7ed30000 - 0x00007fff7ee51000 	C:\Windows\System32\RPCRT4.dll
0x00007fff7dab0000 - 0x00007fff7dc5d000 	C:\Windows\System32\USER32.dll
0x00007fff7d6c0000 - 0x00007fff7d6e6000 	C:\Windows\System32\win32u.dll
0x00007fff7d7b0000 - 0x00007fff7d7da000 	C:\Windows\System32\GDI32.dll
0x00007fff7d360000 - 0x00007fff7d47e000 	C:\Windows\System32\gdi32full.dll
0x00007fff7d500000 - 0x00007fff7d59d000 	C:\Windows\System32\msvcp_win.dll
0x00007fff5fda0000 - 0x00007fff60045000 	C:\Windows\WinSxS\amd64_microsoft.windows.common-controls_6595b64144ccf1df_6.0.22000.120_none_9d947278b86cc467\COMCTL32.dll
0x00007fff78110000 - 0x00007fff7811a000 	C:\Windows\SYSTEM32\VERSION.dll
0x00007fff7f8c0000 - 0x00007fff7f8f1000 	C:\Windows\System32\IMM32.DLL
0x00007fff55530000 - 0x00007fff5553c000 	D:\Java\jdk-17\bin\vcruntime140_1.dll
0x00007fff55480000 - 0x00007fff5550e000 	D:\Java\jdk-17\bin\msvcp140.dll
0x00007fff421f0000 - 0x00007fff42dd0000 	D:\Java\jdk-17\bin\server\jvm.dll
0x00007fff7d850000 - 0x00007fff7d858000 	C:\Windows\System32\PSAPI.DLL
0x00007fff77b80000 - 0x00007fff77b89000 	C:\Windows\SYSTEM32\WSOCK32.dll
0x00007fff7f850000 - 0x00007fff7f8bf000 	C:\Windows\System32\WS2_32.dll
0x00007fff67730000 - 0x00007fff67763000 	C:\Windows\SYSTEM32\WINMM.dll
0x00007fff7bf50000 - 0x00007fff7bf68000 	C:\Windows\SYSTEM32\kernel.appcore.dll
0x00007fff76d90000 - 0x00007fff76d9a000 	D:\Java\jdk-17\bin\jimage.dll
0x00007fff77d60000 - 0x00007fff77f81000 	C:\Windows\SYSTEM32\DBGHELP.DLL
0x00007fff53d00000 - 0x00007fff53d31000 	C:\Windows\SYSTEM32\dbgcore.DLL
0x00007fff7d480000 - 0x00007fff7d4ff000 	C:\Windows\System32\bcryptPrimitives.dll
0x00007fff72a30000 - 0x00007fff72a55000 	D:\Java\jdk-17\bin\java.dll
0x00007fff54570000 - 0x00007fff54647000 	D:\Java\jdk-17\bin\jsvml.dll
0x00007fff7f080000 - 0x00007fff7f845000 	C:\Windows\System32\SHELL32.dll
0x00007fff7aed0000 - 0x00007fff7b732000 	C:\Windows\SYSTEM32\windows.storage.dll
0x00007fff7dc60000 - 0x00007fff7dfd6000 	C:\Windows\System32\combase.dll
0x00007fff7ad60000 - 0x00007fff7aec7000 	C:\Windows\SYSTEM32\wintypes.dll
0x00007fff7ef90000 - 0x00007fff7f07a000 	C:\Windows\System32\SHCORE.dll
0x00007fff7ecb0000 - 0x00007fff7ed0d000 	C:\Windows\System32\shlwapi.dll
0x00007fff7cd20000 - 0x00007fff7cd45000 	C:\Windows\SYSTEM32\profapi.dll
0x00007fff66dd0000 - 0x00007fff66de9000 	D:\Java\jdk-17\bin\net.dll
0x00007fff77a60000 - 0x00007fff77b74000 	C:\Windows\SYSTEM32\WINHTTP.dll
0x00007fff7c400000 - 0x00007fff7c467000 	C:\Windows\system32\mswsock.dll
0x00007fff66a70000 - 0x00007fff66a86000 	D:\Java\jdk-17\bin\nio.dll
0x00007fff66720000 - 0x00007fff66738000 	D:\Java\jdk-17\bin\zip.dll
0x00007fff66710000 - 0x00007fff66720000 	D:\Java\jdk-17\bin\verify.dll

dbghelp: loaded successfully - version: 4.0.5 - missing functions: none
symbol engine: initialized successfully - sym options: 0x614 - pdb path: .;D:\Java\jdk-17\bin;C:\Windows\SYSTEM32;C:\Windows\WinSxS\amd64_microsoft.windows.common-controls_6595b64144ccf1df_6.0.22000.120_none_9d947278b86cc467;D:\Java\jdk-17\bin\server

VM Arguments:
java_command: org.jetbrains.kotlin.cli.jvm.K2JVMCompiler @E:\Descktop\MentoraAppNew\node_modules\react-native-screens\android\build\20260209_17028353212929398729.compiler.options
java_class_path (initial): C:\Users\hp\.gradle\caches\modules-2\files-2.1\org.jetbrains.kotlin\kotlin-compiler-embeddable\2.1.20\4ef56b3316798316bfac7a0ae443391c9e900ea1\kotlin-compiler-embeddable-2.1.20.jar;C:\Users\hp\.gradle\caches\modules-2\files-2.1\org.jetbrains.kotlin\kotlin-stdlib\2.1.20\aa8ca79cd50578314f6d1180c47cbe14c0fee567\kotlin-stdlib-2.1.20.jar;C:\Users\hp\.gradle\caches\modules-2\files-2.1\org.jetbrains.kotlin\kotlin-script-runtime\2.1.20\f7c623d7f7bdb01f5ccd6b437bc0a937fcd7c57e\kotlin-script-runtime-2.1.20.jar;C:\Users\hp\.gradle\caches\modules-2\files-2.1\org.jetbrains.kotlin\kotlin-reflect\1.6.10\1cbe9c92c12a94eea200d23c2bbaedaf3daf5132\kotlin-reflect-1.6.10.jar;C:\Users\hp\.gradle\caches\modules-2\files-2.1\org.jetbrains.kotlin\kotlin-daemon-embeddable\2.1.20\95670fce77befd02a70a0bc3abe8ee4533521334\kotlin-daemon-embeddable-2.1.20.jar;C:\Users\hp\.gradle\caches\modules-2\files-2.1\org.jetbrains.intellij.deps\trove4j\1.0.20200330\3afb14d5f9ceb459d724e907a21145e8ff394f02\trove4j-1.0.20200330.jar;C:\Users\hp\.gradle\caches\modules-2\files-2.1\org.jetbrains.kotlinx\kotlinx-coroutines-core-jvm\1.8.0\ac1dc37a30a93150b704022f8d895ee1bd3a36b3\kotlinx-coroutines-core-jvm-1.8.0.jar;C:\Users\hp\.gradle\caches\modules-2\files-2.1\org.jetbrains\annotations\13.0\919f0dfe192fb4e063e7dacadee7f8bb9a2672a9\annotations-13.0.jar
Launcher Type: SUN_STANDARD

[Global flags]
     intx CICompilerCount                          = 4                                         {product} {ergonomic}
     uint ConcGCThreads                            = 2                                         {product} {ergonomic}
     uint G1ConcRefinementThreads                  = 8                                         {product} {ergonomic}
   size_t G1HeapRegionSize                         = 2097152                                   {product} {ergonomic}
    uintx GCDrainStackTargetSize                   = 64                                        {product} {ergonomic}
   size_t InitialHeapSize                          = 268435456                                 {product} {ergonomic}
   size_t MarkStackSize                            = 4194304                                   {product} {ergonomic}
   size_t MaxHeapSize                              = 4265607168                                {product} {ergonomic}
   size_t MaxNewSize                               = 2558525440                                {product} {ergonomic}
   size_t MinHeapDeltaBytes                        = 2097152                                   {product} {ergonomic}
   size_t MinHeapSize                              = 8388608                                   {product} {ergonomic}
    uintx NonNMethodCodeHeapSize                   = 5839372                                {pd product} {ergonomic}
    uintx NonProfiledCodeHeapSize                  = 122909434                              {pd product} {ergonomic}
    uintx ProfiledCodeHeapSize                     = 122909434                              {pd product} {ergonomic}
    uintx ReservedCodeCacheSize                    = 251658240                              {pd product} {ergonomic}
     bool SegmentedCodeCache                       = true                                      {product} {ergonomic}
   size_t SoftMaxHeapSize                          = 4265607168                             {manageable} {ergonomic}
     bool UseCompressedClassPointers               = true                           {product lp64_product} {ergonomic}
     bool UseCompressedOops                        = true                           {product lp64_product} {ergonomic}
     bool UseG1GC                                  = true                                      {product} {ergonomic}
     bool UseLargePagesIndividualAllocation        = false                                  {pd product} {ergonomic}

Logging:
Log output configuration:
 #0: stdout all=warning uptime,level,tags
 #1: stderr all=off uptime,level,tags

Environment Variables:
JAVA_HOME=D:\Java\jdk-17
PATH=E:\Descktop\MentoraAppNew\node_modules\.bin;E:\Descktop\MentoraAppNew\node_modules\.bin;E:\Descktop\node_modules\.bin;E:\node_modules\.bin;D:\nodejs\node_modules\npm\node_modules\@npmcli\run-script\lib\node-gyp-bin;C:\Windows\system32;C:\Windows;C:\Windows\System32\Wbem;C:\Windows\System32\WindowsPowerShell\v1.0\;C:\Windows\System32\OpenSSH\;C:\nodejs;C:\Program Files\Git\cmd;D:\Programe Files\Java\jdk-17\bin;D:\nodejs;D:\gradle-9.3.1\bin;D:\Java\jdk-17\bin;D:\Java\jdk-17\bin;C:\Users\hp\AppData\Local\Microsoft\WindowsApps;C:\Users\hp\AppData\Local\Programs\Microsoft VS Code\bin;C:\Users\hp\AppData\Local\Programs\cursor\resources\app\bin;C:\Users\hp\AppData\Local\Android\Sdk\platform-tools;
USERNAME=hp
OS=Windows_NT
PROCESSOR_IDENTIFIER=Intel64 Family 6 Model 94 Stepping 3, GenuineIntel



---------------  S Y S T E M  ---------------

OS:
 Windows 11 , 64 bit Build 22000 (10.0.22000.2538)
OS uptime: 0 days 2:00 hours

CPU: total 8 (initial active 8) (4 cores per cpu, 2 threads per core) family 6 model 94 stepping 3 microcode 0xd6, cx8, cmov, fxsr, ht, mmx, 3dnowpref, sse, sse2, sse3, ssse3, sse4.1, sse4.2, popcnt, lzcnt, tsc, tscinvbit, avx, avx2, aes, erms, clmul, bmi1, bmi2, rtm, adx, fma, vzeroupper, clflush, clflushopt

Memory: 4k page, system-wide physical 16264M (71M free)
TotalPageFile size 22511M (AvailPageFile size 0M)
current process WorkingSet (physical memory assigned to process): 419M, peak: 421M
current process commit charge ("private bytes"): 456M, peak: 459M

vm_info: Java HotSpot(TM) 64-Bit Server VM (17.0.12+8-LTS-286) for windows-amd64 JRE (17.0.12+8-LTS-286), built on Jun  5 2024 06:46:59 by "mach5one" with MS VC++ 17.6 (VS2022)

END.
