#
# There is insufficient memory for the Java Runtime Environment to continue.
# Native memory allocation (malloc) failed to allocate 2232048 bytes for Chunk::new
# Possible reasons:
#   The system is out of physical RAM or swap space
#   The process is running with CompressedOops enabled, and the Java Heap may be blocking the growth of the native heap
# Possible solutions:
#   Reduce memory load on the system
#   Increase physical memory or swap space
#   Check if swap backing store is full
#   Decrease Java heap size (-Xmx/-Xms)
#   Decrease number of Java threads
#   Decrease Java thread stack sizes (-Xss)
#   Set larger code cache with -XX:ReservedCodeCacheSize=
#   JVM is running with Zero Based Compressed Oops mode in which the Java heap is
#     placed in the first 32GB address space. The Java Heap base address is the
#     maximum limit for the native heap growth. Please use -XX:HeapBaseMinAddress
#     to set the Java Heap base and to place the Java Heap above 32GB virtual address.
# This output file may be truncated or incomplete.
#
#  Out of Memory Error (arena.cpp:189), pid=23700, tid=10688
#
# JRE version: Java(TM) SE Runtime Environment (17.0.12+8) (build 17.0.12+8-LTS-286)
# Java VM: Java HotSpot(TM) 64-Bit Server VM (17.0.12+8-LTS-286, mixed mode, sharing, tiered, compressed oops, compressed class ptrs, g1 gc, windows-amd64)
# No core dump will be written. Minidumps are not enabled by default on client versions of Windows
#

---------------  S U M M A R Y ------------

Command Line: org.jetbrains.kotlin.cli.jvm.K2JVMCompiler @E:\Descktop\MentoraAppNew\node_modules\react-native-safe-area-context\android\build\20260206_15250605823071308694.compiler.options

Host: Intel(R) Core(TM) i7-6700HQ CPU @ 2.60GHz, 8 cores, 15G,  Windows 11 , 64 bit Build 22000 (10.0.22000.2538)
Time: Fri Feb  6 23:57:38 2026 Egypt Standard Time elapsed time: 25.650984 seconds (0d 0h 0m 25s)

---------------  T H R E A D  ---------------

Current thread (0x00000170c5021d50):  JavaThread "C2 CompilerThread0" daemon [_thread_in_native, id=10688, stack(0x00000048c5b00000,0x00000048c5c00000)]


Current CompileTask:
C2:  25651 8139       4       org.jetbrains.org.objectweb.asm.ClassReader::accept (1401 bytes)

Stack: [0x00000048c5b00000,0x00000048c5c00000]
Native frames: (J=compiled Java code, j=interpreted, Vv=VM code, C=native code)
V  [jvm.dll+0x67a04a]
V  [jvm.dll+0x7da4ed]
V  [jvm.dll+0x7dbe33]
V  [jvm.dll+0x7dc4a3]
V  [jvm.dll+0x24508f]
V  [jvm.dll+0xab773]
V  [jvm.dll+0xabd3c]
V  [jvm.dll+0x361bee]
V  [jvm.dll+0x32c431]
V  [jvm.dll+0x32b8ca]
V  [jvm.dll+0x21683f]
V  [jvm.dll+0x215c6f]
V  [jvm.dll+0x1a2960]
V  [jvm.dll+0x22610b]
V  [jvm.dll+0x2242ab]
V  [jvm.dll+0x79075c]
V  [jvm.dll+0x78abea]
V  [jvm.dll+0x678f35]
C  [ucrtbase.dll+0x26c0c]
C  [KERNEL32.DLL+0x153e0]
C  [ntdll.dll+0x485b]


---------------  P R O C E S S  ---------------

Threads class SMR info:
_java_thread_list=0x00000170cb83c7e0, length=12, elements={
0x00000170d8543680, 0x00000170fb1ce8d0, 0x00000170c5005470, 0x00000170c501b210,
0x00000170c501c7f0, 0x00000170c501cdc0, 0x00000170c501d390, 0x00000170c5021d50,
0x00000170c5091080, 0x00000170c50a3680, 0x00000170c5154e40, 0x00000170c515bb90
}

Java Threads: ( => current thread )
  0x00000170d8543680 JavaThread "main" [_thread_in_Java, id=13336, stack(0x00000048c4e00000,0x00000048c4f00000)]
  0x00000170fb1ce8d0 JavaThread "Reference Handler" daemon [_thread_blocked, id=16328, stack(0x00000048c5500000,0x00000048c5600000)]
  0x00000170c5005470 JavaThread "Finalizer" daemon [_thread_blocked, id=24380, stack(0x00000048c5600000,0x00000048c5700000)]
  0x00000170c501b210 JavaThread "Signal Dispatcher" daemon [_thread_blocked, id=848, stack(0x00000048c5700000,0x00000048c5800000)]
  0x00000170c501c7f0 JavaThread "Attach Listener" daemon [_thread_blocked, id=13680, stack(0x00000048c5800000,0x00000048c5900000)]
  0x00000170c501cdc0 JavaThread "Service Thread" daemon [_thread_blocked, id=21624, stack(0x00000048c5900000,0x00000048c5a00000)]
  0x00000170c501d390 JavaThread "Monitor Deflation Thread" daemon [_thread_blocked, id=13660, stack(0x00000048c5a00000,0x00000048c5b00000)]
=>0x00000170c5021d50 JavaThread "C2 CompilerThread0" daemon [_thread_in_native, id=10688, stack(0x00000048c5b00000,0x00000048c5c00000)]
  0x00000170c5091080 JavaThread "C1 CompilerThread0" daemon [_thread_blocked, id=20800, stack(0x00000048c5c00000,0x00000048c5d00000)]
  0x00000170c50a3680 JavaThread "Sweeper thread" daemon [_thread_blocked, id=12664, stack(0x00000048c5d00000,0x00000048c5e00000)]
  0x00000170c5154e40 JavaThread "Notification Thread" daemon [_thread_blocked, id=2072, stack(0x00000048c5e00000,0x00000048c5f00000)]
  0x00000170c515bb90 JavaThread "Common-Cleaner" daemon [_thread_blocked, id=12824, stack(0x00000048c6000000,0x00000048c6100000)]

Other Threads:
  0x00000170fb1ccce0 VMThread "VM Thread" [stack: 0x00000048c5400000,0x00000048c5500000] [id=12136]
  0x00000170c5157740 WatcherThread [stack: 0x00000048c5f00000,0x00000048c6000000] [id=14788]
  0x00000170d85aff10 GCTaskThread "GC Thread#0" [stack: 0x00000048c4f00000,0x00000048c5000000] [id=23988]
  0x00000170c57982a0 GCTaskThread "GC Thread#1" [stack: 0x00000048c6200000,0x00000048c6300000] [id=12668]
  0x00000170c574e9a0 GCTaskThread "GC Thread#2" [stack: 0x00000048c6300000,0x00000048c6400000] [id=12252]
  0x00000170c574ec60 GCTaskThread "GC Thread#3" [stack: 0x00000048c6400000,0x00000048c6500000] [id=20844]
  0x00000170c57930e0 GCTaskThread "GC Thread#4" [stack: 0x00000048c6500000,0x00000048c6600000] [id=16832]
  0x00000170c57933a0 GCTaskThread "GC Thread#5" [stack: 0x00000048c6600000,0x00000048c6700000] [id=10668]
  0x00000170c7d79e90 GCTaskThread "GC Thread#6" [stack: 0x00000048c6800000,0x00000048c6900000] [id=13848]
  0x00000170c81e9f40 GCTaskThread "GC Thread#7" [stack: 0x00000048c6900000,0x00000048c6a00000] [id=3152]
  0x00000170d85c0ca0 ConcurrentGCThread "G1 Main Marker" [stack: 0x00000048c5000000,0x00000048c5100000] [id=24556]
  0x00000170d85c16b0 ConcurrentGCThread "G1 Conc#0" [stack: 0x00000048c5100000,0x00000048c5200000] [id=4204]
  0x00000170c7e82330 ConcurrentGCThread "G1 Conc#1" [stack: 0x00000048c6e00000,0x00000048c6f00000] [id=15424]
  0x00000170d860b470 ConcurrentGCThread "G1 Refine#0" [stack: 0x00000048c5200000,0x00000048c5300000] [id=24068]
  0x00000170c8133e60 ConcurrentGCThread "G1 Refine#1" [stack: 0x00000048c6a00000,0x00000048c6b00000] [id=6688]
  0x00000170c58014a0 ConcurrentGCThread "G1 Refine#2" [stack: 0x00000048c6b00000,0x00000048c6c00000] [id=24444]
  0x00000170c78d6250 ConcurrentGCThread "G1 Refine#3" [stack: 0x00000048c6c00000,0x00000048c6d00000] [id=7108]
  0x00000170c5d2ebe0 ConcurrentGCThread "G1 Refine#4" [stack: 0x00000048c6d00000,0x00000048c6e00000] [id=10720]
  0x00000170fb0970b0 ConcurrentGCThread "G1 Service" [stack: 0x00000048c5300000,0x00000048c5400000] [id=16516]

Threads with active compile tasks:
C2 CompilerThread0    25701 8139       4       org.jetbrains.org.objectweb.asm.ClassReader::accept (1401 bytes)

VM state: not at safepoint (normal execution)

VM Mutex/Monitor currently owned by a thread: None

Heap address: 0x0000000701c00000, size: 4068 MB, Compressed Oops mode: Zero based, Oop shift amount: 3

CDS archive(s) mapped at: [0x0000017080000000-0x0000017080bd0000-0x0000017080bd0000), size 12386304, SharedBaseAddress: 0x0000017080000000, ArchiveRelocationMode: 1.
Compressed class space mapped at: 0x0000017081000000-0x00000170c1000000, reserved size: 1073741824
Narrow klass base: 0x0000017080000000, Narrow klass shift: 0, Narrow klass range: 0x100000000

GC Precious Log:
 CPUs: 8 total, 8 available
 Memory: 16264M
 Large Page Support: Disabled
 NUMA Support: Disabled
 Compressed Oops: Enabled (Zero based)
 Heap Region Size: 2M
 Heap Min Capacity: 8M
 Heap Initial Capacity: 256M
 Heap Max Capacity: 4068M
 Pre-touch: Disabled
 Parallel Workers: 8
 Concurrent Workers: 2
 Concurrent Refinement Workers: 8
 Periodic GC: Disabled

Heap:
 garbage-first heap   total 102400K, used 60028K [0x0000000701c00000, 0x0000000800000000)
  region size 2048K, 3 young (6144K), 2 survivors (4096K)
 Metaspace       used 56367K, committed 56640K, reserved 1114112K
  class space    used 6549K, committed 6656K, reserved 1048576K

Heap Regions: E=young(eden), S=young(survivor), O=old, HS=humongous(starts), HC=humongous(continues), CS=collection set, F=free, OA=open archive, CA=closed archive, TAMS=top-at-mark-start (previous, next)
|   0|0x0000000701c00000, 0x0000000701e00000, 0x0000000701e00000|100%|HS|  |TAMS 0x0000000701e00000, 0x0000000701c00000| Complete 
|   1|0x0000000701e00000, 0x0000000702000000, 0x0000000702000000|100%|HC|  |TAMS 0x0000000702000000, 0x0000000701e00000| Complete 
|   2|0x0000000702000000, 0x0000000702200000, 0x0000000702200000|100%| O|  |TAMS 0x0000000702200000, 0x0000000702000000| Untracked 
|   3|0x0000000702200000, 0x0000000702400000, 0x0000000702400000|100%| O|  |TAMS 0x0000000702400000, 0x0000000702200000| Untracked 
|   4|0x0000000702400000, 0x0000000702600000, 0x0000000702600000|100%| O|  |TAMS 0x0000000702600000, 0x0000000702400000| Untracked 
|   5|0x0000000702600000, 0x0000000702800000, 0x0000000702800000|100%| O|  |TAMS 0x0000000702800000, 0x0000000702600000| Untracked 
|   6|0x0000000702800000, 0x0000000702a00000, 0x0000000702a00000|100%| O|  |TAMS 0x0000000702a00000, 0x0000000702800000| Untracked 
|   7|0x0000000702a00000, 0x0000000702c00000, 0x0000000702c00000|100%| O|  |TAMS 0x0000000702c00000, 0x0000000702a00000| Untracked 
|   8|0x0000000702c00000, 0x0000000702e00000, 0x0000000702e00000|100%| O|  |TAMS 0x0000000702e00000, 0x0000000702c00000| Untracked 
|   9|0x0000000702e00000, 0x0000000703000000, 0x0000000703000000|100%| O|  |TAMS 0x0000000703000000, 0x0000000702e00000| Untracked 
|  10|0x0000000703000000, 0x0000000703200000, 0x0000000703200000|100%| O|  |TAMS 0x0000000703200000, 0x0000000703000000| Untracked 
|  11|0x0000000703200000, 0x0000000703400000, 0x0000000703400000|100%| O|  |TAMS 0x0000000703400000, 0x0000000703200000| Untracked 
|  12|0x0000000703400000, 0x0000000703600000, 0x0000000703600000|100%| O|  |TAMS 0x0000000703600000, 0x0000000703400000| Untracked 
|  13|0x0000000703600000, 0x0000000703800000, 0x0000000703800000|100%| O|  |TAMS 0x0000000703800000, 0x0000000703600000| Untracked 
|  14|0x0000000703800000, 0x0000000703a00000, 0x0000000703a00000|100%| O|  |TAMS 0x0000000703a00000, 0x0000000703800000| Untracked 
|  15|0x0000000703a00000, 0x0000000703c00000, 0x0000000703c00000|100%| O|  |TAMS 0x0000000703c00000, 0x0000000703a00000| Untracked 
|  16|0x0000000703c00000, 0x0000000703e00000, 0x0000000703e00000|100%| O|  |TAMS 0x0000000703e00000, 0x0000000703c00000| Untracked 
|  17|0x0000000703e00000, 0x0000000704000000, 0x0000000704000000|100%| O|  |TAMS 0x0000000704000000, 0x0000000703e00000| Untracked 
|  18|0x0000000704000000, 0x0000000704200000, 0x0000000704200000|100%| O|  |TAMS 0x0000000704200000, 0x0000000704000000| Untracked 
|  19|0x0000000704200000, 0x0000000704400000, 0x0000000704400000|100%| O|  |TAMS 0x0000000704400000, 0x0000000704200000| Untracked 
|  20|0x0000000704400000, 0x0000000704600000, 0x0000000704600000|100%| O|  |TAMS 0x0000000704600000, 0x0000000704400000| Untracked 
|  21|0x0000000704600000, 0x0000000704800000, 0x0000000704800000|100%| O|  |TAMS 0x0000000704800000, 0x0000000704600000| Untracked 
|  22|0x0000000704800000, 0x0000000704a00000, 0x0000000704a00000|100%| O|  |TAMS 0x0000000704a00000, 0x0000000704800000| Untracked 
|  23|0x0000000704a00000, 0x0000000704c00000, 0x0000000704c00000|100%| O|  |TAMS 0x0000000704c00000, 0x0000000704a00000| Untracked 
|  24|0x0000000704c00000, 0x0000000704e00000, 0x0000000704e00000|100%| O|  |TAMS 0x0000000704e00000, 0x0000000704c00000| Untracked 
|  25|0x0000000704e00000, 0x0000000705000000, 0x0000000705000000|100%| O|  |TAMS 0x0000000705000000, 0x0000000704e00000| Untracked 
|  26|0x0000000705000000, 0x0000000705200000, 0x0000000705200000|100%| O|  |TAMS 0x0000000705045600, 0x0000000705000000| Untracked 
|  27|0x0000000705200000, 0x000000070529f000, 0x0000000705400000| 31%| O|  |TAMS 0x0000000705200000, 0x0000000705200000| Untracked 
|  28|0x0000000705400000, 0x0000000705400000, 0x0000000705600000|  0%| F|  |TAMS 0x0000000705400000, 0x0000000705400000| Untracked 
|  29|0x0000000705600000, 0x0000000705600000, 0x0000000705800000|  0%| F|  |TAMS 0x0000000705600000, 0x0000000705600000| Untracked 
|  30|0x0000000705800000, 0x0000000705800000, 0x0000000705a00000|  0%| F|  |TAMS 0x0000000705800000, 0x0000000705800000| Untracked 
|  31|0x0000000705a00000, 0x0000000705a00000, 0x0000000705c00000|  0%| F|  |TAMS 0x0000000705a00000, 0x0000000705a00000| Untracked 
|  32|0x0000000705c00000, 0x0000000705c00000, 0x0000000705e00000|  0%| F|  |TAMS 0x0000000705c00000, 0x0000000705c00000| Untracked 
|  33|0x0000000705e00000, 0x0000000705e00000, 0x0000000706000000|  0%| F|  |TAMS 0x0000000705e00000, 0x0000000705e00000| Untracked 
|  34|0x0000000706000000, 0x0000000706000000, 0x0000000706200000|  0%| F|  |TAMS 0x0000000706000000, 0x0000000706000000| Untracked 
|  35|0x0000000706200000, 0x0000000706200000, 0x0000000706400000|  0%| F|  |TAMS 0x0000000706200000, 0x0000000706200000| Untracked 
|  36|0x0000000706400000, 0x0000000706400000, 0x0000000706600000|  0%| F|  |TAMS 0x0000000706400000, 0x0000000706400000| Untracked 
|  37|0x0000000706600000, 0x0000000706600000, 0x0000000706800000|  0%| F|  |TAMS 0x0000000706600000, 0x0000000706600000| Untracked 
|  38|0x0000000706800000, 0x0000000706800000, 0x0000000706a00000|  0%| F|  |TAMS 0x0000000706800000, 0x0000000706800000| Untracked 
|  39|0x0000000706a00000, 0x0000000706c00000, 0x0000000706c00000|100%| S|CS|TAMS 0x0000000706a00000, 0x0000000706a00000| Complete 
|  40|0x0000000706c00000, 0x0000000706e00000, 0x0000000706e00000|100%| S|CS|TAMS 0x0000000706c00000, 0x0000000706c00000| Complete 
|  41|0x0000000706e00000, 0x0000000706e00000, 0x0000000707000000|  0%| F|  |TAMS 0x0000000706e00000, 0x0000000706e00000| Untracked 
|  42|0x0000000707000000, 0x0000000707000000, 0x0000000707200000|  0%| F|  |TAMS 0x0000000707000000, 0x0000000707000000| Untracked 
|  43|0x0000000707200000, 0x0000000707200000, 0x0000000707400000|  0%| F|  |TAMS 0x0000000707200000, 0x0000000707200000| Untracked 
|  44|0x0000000707400000, 0x0000000707400000, 0x0000000707600000|  0%| F|  |TAMS 0x0000000707400000, 0x0000000707400000| Untracked 
|  45|0x0000000707600000, 0x0000000707600000, 0x0000000707800000|  0%| F|  |TAMS 0x0000000707600000, 0x0000000707600000| Untracked 
|  46|0x0000000707800000, 0x0000000707800000, 0x0000000707a00000|  0%| F|  |TAMS 0x0000000707800000, 0x0000000707800000| Untracked 
| 115|0x0000000710200000, 0x0000000710200000, 0x0000000710400000|  0%| F|  |TAMS 0x0000000710200000, 0x0000000710200000| Untracked 
| 116|0x0000000710400000, 0x0000000710400000, 0x0000000710600000|  0%| F|  |TAMS 0x0000000710400000, 0x0000000710400000| Untracked 
| 127|0x0000000711a00000, 0x0000000711b13d08, 0x0000000711c00000| 53%| E|  |TAMS 0x0000000711a00000, 0x0000000711a00000| Complete 

Card table byte_map: [0x00000170ef940000,0x00000170f0140000] _byte_map_base: 0x00000170ec132000

Marking Bits (Prev, Next): (CMBitMap*) 0x00000170d85b0570, (CMBitMap*) 0x00000170d85b0530
 Prev Bits: [0x00000170f48d0000, 0x00000170f8860000)
 Next Bits: [0x00000170f0940000, 0x00000170f48d0000)

Polling page: 0x00000170d64e0000

Metaspace:

Usage:
  Non-class:     48.65 MB used.
      Class:      6.40 MB used.
       Both:     55.05 MB used.

Virtual space:
  Non-class space:       64.00 MB reserved,      48.81 MB ( 76%) committed,  1 nodes.
      Class space:        1.00 GB reserved,       6.50 MB ( <1%) committed,  1 nodes.
             Both:        1.06 GB reserved,      55.31 MB (  5%) committed. 

Chunk freelists:
   Non-Class:  14.06 MB
       Class:  9.50 MB
        Both:  23.56 MB

MaxMetaspaceSize: unlimited
CompressedClassSpaceSize: 1.00 GB
Initial GC threshold: 21.00 MB
Current GC threshold: 91.06 MB
CDS: on
MetaspaceReclaimPolicy: balanced
 - commit_granule_bytes: 65536.
 - commit_granule_words: 8192.
 - virtual_space_node_default_size: 8388608.
 - enlarge_chunks_in_place: 1.
 - new_chunks_are_fully_committed: 0.
 - uncommit_free_chunks: 1.
 - use_allocation_guard: 0.
 - handle_deallocations: 1.


Internal statistics:

num_allocs_failed_limit: 9.
num_arena_births: 314.
num_arena_deaths: 0.
num_vsnodes_births: 2.
num_vsnodes_deaths: 0.
num_space_committed: 883.
num_space_uncommitted: 0.
num_chunks_returned_to_freelist: 9.
num_chunks_taken_from_freelist: 2295.
num_chunk_merges: 9.
num_chunk_splits: 1860.
num_chunks_enlarged: 1670.
num_inconsistent_stats: 0.

CodeHeap 'non-profiled nmethods': size=120000Kb used=3926Kb max_used=3926Kb free=116073Kb
 bounds [0x00000170e78e0000, 0x00000170e7cc0000, 0x00000170eee10000]
CodeHeap 'profiled nmethods': size=120000Kb used=24203Kb max_used=24203Kb free=95796Kb
 bounds [0x00000170dfe10000, 0x00000170e15c0000, 0x00000170e7340000]
CodeHeap 'non-nmethods': size=5760Kb used=1353Kb max_used=1430Kb free=4406Kb
 bounds [0x00000170e7340000, 0x00000170e75b0000, 0x00000170e78e0000]
 total_blobs=8100 nmethods=7423 adapters=587
 compilation: enabled
              stopped_count=0, restarted_count=0
 full_count=0

Compilation events (20 events):
Event: 25.518 Thread 0x00000170c5091080 8162       3       org.jetbrains.kotlin.load.java.JavaNullabilityAnnotationSettingsKt::getJSPECIFY_ANNOTATIONS_PACKAGE (4 bytes)
Event: 25.518 Thread 0x00000170c5091080 nmethod 8162 0x00000170e0895890 code [0x00000170e0895a20, 0x00000170e0895b18]
Event: 25.518 Thread 0x00000170c5091080 8163       3       org.jetbrains.kotlin.cli.common.arguments.JavaTypeEnhancementStateParser$$Lambda$24/0x000001708109dde8::invoke (24 bytes)
Event: 25.518 Thread 0x00000170c5091080 nmethod 8163 0x00000170e159a410 code [0x00000170e159a5c0, 0x00000170e159a828]
Event: 25.518 Thread 0x00000170c5091080 8164       3       org.jetbrains.kotlin.cli.common.arguments.JavaTypeEnhancementStateParser::parse$lambda$0 (65 bytes)
Event: 25.519 Thread 0x00000170c5091080 nmethod 8164 0x00000170e159a910 code [0x00000170e159ab80, 0x00000170e159b478]
Event: 25.519 Thread 0x00000170c5091080 8165       3       org.jetbrains.kotlin.load.java.AbstractAnnotationTypeQualifierResolver::knownNullability (284 bytes)
Event: 25.521 Thread 0x00000170c5091080 nmethod 8165 0x00000170e159b810 code [0x00000170e159bc20, 0x00000170e159da68]
Event: 25.521 Thread 0x00000170c5091080 8166       3       org.jetbrains.kotlin.load.java.typeEnhancement.AbstractSignatureParts$$Lambda$582/0x00000170814f3c08::invoke (16 bytes)
Event: 25.522 Thread 0x00000170c5091080 nmethod 8166 0x00000170e159e390 code [0x00000170e159e640, 0x00000170e159f418]
Event: 25.523 Thread 0x00000170c5091080 8167       3       org.jetbrains.kotlin.load.java.typeEnhancement.AbstractSignatureParts::extractQualifiersFromAnnotations$lambda$6 (17 bytes)
Event: 25.523 Thread 0x00000170c5091080 nmethod 8167 0x00000170e159f890 code [0x00000170e159fb40, 0x00000170e15a0878]
Event: 25.523 Thread 0x00000170c5091080 8169       3       org.jetbrains.kotlin.name.ClassId::getOutermostClassId (37 bytes)
Event: 25.524 Thread 0x00000170c5091080 nmethod 8169 0x00000170e15a0d10 code [0x00000170e15a0f00, 0x00000170e15a1428]
Event: 25.524 Thread 0x00000170c5091080 8170       3       org.jetbrains.kotlin.fir.java.JavaAnnotationsMappingKt::toFirAnnotationCall (121 bytes)
Event: 25.546 Thread 0x00000170c5091080 nmethod 8170 0x00000170e15a1690 code [0x00000170e15a1a20, 0x00000170e15a3068]
Event: 25.546 Thread 0x00000170c5091080 8168       3       org.jetbrains.kotlin.fir.declarations.builder.FirRegularClassBuilder::getModuleData (17 bytes)
Event: 25.547 Thread 0x00000170c5091080 nmethod 8168 0x00000170e15a3890 code [0x00000170e15a3b00, 0x00000170e15a4398]
Event: 25.571 Thread 0x00000170c5091080 8171       3       org.jetbrains.kotlin.fir.types.ConeAttributes::remove (148 bytes)
Event: 25.573 Thread 0x00000170c5091080 nmethod 8171 0x00000170e15a4710 code [0x00000170e15a4ac0, 0x00000170e15a6728]

GC Heap History (20 events):
Event: 10.260 GC heap before
{Heap before GC invocations=11 (full 0):
 garbage-first heap   total 69632K, used 48530K [0x0000000701c00000, 0x0000000800000000)
  region size 2048K, 14 young (28672K), 2 survivors (4096K)
 Metaspace       used 43022K, committed 43328K, reserved 1114112K
  class space    used 5172K, committed 5312K, reserved 1048576K
}
Event: 10.282 GC heap after
{Heap after GC invocations=12 (full 0):
 garbage-first heap   total 69632K, used 32190K [0x0000000701c00000, 0x0000000800000000)
  region size 2048K, 2 young (4096K), 2 survivors (4096K)
 Metaspace       used 43022K, committed 43328K, reserved 1114112K
  class space    used 5172K, committed 5312K, reserved 1048576K
}
Event: 11.157 GC heap before
{Heap before GC invocations=12 (full 0):
 garbage-first heap   total 69632K, used 46526K [0x0000000701c00000, 0x0000000800000000)
  region size 2048K, 10 young (20480K), 2 survivors (4096K)
 Metaspace       used 45183K, committed 45504K, reserved 1114112K
  class space    used 5540K, committed 5696K, reserved 1048576K
}
Event: 11.177 GC heap after
{Heap after GC invocations=13 (full 0):
 garbage-first heap   total 69632K, used 36254K [0x0000000701c00000, 0x0000000800000000)
  region size 2048K, 2 young (4096K), 2 survivors (4096K)
 Metaspace       used 45183K, committed 45504K, reserved 1114112K
  class space    used 5540K, committed 5696K, reserved 1048576K
}
Event: 12.173 GC heap before
{Heap before GC invocations=13 (full 0):
 garbage-first heap   total 69632K, used 50590K [0x0000000701c00000, 0x0000000800000000)
  region size 2048K, 9 young (18432K), 2 survivors (4096K)
 Metaspace       used 46760K, committed 47040K, reserved 1114112K
  class space    used 5700K, committed 5824K, reserved 1048576K
}
Event: 12.189 GC heap after
{Heap after GC invocations=14 (full 0):
 garbage-first heap   total 83968K, used 40227K [0x0000000701c00000, 0x0000000800000000)
  region size 2048K, 2 young (4096K), 2 survivors (4096K)
 Metaspace       used 46760K, committed 47040K, reserved 1114112K
  class space    used 5700K, committed 5824K, reserved 1048576K
}
Event: 13.983 GC heap before
{Heap before GC invocations=15 (full 0):
 garbage-first heap   total 83968K, used 58659K [0x0000000701c00000, 0x0000000800000000)
  region size 2048K, 11 young (22528K), 2 survivors (4096K)
 Metaspace       used 48867K, committed 49216K, reserved 1114112K
  class space    used 5930K, committed 6080K, reserved 1048576K
}
Event: 13.997 GC heap after
{Heap after GC invocations=16 (full 0):
 garbage-first heap   total 83968K, used 43413K [0x0000000701c00000, 0x0000000800000000)
  region size 2048K, 2 young (4096K), 2 survivors (4096K)
 Metaspace       used 48867K, committed 49216K, reserved 1114112K
  class space    used 5930K, committed 6080K, reserved 1048576K
}
Event: 16.103 GC heap before
{Heap before GC invocations=16 (full 0):
 garbage-first heap   total 83968K, used 59797K [0x0000000701c00000, 0x0000000800000000)
  region size 2048K, 10 young (20480K), 2 survivors (4096K)
 Metaspace       used 50453K, committed 50752K, reserved 1114112K
  class space    used 6113K, committed 6272K, reserved 1048576K
}
Event: 16.119 GC heap after
{Heap after GC invocations=17 (full 0):
 garbage-first heap   total 83968K, used 46939K [0x0000000701c00000, 0x0000000800000000)
  region size 2048K, 2 young (4096K), 2 survivors (4096K)
 Metaspace       used 50453K, committed 50752K, reserved 1114112K
  class space    used 6113K, committed 6272K, reserved 1048576K
}
Event: 18.353 GC heap before
{Heap before GC invocations=18 (full 0):
 garbage-first heap   total 86016K, used 61275K [0x0000000701c00000, 0x0000000800000000)
  region size 2048K, 9 young (18432K), 2 survivors (4096K)
 Metaspace       used 51509K, committed 51840K, reserved 1114112K
  class space    used 6182K, committed 6336K, reserved 1048576K
}
Event: 18.370 GC heap after
{Heap after GC invocations=19 (full 0):
 garbage-first heap   total 86016K, used 49882K [0x0000000701c00000, 0x0000000800000000)
  region size 2048K, 2 young (4096K), 2 survivors (4096K)
 Metaspace       used 51509K, committed 51840K, reserved 1114112K
  class space    used 6182K, committed 6336K, reserved 1048576K
}
Event: 19.467 GC heap before
{Heap before GC invocations=19 (full 0):
 garbage-first heap   total 86016K, used 64218K [0x0000000701c00000, 0x0000000800000000)
  region size 2048K, 9 young (18432K), 2 survivors (4096K)
 Metaspace       used 52103K, committed 52352K, reserved 1114112K
  class space    used 6221K, committed 6336K, reserved 1048576K
}
Event: 19.482 GC heap after
{Heap after GC invocations=20 (full 0):
 garbage-first heap   total 86016K, used 52963K [0x0000000701c00000, 0x0000000800000000)
  region size 2048K, 2 young (4096K), 2 survivors (4096K)
 Metaspace       used 52103K, committed 52352K, reserved 1114112K
  class space    used 6221K, committed 6336K, reserved 1048576K
}
Event: 20.077 GC heap before
{Heap before GC invocations=21 (full 0):
 garbage-first heap   total 100352K, used 65251K [0x0000000701c00000, 0x0000000800000000)
  region size 2048K, 8 young (16384K), 2 survivors (4096K)
 Metaspace       used 52312K, committed 52544K, reserved 1114112K
  class space    used 6222K, committed 6336K, reserved 1048576K
}
Event: 20.091 GC heap after
{Heap after GC invocations=22 (full 0):
 garbage-first heap   total 100352K, used 55573K [0x0000000701c00000, 0x0000000800000000)
  region size 2048K, 1 young (2048K), 1 survivors (2048K)
 Metaspace       used 52312K, committed 52544K, reserved 1114112K
  class space    used 6222K, committed 6336K, reserved 1048576K
}
Event: 22.670 GC heap before
{Heap before GC invocations=22 (full 0):
 garbage-first heap   total 100352K, used 71957K [0x0000000701c00000, 0x0000000800000000)
  region size 2048K, 10 young (20480K), 1 survivors (2048K)
 Metaspace       used 55626K, committed 55936K, reserved 1114112K
  class space    used 6510K, committed 6656K, reserved 1048576K
}
Event: 22.682 GC heap after
{Heap after GC invocations=23 (full 0):
 garbage-first heap   total 100352K, used 56885K [0x0000000701c00000, 0x0000000800000000)
  region size 2048K, 2 young (4096K), 2 survivors (4096K)
 Metaspace       used 55626K, committed 55936K, reserved 1114112K
  class space    used 6510K, committed 6656K, reserved 1048576K
}
Event: 25.526 GC heap before
{Heap before GC invocations=24 (full 0):
 garbage-first heap   total 102400K, used 75317K [0x0000000701c00000, 0x0000000800000000)
  region size 2048K, 11 young (22528K), 2 survivors (4096K)
 Metaspace       used 56360K, committed 56640K, reserved 1114112K
  class space    used 6549K, committed 6656K, reserved 1048576K
}
Event: 25.546 GC heap after
{Heap after GC invocations=25 (full 0):
 garbage-first heap   total 102400K, used 60028K [0x0000000701c00000, 0x0000000800000000)
  region size 2048K, 2 young (4096K), 2 survivors (4096K)
 Metaspace       used 56360K, committed 56640K, reserved 1114112K
  class space    used 6549K, committed 6656K, reserved 1048576K
}

Deoptimization events (20 events):
Event: 21.522 Thread 0x00000170d8543680 Uncommon trap: trap_request=0xffffff45 fr.pc=0x00000170e79bf6e8 relative=0x0000000000000148
Event: 21.522 Thread 0x00000170d8543680 Uncommon trap: reason=unstable_if action=reinterpret pc=0x00000170e79bf6e8 method=org.jetbrains.kotlin.com.intellij.psi.tree.TokenSet.contains(Lorg/jetbrains/kotlin/com/intellij/psi/tree/IElementType;)Z @ 1 c2
Event: 21.522 Thread 0x00000170d8543680 DEOPT PACKING pc=0x00000170e79bf6e8 sp=0x00000048c4efd830
Event: 21.522 Thread 0x00000170d8543680 DEOPT UNPACKING pc=0x00000170e73923a3 sp=0x00000048c4efd7e8 mode 2
Event: 21.796 Thread 0x00000170d8543680 Uncommon trap: trap_request=0xffffff45 fr.pc=0x00000170e7c53cf8 relative=0x00000000000002b8
Event: 21.796 Thread 0x00000170d8543680 Uncommon trap: reason=unstable_if action=reinterpret pc=0x00000170e7c53cf8 method=org.jetbrains.kotlin.fir.types.ConeBuiltinTypeUtilsKt.isBuiltinType(Lorg/jetbrains/kotlin/fir/types/ConeKotlinType;Lorg/jetbrains/kotlin/name/ClassId;Ljava/lang/Boolean;)Z @
Event: 21.796 Thread 0x00000170d8543680 DEOPT PACKING pc=0x00000170e7c53cf8 sp=0x00000048c4efc830
Event: 21.796 Thread 0x00000170d8543680 DEOPT UNPACKING pc=0x00000170e73923a3 sp=0x00000048c4efc7d8 mode 2
Event: 21.842 Thread 0x00000170d8543680 Uncommon trap: trap_request=0xfffffff4 fr.pc=0x00000170e7ac2e2c relative=0x000000000000020c
Event: 21.842 Thread 0x00000170d8543680 Uncommon trap: reason=null_check action=make_not_entrant pc=0x00000170e7ac2e2c method=org.jetbrains.kotlin.name.FqName.equals(Ljava/lang/Object;)Z @ 8 c2
Event: 21.842 Thread 0x00000170d8543680 DEOPT PACKING pc=0x00000170e7ac2e2c sp=0x00000048c4efc370
Event: 21.842 Thread 0x00000170d8543680 DEOPT UNPACKING pc=0x00000170e73923a3 sp=0x00000048c4efc300 mode 2
Event: 21.964 Thread 0x00000170d8543680 Uncommon trap: trap_request=0xffffff45 fr.pc=0x00000170e7c3c260 relative=0x0000000000000120
Event: 21.964 Thread 0x00000170d8543680 Uncommon trap: reason=unstable_if action=reinterpret pc=0x00000170e7c3c260 method=org.jetbrains.kotlin.fir.types.ConeTypeUtilsKt.isMarkedNullable(Lorg/jetbrains/kotlin/fir/types/ConeKotlinType;)Z @ 29 c2
Event: 21.964 Thread 0x00000170d8543680 DEOPT PACKING pc=0x00000170e7c3c260 sp=0x00000048c4efb920
Event: 21.964 Thread 0x00000170d8543680 DEOPT UNPACKING pc=0x00000170e73923a3 sp=0x00000048c4efb8b8 mode 2
Event: 22.810 Thread 0x00000170d8543680 Uncommon trap: trap_request=0xffffff45 fr.pc=0x00000170e7c714e4 relative=0x0000000000000c44
Event: 22.810 Thread 0x00000170d8543680 Uncommon trap: reason=unstable_if action=reinterpret pc=0x00000170e7c714e4 method=org.jetbrains.kotlin.fir.types.ConeBuiltinTypeUtilsKt.isArrayType(Lorg/jetbrains/kotlin/fir/types/ConeKotlinType;Ljava/lang/Boolean;)Z @ 98 c2
Event: 22.810 Thread 0x00000170d8543680 DEOPT PACKING pc=0x00000170e7c714e4 sp=0x00000048c4efd1d0
Event: 22.810 Thread 0x00000170d8543680 DEOPT UNPACKING pc=0x00000170e73923a3 sp=0x00000048c4efd1a0 mode 2

Classes unloaded (0 events):
No events

Classes redefined (0 events):
No events

Internal exceptions (20 events):
Event: 14.335 Thread 0x00000170d8543680 Exception <a 'java/lang/NoSuchMethodError'{0x000000071048b4b0}: 'java.lang.Object java.lang.invoke.Invokers$Holder.linkToTargetMethod(java.lang.Object, java.lang.Object, java.lang.Object, java.lang.Object, java.lang.Object, java.lang.Object, java.lang.Object, java.lang.Object, java.lang.Object)'> (0x000000071048b4b0) 
thrown [s\open\src\hotspot\share\interpreter\linkResolver.cpp, line 759]
Event: 14.418 Thread 0x00000170d8543680 Exception <a 'java/lang/NoSuchMethodError'{0x0000000710519310}: 'java.lang.Object java.lang.invoke.DirectMethodHandle$Holder.newInvokeSpecial(java.lang.Object, int, java.lang.Object, java.lang.Object)'> (0x0000000710519310) 
thrown [s\open\src\hotspot\share\interpreter\linkResolver.cpp, line 759]
Event: 14.419 Thread 0x00000170d8543680 Exception <a 'java/lang/NoSuchMethodError'{0x000000071051dc10}: 'java.lang.Object java.lang.invoke.DirectMethodHandle$Holder.invokeSpecial(java.lang.Object, java.lang.Object, int, java.lang.Object, java.lang.Object)'> (0x000000071051dc10) 
thrown [s\open\src\hotspot\share\interpreter\linkResolver.cpp, line 759]
Event: 14.425 Thread 0x00000170d8543680 Exception <a 'java/lang/NoSuchMethodError'{0x0000000710539330}: 'java.lang.Object java.lang.invoke.DirectMethodHandle$Holder.invokeStatic(java.lang.Object, java.lang.Object, java.lang.Object, int, java.lang.Object, java.lang.Object)'> (0x0000000710539330) 
thrown [s\open\src\hotspot\share\interpreter\linkResolver.cpp, line 759]
Event: 14.875 Thread 0x00000170d8543680 Exception <a 'java/lang/NoSuchMethodError'{0x000000070659ed98}: 'java.lang.Object java.lang.invoke.DirectMethodHandle$Holder.newInvokeSpecial(java.lang.Object, int, java.lang.Object, java.lang.Object, java.lang.Object)'> (0x000000070659ed98) 
thrown [s\open\src\hotspot\share\interpreter\linkResolver.cpp, line 759]
Event: 14.876 Thread 0x00000170d8543680 Exception <a 'java/lang/NoSuchMethodError'{0x00000007065a3528}: 'java.lang.Object java.lang.invoke.DirectMethodHandle$Holder.invokeSpecial(java.lang.Object, java.lang.Object, int, java.lang.Object, java.lang.Object, java.lang.Object)'> (0x00000007065a3528) 
thrown [s\open\src\hotspot\share\interpreter\linkResolver.cpp, line 759]
Event: 14.876 Thread 0x00000170d8543680 Exception <a 'java/lang/NoSuchMethodError'{0x00000007065a7278}: 'java.lang.Object java.lang.invoke.Invokers$Holder.linkToTargetMethod(int, java.lang.Object, java.lang.Object, java.lang.Object, java.lang.Object)'> (0x00000007065a7278) 
thrown [s\open\src\hotspot\share\interpreter\linkResolver.cpp, line 759]
Event: 14.968 Thread 0x00000170d8543680 Exception <a 'java/lang/NoSuchMethodError'{0x0000000706235620}: 'java.lang.Object java.lang.invoke.DirectMethodHandle$Holder.newInvokeSpecial(java.lang.Object, java.lang.Object, java.lang.Object, java.lang.Object, java.lang.Object, int)'> (0x0000000706235620) 
thrown [s\open\src\hotspot\share\interpreter\linkResolver.cpp, line 759]
Event: 14.969 Thread 0x00000170d8543680 Exception <a 'java/lang/NoSuchMethodError'{0x000000070623a280}: 'java.lang.Object java.lang.invoke.DirectMethodHandle$Holder.invokeSpecial(java.lang.Object, java.lang.Object, java.lang.Object, java.lang.Object, java.lang.Object, java.lang.Object, int)'> (0x000000070623a280) 
thrown [s\open\src\hotspot\share\interpreter\linkResolver.cpp, line 759]
Event: 14.969 Thread 0x00000170d8543680 Exception <a 'java/lang/NoSuchMethodError'{0x000000070623e868}: 'java.lang.Object java.lang.invoke.Invokers$Holder.linkToTargetMethod(java.lang.Object, java.lang.Object, java.lang.Object, java.lang.Object, int, java.lang.Object)'> (0x000000070623e868) 
thrown [s\open\src\hotspot\share\interpreter\linkResolver.cpp, line 759]
Event: 17.640 Thread 0x00000170d8543680 Exception <a 'java/lang/NoSuchMethodError'{0x00000007066c10d8}: 'java.lang.Object java.lang.invoke.DirectMethodHandle$Holder.invokeStatic(java.lang.Object, int, java.lang.Object, java.lang.Object)'> (0x00000007066c10d8) 
thrown [s\open\src\hotspot\share\interpreter\linkResolver.cpp, line 759]
Event: 18.017 Thread 0x00000170d8543680 Exception <a 'java/lang/NoSuchMethodError'{0x00000007064d1b10}: 'java.lang.Object java.lang.invoke.DirectMethodHandle$Holder.invokeStatic(java.lang.Object, int, java.lang.Object)'> (0x00000007064d1b10) 
thrown [s\open\src\hotspot\share\interpreter\linkResolver.cpp, line 759]
Event: 21.423 Thread 0x00000170d8543680 Exception <a 'java/lang/NoSuchMethodError'{0x0000000706e5b460}: 'java.lang.Object java.lang.invoke.DirectMethodHandle$Holder.invokeStaticInit(java.lang.Object, int, int, java.lang.Object)'> (0x0000000706e5b460) 
thrown [s\open\src\hotspot\share\interpreter\linkResolver.cpp, line 759]
Event: 21.444 Thread 0x00000170d8543680 Exception <a 'java/lang/NoSuchMethodError'{0x0000000706efd208}: 'java.lang.Object java.lang.invoke.DirectMethodHandle$Holder.invokeStatic(java.lang.Object, java.lang.Object, java.lang.Object, java.lang.Object, java.lang.Object, int)'> (0x0000000706efd208) 
thrown [s\open\src\hotspot\share\interpreter\linkResolver.cpp, line 759]
Event: 21.522 Thread 0x00000170d8543680 Implicit null exception at 0x00000170e79bf5cc to 0x00000170e79bf6d4
Event: 21.796 Thread 0x00000170d8543680 Implicit null exception at 0x00000170e7c53bae to 0x00000170e7c53ce4
Event: 21.842 Thread 0x00000170d8543680 Implicit null exception at 0x00000170e7ac2c55 to 0x00000170e7ac2e1c
Event: 23.413 Thread 0x00000170d8543680 Exception <a 'java/lang/NoSuchMethodError'{0x000000071048c098}: 'java.lang.Object java.lang.invoke.DirectMethodHandle$Holder.newInvokeSpecial(java.lang.Object, java.lang.Object, int, java.lang.Object, java.lang.Object, java.lang.Object)'> (0x000000071048c098) 
thrown [s\open\src\hotspot\share\interpreter\linkResolver.cpp, line 759]
Event: 23.414 Thread 0x00000170d8543680 Exception <a 'java/lang/NoSuchMethodError'{0x0000000710490408}: 'java.lang.Object java.lang.invoke.DirectMethodHandle$Holder.invokeSpecial(java.lang.Object, java.lang.Object, java.lang.Object, int, java.lang.Object, java.lang.Object, java.lang.Object)'> (0x0000000710490408) 
thrown [s\open\src\hotspot\share\interpreter\linkResolver.cpp, line 759]
Event: 23.414 Thread 0x00000170d8543680 Exception <a 'java/lang/NoSuchMethodError'{0x0000000710493ce8}: 'java.lang.Object java.lang.invoke.Invokers$Holder.linkToTargetMethod(java.lang.Object, int, java.lang.Object, java.lang.Object, java.lang.Object, java.lang.Object)'> (0x0000000710493ce8) 
thrown [s\open\src\hotspot\share\interpreter\linkResolver.cpp, line 759]

VM Operations (20 events):
Event: 22.536 Executing VM operation: ICBufferFull
Event: 22.536 Executing VM operation: ICBufferFull done
Event: 22.670 Executing VM operation: G1CollectForAllocation
Event: 22.685 Executing VM operation: G1CollectForAllocation done
Event: 22.760 Executing VM operation: G1Concurrent
Event: 22.778 Executing VM operation: G1Concurrent done
Event: 22.815 Executing VM operation: G1Concurrent
Event: 22.890 Executing VM operation: G1Concurrent done
Event: 23.423 Executing VM operation: HandshakeAllThreads
Event: 23.423 Executing VM operation: HandshakeAllThreads done
Event: 23.555 Executing VM operation: HandshakeAllThreads
Event: 23.555 Executing VM operation: HandshakeAllThreads done
Event: 23.561 Executing VM operation: HandshakeAllThreads
Event: 23.561 Executing VM operation: HandshakeAllThreads done
Event: 23.814 Executing VM operation: ICBufferFull
Event: 23.814 Executing VM operation: ICBufferFull done
Event: 24.820 Executing VM operation: Cleanup
Event: 24.867 Executing VM operation: Cleanup done
Event: 25.525 Executing VM operation: G1CollectForAllocation
Event: 25.569 Executing VM operation: G1CollectForAllocation done

Events (20 events):
Event: 15.491 Thread 0x00000170c795f430 Thread exited: 0x00000170c795f430
Event: 17.323 loading class java/lang/Byte$ByteCache
Event: 17.323 loading class java/lang/Byte$ByteCache done
Event: 18.255 Thread 0x00000170c63d3120 Thread added: 0x00000170c63d3120
Event: 18.385 Thread 0x00000170c63d3120 Thread exited: 0x00000170c63d3120
Event: 19.492 Thread 0x00000170c9647560 Thread added: 0x00000170c9647560
Event: 19.893 Thread 0x00000170c9647560 Thread exited: 0x00000170c9647560
Event: 20.006 Thread 0x00000170c6b5dd50 Thread added: 0x00000170c6b5dd50
Event: 20.262 Thread 0x00000170c6b5dd50 Thread exited: 0x00000170c6b5dd50
Event: 20.919 loading class java/text/MessageFormat
Event: 20.920 loading class java/text/MessageFormat done
Event: 21.172 loading class java/text/ChoiceFormat
Event: 21.173 loading class java/text/ChoiceFormat done
Event: 23.409 Thread 0x00000170c6c9bf20 Thread added: 0x00000170c6c9bf20
Event: 23.428 Thread 0x00000170c50a3680 flushing nmethod 0x00000170e0079210
Event: 23.428 Thread 0x00000170c50a3680 flushing nmethod 0x00000170e0083590
Event: 23.428 Thread 0x00000170c50a3680 flushing nmethod 0x00000170e015ef90
Event: 23.429 Thread 0x00000170c50a3680 flushing nmethod 0x00000170e02e0c10
Event: 23.433 Thread 0x00000170c50a3680 flushing nmethod 0x00000170e07b7f10
Event: 23.558 Thread 0x00000170c6c9bf20 Thread exited: 0x00000170c6c9bf20


Dynamic libraries:
0x00007ff724cc0000 - 0x00007ff724cd0000 	D:\Java\jdk-17\bin\java.exe
0x00007ffa72ba0000 - 0x00007ffa72da9000 	C:\Windows\SYSTEM32\ntdll.dll
0x00007ffa71a50000 - 0x00007ffa71b0d000 	C:\Windows\System32\KERNEL32.DLL
0x00007ffa702f0000 - 0x00007ffa70674000 	C:\Windows\System32\KERNELBASE.dll
0x00007ffa70830000 - 0x00007ffa70941000 	C:\Windows\System32\ucrtbase.dll
0x00007ffa47ff0000 - 0x00007ffa48009000 	D:\Java\jdk-17\bin\jli.dll
0x00007ffa72290000 - 0x00007ffa7233e000 	C:\Windows\System32\ADVAPI32.dll
0x00007ffa71e70000 - 0x00007ffa71f13000 	C:\Windows\System32\msvcrt.dll
0x00007ffa71620000 - 0x00007ffa716be000 	C:\Windows\System32\sechost.dll
0x00007ffa71d40000 - 0x00007ffa71e61000 	C:\Windows\System32\RPCRT4.dll
0x00007ffa713c0000 - 0x00007ffa7156d000 	C:\Windows\System32\USER32.dll
0x00007ffa70030000 - 0x00007ffa70056000 	C:\Windows\System32\win32u.dll
0x00007ffa71c30000 - 0x00007ffa71c5a000 	C:\Windows\System32\GDI32.dll
0x00007ffa701d0000 - 0x00007ffa702ee000 	C:\Windows\System32\gdi32full.dll
0x00007ffa70950000 - 0x00007ffa709ed000 	C:\Windows\System32\msvcp_win.dll
0x00007ffa47fd0000 - 0x00007ffa47feb000 	D:\Java\jdk-17\bin\VCRUNTIME140.dll
0x00007ffa592d0000 - 0x00007ffa59575000 	C:\Windows\WinSxS\amd64_microsoft.windows.common-controls_6595b64144ccf1df_6.0.22000.120_none_9d947278b86cc467\COMCTL32.dll
0x00007ffa67830000 - 0x00007ffa6783a000 	C:\Windows\SYSTEM32\VERSION.dll
0x00007ffa72220000 - 0x00007ffa72251000 	C:\Windows\System32\IMM32.DLL
0x00007ffa67670000 - 0x00007ffa6767c000 	D:\Java\jdk-17\bin\vcruntime140_1.dll
0x00007ffa47f40000 - 0x00007ffa47fce000 	D:\Java\jdk-17\bin\msvcp140.dll
0x00007ff9f2c50000 - 0x00007ff9f3830000 	D:\Java\jdk-17\bin\server\jvm.dll
0x00007ffa72280000 - 0x00007ffa72288000 	C:\Windows\System32\PSAPI.DLL
0x00007ffa4a190000 - 0x00007ffa4a199000 	C:\Windows\SYSTEM32\WSOCK32.dll
0x00007ffa709f0000 - 0x00007ffa70a5f000 	C:\Windows\System32\WS2_32.dll
0x00007ffa5a720000 - 0x00007ffa5a753000 	C:\Windows\SYSTEM32\WINMM.dll
0x00007ffa6f190000 - 0x00007ffa6f1a8000 	C:\Windows\SYSTEM32\kernel.appcore.dll
0x00007ffa4a140000 - 0x00007ffa4a14a000 	D:\Java\jdk-17\bin\jimage.dll
0x00007ffa6dd50000 - 0x00007ffa6df71000 	C:\Windows\SYSTEM32\DBGHELP.DLL
0x00007ffa39bf0000 - 0x00007ffa39c21000 	C:\Windows\SYSTEM32\dbgcore.DLL
0x00007ffa70680000 - 0x00007ffa706ff000 	C:\Windows\System32\bcryptPrimitives.dll
0x00007ffa47f10000 - 0x00007ffa47f35000 	D:\Java\jdk-17\bin\java.dll
0x00007ff9f6860000 - 0x00007ff9f6937000 	D:\Java\jdk-17\bin\jsvml.dll
0x00007ffa70bf0000 - 0x00007ffa713b5000 	C:\Windows\System32\SHELL32.dll
0x00007ffa6e110000 - 0x00007ffa6e972000 	C:\Windows\SYSTEM32\windows.storage.dll
0x00007ffa716c0000 - 0x00007ffa71a36000 	C:\Windows\System32\combase.dll
0x00007ffa6dfa0000 - 0x00007ffa6e107000 	C:\Windows\SYSTEM32\wintypes.dll
0x00007ffa71f20000 - 0x00007ffa7200a000 	C:\Windows\System32\SHCORE.dll
0x00007ffa70b90000 - 0x00007ffa70bed000 	C:\Windows\System32\shlwapi.dll
0x00007ffa6ff60000 - 0x00007ffa6ff85000 	C:\Windows\SYSTEM32\profapi.dll
0x00007ffa47ef0000 - 0x00007ffa47f09000 	D:\Java\jdk-17\bin\net.dll
0x00007ffa67260000 - 0x00007ffa67374000 	C:\Windows\SYSTEM32\WINHTTP.dll
0x00007ffa6f640000 - 0x00007ffa6f6a7000 	C:\Windows\system32\mswsock.dll
0x00007ffa47ed0000 - 0x00007ffa47ee6000 	D:\Java\jdk-17\bin\nio.dll
0x00007ffa47eb0000 - 0x00007ffa47ec8000 	D:\Java\jdk-17\bin\zip.dll
0x00007ffa48180000 - 0x00007ffa48190000 	D:\Java\jdk-17\bin\verify.dll

dbghelp: loaded successfully - version: 4.0.5 - missing functions: none
symbol engine: initialized successfully - sym options: 0x614 - pdb path: .;D:\Java\jdk-17\bin;C:\Windows\SYSTEM32;C:\Windows\WinSxS\amd64_microsoft.windows.common-controls_6595b64144ccf1df_6.0.22000.120_none_9d947278b86cc467;D:\Java\jdk-17\bin\server

VM Arguments:
java_command: org.jetbrains.kotlin.cli.jvm.K2JVMCompiler @E:\Descktop\MentoraAppNew\node_modules\react-native-safe-area-context\android\build\20260206_15250605823071308694.compiler.options
java_class_path (initial): C:\Users\hp\.gradle\caches\modules-2\files-2.1\org.jetbrains.kotlin\kotlin-compiler-embeddable\2.1.20\4ef56b3316798316bfac7a0ae443391c9e900ea1\kotlin-compiler-embeddable-2.1.20.jar;C:\Users\hp\.gradle\caches\modules-2\files-2.1\org.jetbrains.kotlin\kotlin-stdlib\2.1.20\aa8ca79cd50578314f6d1180c47cbe14c0fee567\kotlin-stdlib-2.1.20.jar;C:\Users\hp\.gradle\caches\modules-2\files-2.1\org.jetbrains.kotlin\kotlin-script-runtime\2.1.20\f7c623d7f7bdb01f5ccd6b437bc0a937fcd7c57e\kotlin-script-runtime-2.1.20.jar;C:\Users\hp\.gradle\caches\modules-2\files-2.1\org.jetbrains.kotlin\kotlin-reflect\1.6.10\1cbe9c92c12a94eea200d23c2bbaedaf3daf5132\kotlin-reflect-1.6.10.jar;C:\Users\hp\.gradle\caches\modules-2\files-2.1\org.jetbrains.kotlin\kotlin-daemon-embeddable\2.1.20\95670fce77befd02a70a0bc3abe8ee4533521334\kotlin-daemon-embeddable-2.1.20.jar;C:\Users\hp\.gradle\caches\modules-2\files-2.1\org.jetbrains.intellij.deps\trove4j\1.0.20200330\3afb14d5f9ceb459d724e907a21145e8ff394f02\trove4j-1.0.20200330.jar;C:\Users\hp\.gradle\caches\modules-2\files-2.1\org.jetbrains.kotlinx\kotlinx-coroutines-core-jvm\1.8.0\ac1dc37a30a93150b704022f8d895ee1bd3a36b3\kotlinx-coroutines-core-jvm-1.8.0.jar;C:\Users\hp\.gradle\caches\modules-2\files-2.1\org.jetbrains\annotations\13.0\919f0dfe192fb4e063e7dacadee7f8bb9a2672a9\annotations-13.0.jar
Launcher Type: SUN_STANDARD

[Global flags]
     intx CICompilerCount                          = 4                                         {product} {ergonomic}
     uint ConcGCThreads                            = 2                                         {product} {ergonomic}
     uint G1ConcRefinementThreads                  = 8                                         {product} {ergonomic}
   size_t G1HeapRegionSize                         = 2097152                                   {product} {ergonomic}
    uintx GCDrainStackTargetSize                   = 64                                        {product} {ergonomic}
   size_t InitialHeapSize                          = 268435456                                 {product} {ergonomic}
   size_t MarkStackSize                            = 4194304                                   {product} {ergonomic}
   size_t MaxHeapSize                              = 4265607168                                {product} {ergonomic}
   size_t MaxNewSize                               = 2558525440                                {product} {ergonomic}
   size_t MinHeapDeltaBytes                        = 2097152                                   {product} {ergonomic}
   size_t MinHeapSize                              = 8388608                                   {product} {ergonomic}
    uintx NonNMethodCodeHeapSize                   = 5839372                                {pd product} {ergonomic}
    uintx NonProfiledCodeHeapSize                  = 122909434                              {pd product} {ergonomic}
    uintx ProfiledCodeHeapSize                     = 122909434                              {pd product} {ergonomic}
    uintx ReservedCodeCacheSize                    = 251658240                              {pd product} {ergonomic}
     bool SegmentedCodeCache                       = true                                      {product} {ergonomic}
   size_t SoftMaxHeapSize                          = 4265607168                             {manageable} {ergonomic}
     bool UseCompressedClassPointers               = true                           {product lp64_product} {ergonomic}
     bool UseCompressedOops                        = true                           {product lp64_product} {ergonomic}
     bool UseG1GC                                  = true                                      {product} {ergonomic}
     bool UseLargePagesIndividualAllocation        = false                                  {pd product} {ergonomic}

Logging:
Log output configuration:
 #0: stdout all=warning uptime,level,tags
 #1: stderr all=off uptime,level,tags

Environment Variables:
JAVA_HOME=D:\Java\jdk-17
PATH=E:\Descktop\MentoraAppNew\node_modules\.bin;E:\Descktop\MentoraAppNew\node_modules\.bin;E:\Descktop\node_modules\.bin;E:\node_modules\.bin;D:\nodejs\node_modules\npm\node_modules\@npmcli\run-script\lib\node-gyp-bin;C:\Windows\system32;C:\Windows;C:\Windows\System32\Wbem;C:\Windows\System32\WindowsPowerShell\v1.0\;C:\Windows\System32\OpenSSH\;C:\nodejs;C:\Program Files\Git\cmd;D:\Programe Files\Java\jdk-17\bin;D:\nodejs;D:\gradle-9.3.1\bin;D:\Java\jdk-17\bin;D:\Java\jdk-17\bin;C:\Users\hp\AppData\Local\Microsoft\WindowsApps;C:\Users\hp\AppData\Local\Programs\Microsoft VS Code\bin;C:\Users\hp\AppData\Local\Programs\cursor\resources\app\bin;C:\Users\hp\AppData\Local\Android\Sdk\platform-tools;
USERNAME=hp
OS=Windows_NT
PROCESSOR_IDENTIFIER=Intel64 Family 6 Model 94 Stepping 3, GenuineIntel



---------------  S Y S T E M  ---------------

OS:
 Windows 11 , 64 bit Build 22000 (10.0.22000.2538)
OS uptime: 0 days 22:29 hours

CPU: total 8 (initial active 8) (4 cores per cpu, 2 threads per core) family 6 model 94 stepping 3 microcode 0xd6, cx8, cmov, fxsr, ht, mmx, 3dnowpref, sse, sse2, sse3, ssse3, sse4.1, sse4.2, popcnt, lzcnt, tsc, tscinvbit, avx, avx2, aes, erms, clmul, bmi1, bmi2, rtm, adx, fma, vzeroupper, clflush, clflushopt

Memory: 4k page, system-wide physical 16264M (1179M free)
TotalPageFile size 22358M (AvailPageFile size 5M)
current process WorkingSet (physical memory assigned to process): 268M, peak: 275M
current process commit charge ("private bytes"): 309M, peak: 406M

vm_info: Java HotSpot(TM) 64-Bit Server VM (17.0.12+8-LTS-286) for windows-amd64 JRE (17.0.12+8-LTS-286), built on Jun  5 2024 06:46:59 by "mach5one" with MS VC++ 17.6 (VS2022)

END.
