#
# There is insufficient memory for the Java Runtime Environment to continue.
# Native memory allocation (malloc) failed to allocate 32744 bytes for ChunkPool::allocate
# Possible reasons:
#   The system is out of physical RAM or swap space
#   The process is running with CompressedOops enabled, and the Java Heap may be blocking the growth of the native heap
# Possible solutions:
#   Reduce memory load on the system
#   Increase physical memory or swap space
#   Check if swap backing store is full
#   Decrease Java heap size (-Xmx/-Xms)
#   Decrease number of Java threads
#   Decrease Java thread stack sizes (-Xss)
#   Set larger code cache with -XX:ReservedCodeCacheSize=
#   JVM is running with Zero Based Compressed Oops mode in which the Java heap is
#     placed in the first 32GB address space. The Java Heap base address is the
#     maximum limit for the native heap growth. Please use -XX:HeapBaseMinAddress
#     to set the Java Heap base and to place the Java Heap above 32GB virtual address.
# This output file may be truncated or incomplete.
#
#  Out of Memory Error (arena.cpp:78), pid=14848, tid=16444
#
# JRE version: Java(TM) SE Runtime Environment (17.0.12+8) (build 17.0.12+8-LTS-286)
# Java VM: Java HotSpot(TM) 64-Bit Server VM (17.0.12+8-LTS-286, mixed mode, sharing, tiered, compressed oops, compressed class ptrs, g1 gc, windows-amd64)
# No core dump will be written. Minidumps are not enabled by default on client versions of Windows
#

---------------  S U M M A R Y ------------

Command Line: org.jetbrains.kotlin.cli.jvm.K2JVMCompiler @E:\Descktop\MentoraAppNew\android\app\build\20260209_12572820090191797955.compiler.options

Host: Intel(R) Core(TM) i7-6700HQ CPU @ 2.60GHz, 8 cores, 15G,  Windows 11 , 64 bit Build 22000 (10.0.22000.2538)
Time: Mon Feb  9 02:26:28 2026 Egypt Standard Time elapsed time: 2.960156 seconds (0d 0h 0m 2s)

---------------  T H R E A D  ---------------

Current thread (0x0000025d734d9a00):  JavaThread "C2 CompilerThread1" daemon [_thread_in_native, id=16444, stack(0x000000f9dc700000,0x000000f9dc800000)]


Current CompileTask:
C2:   2960 1095       4       org.jetbrains.kotlin.cli.jvm.compiler.jarfs.FastJarHandler::getOrCreateDirectory (106 bytes)

Stack: [0x000000f9dc700000,0x000000f9dc800000]
Native frames: (J=compiled Java code, j=interpreted, Vv=VM code, C=native code)
V  [jvm.dll+0x67a04a]
V  [jvm.dll+0x7da4ed]
V  [jvm.dll+0x7dbe33]
V  [jvm.dll+0x7dc4a3]
V  [jvm.dll+0x24508f]
V  [jvm.dll+0xab9a4]
V  [jvm.dll+0xabd3c]
V  [jvm.dll+0x659f1a]
V  [jvm.dll+0x790e4]
V  [jvm.dll+0x65751e]
V  [jvm.dll+0x68e850]
V  [jvm.dll+0x69238f]
V  [jvm.dll+0x68a3d5]
V  [jvm.dll+0x689a20]
V  [jvm.dll+0x687932]
V  [jvm.dll+0x1a5bac]
V  [jvm.dll+0x1a6708]
V  [jvm.dll+0x2a975c]
V  [jvm.dll+0x6923b6]
V  [jvm.dll+0x68a3d5]
V  [jvm.dll+0x689a20]
V  [jvm.dll+0x687932]
V  [jvm.dll+0x1a5bac]
V  [jvm.dll+0x2a975c]
V  [jvm.dll+0x6923b6]
V  [jvm.dll+0x68a3d5]
V  [jvm.dll+0x689a20]
V  [jvm.dll+0x687932]
V  [jvm.dll+0x1a5bac]
V  [jvm.dll+0x1a6708]
V  [jvm.dll+0x2a975c]
V  [jvm.dll+0x6923b6]
V  [jvm.dll+0x68a3d5]
V  [jvm.dll+0x689a20]
V  [jvm.dll+0x687932]
V  [jvm.dll+0x1a5bac]
V  [jvm.dll+0x2a975c]
V  [jvm.dll+0x6923b6]
V  [jvm.dll+0x68a3d5]
V  [jvm.dll+0x689a20]
V  [jvm.dll+0x687932]
V  [jvm.dll+0x1a5bac]
V  [jvm.dll+0x215818]
V  [jvm.dll+0x1a2960]
V  [jvm.dll+0x22610b]
V  [jvm.dll+0x2242ab]
V  [jvm.dll+0x79075c]
V  [jvm.dll+0x78abea]
V  [jvm.dll+0x678f35]
C  [ucrtbase.dll+0x26c0c]
C  [KERNEL32.DLL+0x153e0]
C  [ntdll.dll+0x485b]


---------------  P R O C E S S  ---------------

Threads class SMR info:
_java_thread_list=0x0000025d7359d230, length=14, elements={
0x0000025d0a672bb0, 0x0000025d2d3d4260, 0x0000025d2d3d4ff0, 0x0000025d2d3ebe60,
0x0000025d2d3ed740, 0x0000025d2d3ee010, 0x0000025d2d3ee8e0, 0x0000025d2d3f05a0,
0x0000025d2d55c0b0, 0x0000025d2d5605f0, 0x0000025d2d616dd0, 0x0000025d2d625700,
0x0000025d734d9a00, 0x0000025d73582480
}

Java Threads: ( => current thread )
  0x0000025d0a672bb0 JavaThread "main" [_thread_in_Java, id=15668, stack(0x000000f9daf00000,0x000000f9db000000)]
  0x0000025d2d3d4260 JavaThread "Reference Handler" daemon [_thread_blocked, id=12296, stack(0x000000f9db600000,0x000000f9db700000)]
  0x0000025d2d3d4ff0 JavaThread "Finalizer" daemon [_thread_blocked, id=9504, stack(0x000000f9db700000,0x000000f9db800000)]
  0x0000025d2d3ebe60 JavaThread "Signal Dispatcher" daemon [_thread_blocked, id=14484, stack(0x000000f9db800000,0x000000f9db900000)]
  0x0000025d2d3ed740 JavaThread "Attach Listener" daemon [_thread_blocked, id=10044, stack(0x000000f9db900000,0x000000f9dba00000)]
  0x0000025d2d3ee010 JavaThread "Service Thread" daemon [_thread_blocked, id=8316, stack(0x000000f9dba00000,0x000000f9dbb00000)]
  0x0000025d2d3ee8e0 JavaThread "Monitor Deflation Thread" daemon [_thread_blocked, id=14404, stack(0x000000f9dbb00000,0x000000f9dbc00000)]
  0x0000025d2d3f05a0 JavaThread "C2 CompilerThread0" daemon [_thread_in_native, id=3480, stack(0x000000f9dbc00000,0x000000f9dbd00000)]
  0x0000025d2d55c0b0 JavaThread "C1 CompilerThread0" daemon [_thread_blocked, id=13376, stack(0x000000f9dbd00000,0x000000f9dbe00000)]
  0x0000025d2d5605f0 JavaThread "Sweeper thread" daemon [_thread_blocked, id=14828, stack(0x000000f9dbe00000,0x000000f9dbf00000)]
  0x0000025d2d616dd0 JavaThread "Notification Thread" daemon [_thread_blocked, id=12696, stack(0x000000f9dbf00000,0x000000f9dc000000)]
  0x0000025d2d625700 JavaThread "Common-Cleaner" daemon [_thread_blocked, id=9212, stack(0x000000f9dc100000,0x000000f9dc200000)]
=>0x0000025d734d9a00 JavaThread "C2 CompilerThread1" daemon [_thread_in_native, id=16444, stack(0x000000f9dc700000,0x000000f9dc800000)]
  0x0000025d73582480 JavaThread "C2 CompilerThread2" daemon [_thread_in_native, id=16448, stack(0x000000f9dc800000,0x000000f9dc900000)]

Other Threads:
  0x0000025d2d3cefa0 VMThread "VM Thread" [stack: 0x000000f9db500000,0x000000f9db600000] [id=11172]
  0x0000025d2d6192c0 WatcherThread [stack: 0x000000f9dc000000,0x000000f9dc100000] [id=4588]
  0x0000025d0a6de340 GCTaskThread "GC Thread#0" [stack: 0x000000f9db000000,0x000000f9db100000] [id=10256]
  0x0000025d73196f60 GCTaskThread "GC Thread#1" [stack: 0x000000f9dc200000,0x000000f9dc300000] [id=16416]
  0x0000025d73197220 GCTaskThread "GC Thread#2" [stack: 0x000000f9dc300000,0x000000f9dc400000] [id=16420]
  0x0000025d731974e0 GCTaskThread "GC Thread#3" [stack: 0x000000f9dc400000,0x000000f9dc500000] [id=16424]
  0x0000025d731977a0 GCTaskThread "GC Thread#4" [stack: 0x000000f9dc500000,0x000000f9dc600000] [id=16428]
  0x0000025d731d6cc0 GCTaskThread "GC Thread#5" [stack: 0x000000f9dc600000,0x000000f9dc700000] [id=16432]
  0x0000025d0a6eefe0 ConcurrentGCThread "G1 Main Marker" [stack: 0x000000f9db100000,0x000000f9db200000] [id=1220]
  0x0000025d0a6ef900 ConcurrentGCThread "G1 Conc#0" [stack: 0x000000f9db200000,0x000000f9db300000] [id=15172]
  0x0000025d0a7423a0 ConcurrentGCThread "G1 Refine#0" [stack: 0x000000f9db300000,0x000000f9db400000] [id=9900]
  0x0000025d0a742ce0 ConcurrentGCThread "G1 Service" [stack: 0x000000f9db400000,0x000000f9db500000] [id=15476]

Threads with active compile tasks:
C2 CompilerThread0     3058 1096       4       org.jetbrains.kotlin.cli.jvm.compiler.jarfs.FastJarHandler::createFile (81 bytes)
C2 CompilerThread1     3058 1095       4       org.jetbrains.kotlin.cli.jvm.compiler.jarfs.FastJarHandler::getOrCreateDirectory (106 bytes)
C2 CompilerThread2     3058 1092       4       org.jetbrains.kotlin.cli.jvm.compiler.jarfs.FastJarVirtualFile::<init> (93 bytes)

VM state: not at safepoint (normal execution)

VM Mutex/Monitor currently owned by a thread: None

Heap address: 0x0000000701c00000, size: 4068 MB, Compressed Oops mode: Zero based, Oop shift amount: 3

CDS archive(s) mapped at: [0x0000025d2e000000-0x0000025d2ebd0000-0x0000025d2ebd0000), size 12386304, SharedBaseAddress: 0x0000025d2e000000, ArchiveRelocationMode: 1.
Compressed class space mapped at: 0x0000025d2f000000-0x0000025d6f000000, reserved size: 1073741824
Narrow klass base: 0x0000025d2e000000, Narrow klass shift: 0, Narrow klass range: 0x100000000

GC Precious Log:
 CPUs: 8 total, 8 available
 Memory: 16264M
 Large Page Support: Disabled
 NUMA Support: Disabled
 Compressed Oops: Enabled (Zero based)
 Heap Region Size: 2M
 Heap Min Capacity: 8M
 Heap Initial Capacity: 256M
 Heap Max Capacity: 4068M
 Pre-touch: Disabled
 Parallel Workers: 8
 Concurrent Workers: 2
 Concurrent Refinement Workers: 8
 Periodic GC: Disabled

Heap:
 garbage-first heap   total 262144K, used 37570K [0x0000000701c00000, 0x0000000800000000)
  region size 2048K, 18 young (36864K), 2 survivors (4096K)
 Metaspace       used 13729K, committed 13952K, reserved 1114112K
  class space    used 1478K, committed 1600K, reserved 1048576K

Heap Regions: E=young(eden), S=young(survivor), O=old, HS=humongous(starts), HC=humongous(continues), CS=collection set, F=free, OA=open archive, CA=closed archive, TAMS=top-at-mark-start (previous, next)
|   0|0x0000000701c00000, 0x0000000701e00000, 0x0000000701e00000|100%|HS|  |TAMS 0x0000000701c00000, 0x0000000701c00000| Complete 
|   1|0x0000000701e00000, 0x0000000702000000, 0x0000000702000000|100%|HC|  |TAMS 0x0000000701e00000, 0x0000000701e00000| Complete 
|   2|0x0000000702000000, 0x0000000702000000, 0x0000000702200000|  0%| F|  |TAMS 0x0000000702000000, 0x0000000702000000| Untracked 
|   3|0x0000000702200000, 0x0000000702200000, 0x0000000702400000|  0%| F|  |TAMS 0x0000000702200000, 0x0000000702200000| Untracked 
|   4|0x0000000702400000, 0x0000000702400000, 0x0000000702600000|  0%| F|  |TAMS 0x0000000702400000, 0x0000000702400000| Untracked 
|   5|0x0000000702600000, 0x0000000702600000, 0x0000000702800000|  0%| F|  |TAMS 0x0000000702600000, 0x0000000702600000| Untracked 
|   6|0x0000000702800000, 0x0000000702800000, 0x0000000702a00000|  0%| F|  |TAMS 0x0000000702800000, 0x0000000702800000| Untracked 
|   7|0x0000000702a00000, 0x0000000702a00000, 0x0000000702c00000|  0%| F|  |TAMS 0x0000000702a00000, 0x0000000702a00000| Untracked 
|   8|0x0000000702c00000, 0x0000000702c00000, 0x0000000702e00000|  0%| F|  |TAMS 0x0000000702c00000, 0x0000000702c00000| Untracked 
|   9|0x0000000702e00000, 0x0000000702e00000, 0x0000000703000000|  0%| F|  |TAMS 0x0000000702e00000, 0x0000000702e00000| Untracked 
|  10|0x0000000703000000, 0x0000000703000000, 0x0000000703200000|  0%| F|  |TAMS 0x0000000703000000, 0x0000000703000000| Untracked 
|  11|0x0000000703200000, 0x0000000703200000, 0x0000000703400000|  0%| F|  |TAMS 0x0000000703200000, 0x0000000703200000| Untracked 
|  12|0x0000000703400000, 0x0000000703400000, 0x0000000703600000|  0%| F|  |TAMS 0x0000000703400000, 0x0000000703400000| Untracked 
|  13|0x0000000703600000, 0x0000000703600000, 0x0000000703800000|  0%| F|  |TAMS 0x0000000703600000, 0x0000000703600000| Untracked 
|  14|0x0000000703800000, 0x0000000703800000, 0x0000000703a00000|  0%| F|  |TAMS 0x0000000703800000, 0x0000000703800000| Untracked 
|  15|0x0000000703a00000, 0x0000000703a00000, 0x0000000703c00000|  0%| F|  |TAMS 0x0000000703a00000, 0x0000000703a00000| Untracked 
|  16|0x0000000703c00000, 0x0000000703c00000, 0x0000000703e00000|  0%| F|  |TAMS 0x0000000703c00000, 0x0000000703c00000| Untracked 
|  17|0x0000000703e00000, 0x0000000703e00000, 0x0000000704000000|  0%| F|  |TAMS 0x0000000703e00000, 0x0000000703e00000| Untracked 
|  18|0x0000000704000000, 0x0000000704000000, 0x0000000704200000|  0%| F|  |TAMS 0x0000000704000000, 0x0000000704000000| Untracked 
|  19|0x0000000704200000, 0x0000000704200000, 0x0000000704400000|  0%| F|  |TAMS 0x0000000704200000, 0x0000000704200000| Untracked 
|  20|0x0000000704400000, 0x0000000704400000, 0x0000000704600000|  0%| F|  |TAMS 0x0000000704400000, 0x0000000704400000| Untracked 
|  21|0x0000000704600000, 0x0000000704600000, 0x0000000704800000|  0%| F|  |TAMS 0x0000000704600000, 0x0000000704600000| Untracked 
|  22|0x0000000704800000, 0x0000000704800000, 0x0000000704a00000|  0%| F|  |TAMS 0x0000000704800000, 0x0000000704800000| Untracked 
|  23|0x0000000704a00000, 0x0000000704a00000, 0x0000000704c00000|  0%| F|  |TAMS 0x0000000704a00000, 0x0000000704a00000| Untracked 
|  24|0x0000000704c00000, 0x0000000704c00000, 0x0000000704e00000|  0%| F|  |TAMS 0x0000000704c00000, 0x0000000704c00000| Untracked 
|  25|0x0000000704e00000, 0x0000000704e00000, 0x0000000705000000|  0%| F|  |TAMS 0x0000000704e00000, 0x0000000704e00000| Untracked 
|  26|0x0000000705000000, 0x0000000705000000, 0x0000000705200000|  0%| F|  |TAMS 0x0000000705000000, 0x0000000705000000| Untracked 
|  27|0x0000000705200000, 0x0000000705200000, 0x0000000705400000|  0%| F|  |TAMS 0x0000000705200000, 0x0000000705200000| Untracked 
|  28|0x0000000705400000, 0x0000000705400000, 0x0000000705600000|  0%| F|  |TAMS 0x0000000705400000, 0x0000000705400000| Untracked 
|  29|0x0000000705600000, 0x0000000705600000, 0x0000000705800000|  0%| F|  |TAMS 0x0000000705600000, 0x0000000705600000| Untracked 
|  30|0x0000000705800000, 0x0000000705800000, 0x0000000705a00000|  0%| F|  |TAMS 0x0000000705800000, 0x0000000705800000| Untracked 
|  31|0x0000000705a00000, 0x0000000705a00000, 0x0000000705c00000|  0%| F|  |TAMS 0x0000000705a00000, 0x0000000705a00000| Untracked 
|  32|0x0000000705c00000, 0x0000000705c00000, 0x0000000705e00000|  0%| F|  |TAMS 0x0000000705c00000, 0x0000000705c00000| Untracked 
|  33|0x0000000705e00000, 0x0000000705e00000, 0x0000000706000000|  0%| F|  |TAMS 0x0000000705e00000, 0x0000000705e00000| Untracked 
|  34|0x0000000706000000, 0x0000000706000000, 0x0000000706200000|  0%| F|  |TAMS 0x0000000706000000, 0x0000000706000000| Untracked 
|  35|0x0000000706200000, 0x0000000706200000, 0x0000000706400000|  0%| F|  |TAMS 0x0000000706200000, 0x0000000706200000| Untracked 
|  36|0x0000000706400000, 0x0000000706400000, 0x0000000706600000|  0%| F|  |TAMS 0x0000000706400000, 0x0000000706400000| Untracked 
|  37|0x0000000706600000, 0x0000000706600000, 0x0000000706800000|  0%| F|  |TAMS 0x0000000706600000, 0x0000000706600000| Untracked 
|  38|0x0000000706800000, 0x0000000706800000, 0x0000000706a00000|  0%| F|  |TAMS 0x0000000706800000, 0x0000000706800000| Untracked 
|  39|0x0000000706a00000, 0x0000000706a00000, 0x0000000706c00000|  0%| F|  |TAMS 0x0000000706a00000, 0x0000000706a00000| Untracked 
|  40|0x0000000706c00000, 0x0000000706c00000, 0x0000000706e00000|  0%| F|  |TAMS 0x0000000706c00000, 0x0000000706c00000| Untracked 
|  41|0x0000000706e00000, 0x0000000706e00000, 0x0000000707000000|  0%| F|  |TAMS 0x0000000706e00000, 0x0000000706e00000| Untracked 
|  42|0x0000000707000000, 0x0000000707000000, 0x0000000707200000|  0%| F|  |TAMS 0x0000000707000000, 0x0000000707000000| Untracked 
|  43|0x0000000707200000, 0x0000000707200000, 0x0000000707400000|  0%| F|  |TAMS 0x0000000707200000, 0x0000000707200000| Untracked 
|  44|0x0000000707400000, 0x0000000707400000, 0x0000000707600000|  0%| F|  |TAMS 0x0000000707400000, 0x0000000707400000| Untracked 
|  45|0x0000000707600000, 0x0000000707600000, 0x0000000707800000|  0%| F|  |TAMS 0x0000000707600000, 0x0000000707600000| Untracked 
|  46|0x0000000707800000, 0x0000000707800000, 0x0000000707a00000|  0%| F|  |TAMS 0x0000000707800000, 0x0000000707800000| Untracked 
|  47|0x0000000707a00000, 0x0000000707a00000, 0x0000000707c00000|  0%| F|  |TAMS 0x0000000707a00000, 0x0000000707a00000| Untracked 
|  48|0x0000000707c00000, 0x0000000707c00000, 0x0000000707e00000|  0%| F|  |TAMS 0x0000000707c00000, 0x0000000707c00000| Untracked 
|  49|0x0000000707e00000, 0x0000000707e00000, 0x0000000708000000|  0%| F|  |TAMS 0x0000000707e00000, 0x0000000707e00000| Untracked 
|  50|0x0000000708000000, 0x0000000708000000, 0x0000000708200000|  0%| F|  |TAMS 0x0000000708000000, 0x0000000708000000| Untracked 
|  51|0x0000000708200000, 0x0000000708200000, 0x0000000708400000|  0%| F|  |TAMS 0x0000000708200000, 0x0000000708200000| Untracked 
|  52|0x0000000708400000, 0x0000000708400000, 0x0000000708600000|  0%| F|  |TAMS 0x0000000708400000, 0x0000000708400000| Untracked 
|  53|0x0000000708600000, 0x0000000708600000, 0x0000000708800000|  0%| F|  |TAMS 0x0000000708600000, 0x0000000708600000| Untracked 
|  54|0x0000000708800000, 0x0000000708800000, 0x0000000708a00000|  0%| F|  |TAMS 0x0000000708800000, 0x0000000708800000| Untracked 
|  55|0x0000000708a00000, 0x0000000708a00000, 0x0000000708c00000|  0%| F|  |TAMS 0x0000000708a00000, 0x0000000708a00000| Untracked 
|  56|0x0000000708c00000, 0x0000000708c00000, 0x0000000708e00000|  0%| F|  |TAMS 0x0000000708c00000, 0x0000000708c00000| Untracked 
|  57|0x0000000708e00000, 0x0000000708e00000, 0x0000000709000000|  0%| F|  |TAMS 0x0000000708e00000, 0x0000000708e00000| Untracked 
|  58|0x0000000709000000, 0x0000000709000000, 0x0000000709200000|  0%| F|  |TAMS 0x0000000709000000, 0x0000000709000000| Untracked 
|  59|0x0000000709200000, 0x0000000709200000, 0x0000000709400000|  0%| F|  |TAMS 0x0000000709200000, 0x0000000709200000| Untracked 
|  60|0x0000000709400000, 0x0000000709400000, 0x0000000709600000|  0%| F|  |TAMS 0x0000000709400000, 0x0000000709400000| Untracked 
|  61|0x0000000709600000, 0x0000000709600000, 0x0000000709800000|  0%| F|  |TAMS 0x0000000709600000, 0x0000000709600000| Untracked 
|  62|0x0000000709800000, 0x0000000709800000, 0x0000000709a00000|  0%| F|  |TAMS 0x0000000709800000, 0x0000000709800000| Untracked 
|  63|0x0000000709a00000, 0x0000000709a00000, 0x0000000709c00000|  0%| F|  |TAMS 0x0000000709a00000, 0x0000000709a00000| Untracked 
|  64|0x0000000709c00000, 0x0000000709c00000, 0x0000000709e00000|  0%| F|  |TAMS 0x0000000709c00000, 0x0000000709c00000| Untracked 
|  65|0x0000000709e00000, 0x0000000709e00000, 0x000000070a000000|  0%| F|  |TAMS 0x0000000709e00000, 0x0000000709e00000| Untracked 
|  66|0x000000070a000000, 0x000000070a000000, 0x000000070a200000|  0%| F|  |TAMS 0x000000070a000000, 0x000000070a000000| Untracked 
|  67|0x000000070a200000, 0x000000070a200000, 0x000000070a400000|  0%| F|  |TAMS 0x000000070a200000, 0x000000070a200000| Untracked 
|  68|0x000000070a400000, 0x000000070a400000, 0x000000070a600000|  0%| F|  |TAMS 0x000000070a400000, 0x000000070a400000| Untracked 
|  69|0x000000070a600000, 0x000000070a600000, 0x000000070a800000|  0%| F|  |TAMS 0x000000070a600000, 0x000000070a600000| Untracked 
|  70|0x000000070a800000, 0x000000070a800000, 0x000000070aa00000|  0%| F|  |TAMS 0x000000070a800000, 0x000000070a800000| Untracked 
|  71|0x000000070aa00000, 0x000000070aa00000, 0x000000070ac00000|  0%| F|  |TAMS 0x000000070aa00000, 0x000000070aa00000| Untracked 
|  72|0x000000070ac00000, 0x000000070ac00000, 0x000000070ae00000|  0%| F|  |TAMS 0x000000070ac00000, 0x000000070ac00000| Untracked 
|  73|0x000000070ae00000, 0x000000070ae00000, 0x000000070b000000|  0%| F|  |TAMS 0x000000070ae00000, 0x000000070ae00000| Untracked 
|  74|0x000000070b000000, 0x000000070b000000, 0x000000070b200000|  0%| F|  |TAMS 0x000000070b000000, 0x000000070b000000| Untracked 
|  75|0x000000070b200000, 0x000000070b200000, 0x000000070b400000|  0%| F|  |TAMS 0x000000070b200000, 0x000000070b200000| Untracked 
|  76|0x000000070b400000, 0x000000070b400000, 0x000000070b600000|  0%| F|  |TAMS 0x000000070b400000, 0x000000070b400000| Untracked 
|  77|0x000000070b600000, 0x000000070b600000, 0x000000070b800000|  0%| F|  |TAMS 0x000000070b600000, 0x000000070b600000| Untracked 
|  78|0x000000070b800000, 0x000000070b800000, 0x000000070ba00000|  0%| F|  |TAMS 0x000000070b800000, 0x000000070b800000| Untracked 
|  79|0x000000070ba00000, 0x000000070ba00000, 0x000000070bc00000|  0%| F|  |TAMS 0x000000070ba00000, 0x000000070ba00000| Untracked 
|  80|0x000000070bc00000, 0x000000070bc00000, 0x000000070be00000|  0%| F|  |TAMS 0x000000070bc00000, 0x000000070bc00000| Untracked 
|  81|0x000000070be00000, 0x000000070be00000, 0x000000070c000000|  0%| F|  |TAMS 0x000000070be00000, 0x000000070be00000| Untracked 
|  82|0x000000070c000000, 0x000000070c000000, 0x000000070c200000|  0%| F|  |TAMS 0x000000070c000000, 0x000000070c000000| Untracked 
|  83|0x000000070c200000, 0x000000070c200000, 0x000000070c400000|  0%| F|  |TAMS 0x000000070c200000, 0x000000070c200000| Untracked 
|  84|0x000000070c400000, 0x000000070c400000, 0x000000070c600000|  0%| F|  |TAMS 0x000000070c400000, 0x000000070c400000| Untracked 
|  85|0x000000070c600000, 0x000000070c600000, 0x000000070c800000|  0%| F|  |TAMS 0x000000070c600000, 0x000000070c600000| Untracked 
|  86|0x000000070c800000, 0x000000070c800000, 0x000000070ca00000|  0%| F|  |TAMS 0x000000070c800000, 0x000000070c800000| Untracked 
|  87|0x000000070ca00000, 0x000000070ca00000, 0x000000070cc00000|  0%| F|  |TAMS 0x000000070ca00000, 0x000000070ca00000| Untracked 
|  88|0x000000070cc00000, 0x000000070cc00000, 0x000000070ce00000|  0%| F|  |TAMS 0x000000070cc00000, 0x000000070cc00000| Untracked 
|  89|0x000000070ce00000, 0x000000070ce00000, 0x000000070d000000|  0%| F|  |TAMS 0x000000070ce00000, 0x000000070ce00000| Untracked 
|  90|0x000000070d000000, 0x000000070d000000, 0x000000070d200000|  0%| F|  |TAMS 0x000000070d000000, 0x000000070d000000| Untracked 
|  91|0x000000070d200000, 0x000000070d200000, 0x000000070d400000|  0%| F|  |TAMS 0x000000070d200000, 0x000000070d200000| Untracked 
|  92|0x000000070d400000, 0x000000070d400000, 0x000000070d600000|  0%| F|  |TAMS 0x000000070d400000, 0x000000070d400000| Untracked 
|  93|0x000000070d600000, 0x000000070d600000, 0x000000070d800000|  0%| F|  |TAMS 0x000000070d600000, 0x000000070d600000| Untracked 
|  94|0x000000070d800000, 0x000000070d800000, 0x000000070da00000|  0%| F|  |TAMS 0x000000070d800000, 0x000000070d800000| Untracked 
|  95|0x000000070da00000, 0x000000070da00000, 0x000000070dc00000|  0%| F|  |TAMS 0x000000070da00000, 0x000000070da00000| Untracked 
|  96|0x000000070dc00000, 0x000000070dc00000, 0x000000070de00000|  0%| F|  |TAMS 0x000000070dc00000, 0x000000070dc00000| Untracked 
|  97|0x000000070de00000, 0x000000070de00000, 0x000000070e000000|  0%| F|  |TAMS 0x000000070de00000, 0x000000070de00000| Untracked 
|  98|0x000000070e000000, 0x000000070e000000, 0x000000070e200000|  0%| F|  |TAMS 0x000000070e000000, 0x000000070e000000| Untracked 
|  99|0x000000070e200000, 0x000000070e200000, 0x000000070e400000|  0%| F|  |TAMS 0x000000070e200000, 0x000000070e200000| Untracked 
| 100|0x000000070e400000, 0x000000070e400000, 0x000000070e600000|  0%| F|  |TAMS 0x000000070e400000, 0x000000070e400000| Untracked 
| 101|0x000000070e600000, 0x000000070e600000, 0x000000070e800000|  0%| F|  |TAMS 0x000000070e600000, 0x000000070e600000| Untracked 
| 102|0x000000070e800000, 0x000000070e800000, 0x000000070ea00000|  0%| F|  |TAMS 0x000000070e800000, 0x000000070e800000| Untracked 
| 103|0x000000070ea00000, 0x000000070ea00000, 0x000000070ec00000|  0%| F|  |TAMS 0x000000070ea00000, 0x000000070ea00000| Untracked 
| 104|0x000000070ec00000, 0x000000070ec00000, 0x000000070ee00000|  0%| F|  |TAMS 0x000000070ec00000, 0x000000070ec00000| Untracked 
| 105|0x000000070ee00000, 0x000000070ee00000, 0x000000070f000000|  0%| F|  |TAMS 0x000000070ee00000, 0x000000070ee00000| Untracked 
| 106|0x000000070f000000, 0x000000070f000000, 0x000000070f200000|  0%| F|  |TAMS 0x000000070f000000, 0x000000070f000000| Untracked 
| 107|0x000000070f200000, 0x000000070f200000, 0x000000070f400000|  0%| F|  |TAMS 0x000000070f200000, 0x000000070f200000| Untracked 
| 108|0x000000070f400000, 0x000000070f400000, 0x000000070f600000|  0%| F|  |TAMS 0x000000070f400000, 0x000000070f400000| Untracked 
| 109|0x000000070f600000, 0x000000070f600000, 0x000000070f800000|  0%| F|  |TAMS 0x000000070f600000, 0x000000070f600000| Untracked 
| 110|0x000000070f800000, 0x000000070f971028, 0x000000070fa00000| 72%| E|  |TAMS 0x000000070f800000, 0x000000070f800000| Complete 
| 111|0x000000070fa00000, 0x000000070fc00000, 0x000000070fc00000|100%| E|CS|TAMS 0x000000070fa00000, 0x000000070fa00000| Complete 
| 112|0x000000070fc00000, 0x000000070fe00000, 0x000000070fe00000|100%| E|CS|TAMS 0x000000070fc00000, 0x000000070fc00000| Complete 
| 113|0x000000070fe00000, 0x0000000710000000, 0x0000000710000000|100%| E|CS|TAMS 0x000000070fe00000, 0x000000070fe00000| Complete 
| 114|0x0000000710000000, 0x0000000710200000, 0x0000000710200000|100%| E|CS|TAMS 0x0000000710000000, 0x0000000710000000| Complete 
| 115|0x0000000710200000, 0x00000007102b0aa0, 0x0000000710400000| 34%| S|CS|TAMS 0x0000000710200000, 0x0000000710200000| Complete 
| 116|0x0000000710400000, 0x0000000710600000, 0x0000000710600000|100%| S|CS|TAMS 0x0000000710400000, 0x0000000710400000| Complete 
| 117|0x0000000710600000, 0x0000000710800000, 0x0000000710800000|100%| E|CS|TAMS 0x0000000710600000, 0x0000000710600000| Complete 
| 118|0x0000000710800000, 0x0000000710a00000, 0x0000000710a00000|100%| E|CS|TAMS 0x0000000710800000, 0x0000000710800000| Complete 
| 119|0x0000000710a00000, 0x0000000710c00000, 0x0000000710c00000|100%| E|CS|TAMS 0x0000000710a00000, 0x0000000710a00000| Complete 
| 120|0x0000000710c00000, 0x0000000710e00000, 0x0000000710e00000|100%| E|CS|TAMS 0x0000000710c00000, 0x0000000710c00000| Complete 
| 121|0x0000000710e00000, 0x0000000711000000, 0x0000000711000000|100%| E|CS|TAMS 0x0000000710e00000, 0x0000000710e00000| Complete 
| 122|0x0000000711000000, 0x0000000711200000, 0x0000000711200000|100%| E|CS|TAMS 0x0000000711000000, 0x0000000711000000| Complete 
| 123|0x0000000711200000, 0x0000000711400000, 0x0000000711400000|100%| E|CS|TAMS 0x0000000711200000, 0x0000000711200000| Complete 
| 124|0x0000000711400000, 0x0000000711600000, 0x0000000711600000|100%| E|CS|TAMS 0x0000000711400000, 0x0000000711400000| Complete 
| 125|0x0000000711600000, 0x0000000711800000, 0x0000000711800000|100%| E|CS|TAMS 0x0000000711600000, 0x0000000711600000| Complete 
| 126|0x0000000711800000, 0x0000000711a00000, 0x0000000711a00000|100%| E|CS|TAMS 0x0000000711800000, 0x0000000711800000| Complete 
| 127|0x0000000711a00000, 0x0000000711c00000, 0x0000000711c00000|100%| E|CS|TAMS 0x0000000711a00000, 0x0000000711a00000| Complete 

Card table byte_map: [0x0000025d21a70000,0x0000025d22270000] _byte_map_base: 0x0000025d1e262000

Marking Bits (Prev, Next): (CMBitMap*) 0x0000025d0a6de870, (CMBitMap*) 0x0000025d0a6de8b0
 Prev Bits: [0x0000025d22a70000, 0x0000025d26a00000)
 Next Bits: [0x0000025d26a00000, 0x0000025d2a990000)

Polling page: 0x0000025d08640000

Metaspace:

Usage:
  Non-class:     11.96 MB used.
      Class:      1.44 MB used.
       Both:     13.41 MB used.

Virtual space:
  Non-class space:       64.00 MB reserved,      12.06 MB ( 19%) committed,  1 nodes.
      Class space:        1.00 GB reserved,       1.56 MB ( <1%) committed,  1 nodes.
             Both:        1.06 GB reserved,      13.62 MB (  1%) committed. 

Chunk freelists:
   Non-Class:  1.72 MB
       Class:  14.42 MB
        Both:  16.14 MB

MaxMetaspaceSize: unlimited
CompressedClassSpaceSize: 1.00 GB
Initial GC threshold: 21.00 MB
Current GC threshold: 21.00 MB
CDS: on
MetaspaceReclaimPolicy: balanced
 - commit_granule_bytes: 65536.
 - commit_granule_words: 8192.
 - virtual_space_node_default_size: 8388608.
 - enlarge_chunks_in_place: 1.
 - new_chunks_are_fully_committed: 0.
 - uncommit_free_chunks: 1.
 - use_allocation_guard: 0.
 - handle_deallocations: 1.


Internal statistics:

num_allocs_failed_limit: 0.
num_arena_births: 138.
num_arena_deaths: 0.
num_vsnodes_births: 2.
num_vsnodes_deaths: 0.
num_space_committed: 218.
num_space_uncommitted: 0.
num_chunks_returned_to_freelist: 0.
num_chunks_taken_from_freelist: 626.
num_chunk_merges: 0.
num_chunk_splits: 466.
num_chunks_enlarged: 395.
num_inconsistent_stats: 0.

CodeHeap 'non-profiled nmethods': size=120000Kb used=390Kb max_used=390Kb free=119610Kb
 bounds [0x0000025d19a10000, 0x0000025d19c80000, 0x0000025d20f40000]
CodeHeap 'profiled nmethods': size=120000Kb used=1879Kb max_used=1879Kb free=118120Kb
 bounds [0x0000025d11f40000, 0x0000025d121b0000, 0x0000025d19470000]
CodeHeap 'non-nmethods': size=5760Kb used=1191Kb max_used=1213Kb free=4568Kb
 bounds [0x0000025d19470000, 0x0000025d196e0000, 0x0000025d19a10000]
 total_blobs=1593 nmethods=1099 adapters=407
 compilation: enabled
              stopped_count=0, restarted_count=0
 full_count=0

Compilation events (20 events):
Event: 2.930 Thread 0x0000025d2d55c0b0 1085       3       java.util.ArrayList::grow (60 bytes)
Event: 2.930 Thread 0x0000025d2d55c0b0 nmethod 1085 0x0000025d1210e390 code [0x0000025d1210e580, 0x0000025d1210ebf8]
Event: 2.930 Thread 0x0000025d2d55c0b0 1086       3       java.util.ArrayList::grow (11 bytes)
Event: 2.930 Thread 0x0000025d2d55c0b0 nmethod 1086 0x0000025d1210ee10 code [0x0000025d1210efa0, 0x0000025d1210f0e8]
Event: 2.930 Thread 0x0000025d2d55c0b0 1087       3       java.util.Arrays::copyOf (10 bytes)
Event: 2.930 Thread 0x0000025d2d55c0b0 nmethod 1087 0x0000025d1210f190 code [0x0000025d1210f340, 0x0000025d1210f488]
Event: 2.935 Thread 0x0000025d2d3f05a0 nmethod 1083 0x0000025d19a6de90 code [0x0000025d19a6e000, 0x0000025d19a6e3d8]
Event: 2.936 Thread 0x0000025d2d3f05a0 1089       4       org.jetbrains.kotlin.cli.jvm.compiler.jarfs.ByteArrayCharSequence::subSequence (44 bytes)
Event: 2.938 Thread 0x0000025d2d3f05a0 nmethod 1089 0x0000025d19a6e510 code [0x0000025d19a6e6a0, 0x0000025d19a6e898]
Event: 2.938 Thread 0x0000025d2d3f05a0 1090       4       org.jetbrains.kotlin.cli.jvm.compiler.jarfs.ZipEntryDescription::isDirectory (15 bytes)
Event: 2.939 Thread 0x0000025d2d3f05a0 nmethod 1090 0x0000025d19a6ea10 code [0x0000025d19a6eb80, 0x0000025d19a6ec18]
Event: 2.939 Thread 0x0000025d2d3f05a0 1088       4       java.util.HashMap::get (19 bytes)
Event: 2.939 Thread 0x0000025d73582480 nmethod 1084 0x0000025d19a6ed10 code [0x0000025d19a6eea0, 0x0000025d19a6f4b8]
Event: 2.940 Thread 0x0000025d73582480 1091       4       java.lang.String::<init> (74 bytes)
Event: 2.941 Thread 0x0000025d734d9a00 nmethod 1082 0x0000025d19a6f710 code [0x0000025d19a6f8c0, 0x0000025d19a70058]
Event: 2.941 Thread 0x0000025d734d9a00 1095       4       org.jetbrains.kotlin.cli.jvm.compiler.jarfs.FastJarHandler::getOrCreateDirectory (106 bytes)
Event: 2.943 Thread 0x0000025d73582480 nmethod 1091 0x0000025d19a70390 code [0x0000025d19a70520, 0x0000025d19a70898]
Event: 2.943 Thread 0x0000025d73582480 1092       4       org.jetbrains.kotlin.cli.jvm.compiler.jarfs.FastJarVirtualFile::<init> (93 bytes)
Event: 2.945 Thread 0x0000025d2d3f05a0 nmethod 1088 0x0000025d19a70a10 code [0x0000025d19a70bc0, 0x0000025d19a71088]
Event: 2.945 Thread 0x0000025d2d3f05a0 1096       4       org.jetbrains.kotlin.cli.jvm.compiler.jarfs.FastJarHandler::createFile (81 bytes)

GC Heap History (2 events):
Event: 1.692 GC heap before
{Heap before GC invocations=0 (full 0):
 garbage-first heap   total 262144K, used 24576K [0x0000000701c00000, 0x0000000800000000)
  region size 2048K, 11 young (22528K), 0 survivors (0K)
 Metaspace       used 6633K, committed 6848K, reserved 1114112K
  class space    used 608K, committed 704K, reserved 1048576K
}
Event: 1.746 GC heap after
{Heap after GC invocations=1 (full 0):
 garbage-first heap   total 262144K, used 6850K [0x0000000701c00000, 0x0000000800000000)
  region size 2048K, 2 young (4096K), 2 survivors (4096K)
 Metaspace       used 6633K, committed 6848K, reserved 1114112K
  class space    used 608K, committed 704K, reserved 1048576K
}

Deoptimization events (20 events):
Event: 2.920 Thread 0x0000025d0a672bb0 Uncommon trap: trap_request=0xffffffde fr.pc=0x0000025d19a6a9d8 relative=0x0000000000000318
Event: 2.920 Thread 0x0000025d0a672bb0 Uncommon trap: reason=class_check action=maybe_recompile pc=0x0000025d19a6a9d8 method=org.jetbrains.kotlin.cli.jvm.compiler.jarfs.LargeDynamicMappedBuffer.withMappedRange(JJLkotlin/jvm/functions/Function1;)Ljava/lang/Object; @ 344 c2
Event: 2.920 Thread 0x0000025d0a672bb0 DEOPT PACKING pc=0x0000025d19a6a9d8 sp=0x000000f9daffda90
Event: 2.920 Thread 0x0000025d0a672bb0 DEOPT UNPACKING pc=0x0000025d194c23a3 sp=0x000000f9daffd9f8 mode 2
Event: 2.922 Thread 0x0000025d0a672bb0 Uncommon trap: trap_request=0xffffffde fr.pc=0x0000025d19a2a7a8 relative=0x00000000000001a8
Event: 2.922 Thread 0x0000025d0a672bb0 Uncommon trap: reason=class_check action=maybe_recompile pc=0x0000025d19a2a7a8 method=java.lang.String.equals(Ljava/lang/Object;)Z @ 8 c2
Event: 2.922 Thread 0x0000025d0a672bb0 DEOPT PACKING pc=0x0000025d19a2a7a8 sp=0x000000f9daffdac0
Event: 2.922 Thread 0x0000025d0a672bb0 DEOPT UNPACKING pc=0x0000025d194c23a3 sp=0x000000f9daffda58 mode 2
Event: 2.922 Thread 0x0000025d0a672bb0 Uncommon trap: trap_request=0xffffffde fr.pc=0x0000025d19a2a7a8 relative=0x00000000000001a8
Event: 2.922 Thread 0x0000025d0a672bb0 Uncommon trap: reason=class_check action=maybe_recompile pc=0x0000025d19a2a7a8 method=java.lang.String.equals(Ljava/lang/Object;)Z @ 8 c2
Event: 2.922 Thread 0x0000025d0a672bb0 DEOPT PACKING pc=0x0000025d19a2a7a8 sp=0x000000f9daffdac0
Event: 2.922 Thread 0x0000025d0a672bb0 DEOPT UNPACKING pc=0x0000025d194c23a3 sp=0x000000f9daffda58 mode 2
Event: 2.922 Thread 0x0000025d0a672bb0 Uncommon trap: trap_request=0xffffffde fr.pc=0x0000025d19a2a7a8 relative=0x00000000000001a8
Event: 2.922 Thread 0x0000025d0a672bb0 Uncommon trap: reason=class_check action=maybe_recompile pc=0x0000025d19a2a7a8 method=java.lang.String.equals(Ljava/lang/Object;)Z @ 8 c2
Event: 2.922 Thread 0x0000025d0a672bb0 DEOPT PACKING pc=0x0000025d19a2a7a8 sp=0x000000f9daffdac0
Event: 2.922 Thread 0x0000025d0a672bb0 DEOPT UNPACKING pc=0x0000025d194c23a3 sp=0x000000f9daffda58 mode 2
Event: 2.923 Thread 0x0000025d0a672bb0 Uncommon trap: trap_request=0xffffffde fr.pc=0x0000025d19a2a7a8 relative=0x00000000000001a8
Event: 2.923 Thread 0x0000025d0a672bb0 Uncommon trap: reason=class_check action=maybe_recompile pc=0x0000025d19a2a7a8 method=java.lang.String.equals(Ljava/lang/Object;)Z @ 8 c2
Event: 2.923 Thread 0x0000025d0a672bb0 DEOPT PACKING pc=0x0000025d19a2a7a8 sp=0x000000f9daffdac0
Event: 2.923 Thread 0x0000025d0a672bb0 DEOPT UNPACKING pc=0x0000025d194c23a3 sp=0x000000f9daffda58 mode 2

Classes unloaded (0 events):
No events

Classes redefined (0 events):
No events

Internal exceptions (20 events):
Event: 1.968 Thread 0x0000025d0a672bb0 Exception <a 'java/lang/NoSuchMethodError'{0x000000071175b0a8}: 'int java.lang.invoke.DirectMethodHandle$Holder.invokeSpecial(java.lang.Object, java.lang.Object, java.lang.Object)'> (0x000000071175b0a8) 
thrown [s\open\src\hotspot\share\interpreter\linkResolver.cpp, line 759]
Event: 1.968 Thread 0x0000025d0a672bb0 Exception <a 'java/lang/NoSuchMethodError'{0x000000071175eee0}: 'int java.lang.invoke.DirectMethodHandle$Holder.invokeSpecial(java.lang.Object, java.lang.Object, java.lang.Object, java.lang.Object)'> (0x000000071175eee0) 
thrown [s\open\src\hotspot\share\interpreter\linkResolver.cpp, line 759]
Event: 1.971 Thread 0x0000025d0a672bb0 Exception <a 'java/lang/NoSuchMethodError'{0x000000071176de80}: 'void java.lang.invoke.DelegatingMethodHandle$Holder.reinvoke_L(java.lang.Object, java.lang.Object, java.lang.Object, long, java.lang.Object, long, long)'> (0x000000071176de80) 
thrown [s\open\src\hotspot\share\interpreter\linkResolver.cpp, line 759]
Event: 1.971 Thread 0x0000025d0a672bb0 Exception <a 'java/lang/NoSuchMethodError'{0x0000000711775378}: 'long java.lang.invoke.Invokers$Holder.invokeExact_MT(java.lang.Object, java.lang.Object, java.lang.Object)'> (0x0000000711775378) 
thrown [s\open\src\hotspot\share\interpreter\linkResolver.cpp, line 759]
Event: 1.972 Thread 0x0000025d0a672bb0 Exception <a 'java/lang/NoSuchMethodError'{0x0000000711779878}: 'int java.lang.invoke.Invokers$Holder.invokeExact_MT(java.lang.Object, java.lang.Object, java.lang.Object)'> (0x0000000711779878) 
thrown [s\open\src\hotspot\share\interpreter\linkResolver.cpp, line 759]
Event: 2.014 Thread 0x0000025d0a672bb0 Exception <a 'java/lang/NoSuchMethodError'{0x0000000711462de8}: 'int java.lang.invoke.DirectMethodHandle$Holder.invokeStaticInit(java.lang.Object, java.lang.Object, java.lang.Object)'> (0x0000000711462de8) 
thrown [s\open\src\hotspot\share\interpreter\linkResolver.cpp, line 759]
Event: 2.021 Thread 0x0000025d0a672bb0 Exception <a 'java/lang/NoSuchMethodError'{0x00000007114931e0}: 'int java.lang.invoke.DirectMethodHandle$Holder.invokeStaticInit(java.lang.Object, java.lang.Object)'> (0x00000007114931e0) 
thrown [s\open\src\hotspot\share\interpreter\linkResolver.cpp, line 759]
Event: 2.041 Thread 0x0000025d0a672bb0 Exception <a 'java/lang/NoSuchMethodError'{0x0000000711557db8}: 'int java.lang.invoke.DirectMethodHandle$Holder.invokeStatic(java.lang.Object)'> (0x0000000711557db8) 
thrown [s\open\src\hotspot\share\interpreter\linkResolver.cpp, line 759]
Event: 2.041 Thread 0x0000025d0a672bb0 Exception <a 'java/lang/NoSuchMethodError'{0x000000071155b460}: 'int java.lang.invoke.DirectMethodHandle$Holder.invokeStaticInit(java.lang.Object)'> (0x000000071155b460) 
thrown [s\open\src\hotspot\share\interpreter\linkResolver.cpp, line 759]
Event: 2.081 Thread 0x0000025d0a672bb0 Exception <a 'java/lang/NoSuchMethodError'{0x0000000711585ec8}: 'java.lang.Object java.lang.invoke.DirectMethodHandle$Holder.invokeStatic(java.lang.Object, java.lang.Object, int, java.lang.Object, int)'> (0x0000000711585ec8) 
thrown [s\open\src\hotspot\share\interpreter\linkResolver.cpp, line 759]
Event: 2.082 Thread 0x0000025d0a672bb0 Exception <a 'java/lang/NoSuchMethodError'{0x000000071158d1f8}: 'java.lang.Object java.lang.invoke.DirectMethodHandle$Holder.newInvokeSpecial(java.lang.Object, java.lang.Object, int)'> (0x000000071158d1f8) 
thrown [s\open\src\hotspot\share\interpreter\linkResolver.cpp, line 759]
Event: 2.090 Thread 0x0000025d0a672bb0 Exception <a 'java/lang/NoSuchMethodError'{0x00000007115bef88}: 'void java.lang.invoke.DirectMethodHandle$Holder.invokeSpecial(java.lang.Object, java.lang.Object, java.lang.Object)'> (0x00000007115bef88) 
thrown [s\open\src\hotspot\share\interpreter\linkResolver.cpp, line 759]
Event: 2.417 Thread 0x0000025d0a672bb0 Exception <a 'java/lang/NoSuchMethodError'{0x0000000710c4d2a8}: 'java.lang.Object java.lang.invoke.DirectMethodHandle$Holder.invokeInterface(java.lang.Object, java.lang.Object)'> (0x0000000710c4d2a8) 
thrown [s\open\src\hotspot\share\interpreter\linkResolver.cpp, line 759]
Event: 2.502 Thread 0x0000025d0a672bb0 Exception <a 'java/lang/NoSuchMethodError'{0x0000000710ad1ba8}: 'void java.lang.invoke.DirectMethodHandle$Holder.invokeStaticInit(java.lang.Object, java.lang.Object)'> (0x0000000710ad1ba8) 
thrown [s\open\src\hotspot\share\interpreter\linkResolver.cpp, line 759]
Event: 2.593 Thread 0x0000025d0a672bb0 Exception <a 'java/lang/NoSuchMethodError'{0x00000007108c9b48}: 'int java.lang.invoke.DirectMethodHandle$Holder.invokeVirtual(java.lang.Object, java.lang.Object, java.lang.Object)'> (0x00000007108c9b48) 
thrown [s\open\src\hotspot\share\interpreter\linkResolver.cpp, line 759]
Event: 2.742 Thread 0x0000025d0a672bb0 Exception <a 'java/lang/NoSuchMethodError'{0x000000071000c518}: 'void java.lang.invoke.DirectMethodHandle$Holder.invokeVirtual(java.lang.Object, java.lang.Object)'> (0x000000071000c518) 
thrown [s\open\src\hotspot\share\interpreter\linkResolver.cpp, line 759]
Event: 2.794 Thread 0x0000025d0a672bb0 Exception <a 'java/lang/NoSuchMethodError'{0x00000007100949a0}: 'java.lang.Object java.lang.invoke.DirectMethodHandle$Holder.invokeStatic(java.lang.Object, java.lang.Object, long, long)'> (0x00000007100949a0) 
thrown [s\open\src\hotspot\share\interpreter\linkResolver.cpp, line 759]
Event: 2.805 Thread 0x0000025d0a672bb0 Exception <a 'java/lang/NoSuchMethodError'{0x00000007100ba488}: 'java.lang.Object java.lang.invoke.Invokers$Holder.invoke_MT(java.lang.Object, java.lang.Object, java.lang.Object)'> (0x00000007100ba488) 
thrown [s\open\src\hotspot\share\interpreter\linkResolver.cpp, line 759]
Event: 2.810 Thread 0x0000025d0a672bb0 Exception <a 'java/lang/NoSuchMethodError'{0x00000007100cb790}: 'java.lang.Object java.lang.invoke.DirectMethodHandle$Holder.invokeStatic(java.lang.Object, java.lang.Object, java.lang.Object, long, java.lang.Object)'> (0x00000007100cb790) 
thrown [s\open\src\hotspot\share\interpreter\linkResolver.cpp, line 759]
Event: 2.811 Thread 0x0000025d0a672bb0 Exception <a 'java/lang/NoSuchMethodError'{0x00000007100d3808}: 'java.lang.Object java.lang.invoke.DirectMethodHandle$Holder.newInvokeSpecial(java.lang.Object, java.lang.Object, java.lang.Object, long)'> (0x00000007100d3808) 
thrown [s\open\src\hotspot\share\interpreter\linkResolver.cpp, line 759]

VM Operations (12 events):
Event: 0.367 Executing VM operation: HandshakeAllThreads
Event: 0.367 Executing VM operation: HandshakeAllThreads done
Event: 0.878 Executing VM operation: HandshakeAllThreads
Event: 0.878 Executing VM operation: HandshakeAllThreads done
Event: 1.247 Executing VM operation: HandshakeAllThreads
Event: 1.247 Executing VM operation: HandshakeAllThreads done
Event: 1.247 Executing VM operation: Cleanup
Event: 1.247 Executing VM operation: Cleanup done
Event: 1.692 Executing VM operation: G1CollectForAllocation
Event: 1.746 Executing VM operation: G1CollectForAllocation done
Event: 2.751 Executing VM operation: Cleanup
Event: 2.751 Executing VM operation: Cleanup done

Events (20 events):
Event: 2.807 loading class sun/nio/ch/FileChannelImpl$DefaultUnmapper
Event: 2.807 loading class sun/nio/ch/FileChannelImpl$Unmapper
Event: 2.807 loading class jdk/internal/access/foreign/UnmapperProxy
Event: 2.807 loading class jdk/internal/access/foreign/UnmapperProxy done
Event: 2.807 loading class sun/nio/ch/FileChannelImpl$Unmapper done
Event: 2.807 loading class sun/nio/ch/FileChannelImpl$DefaultUnmapper done
Event: 2.807 loading class sun/nio/ch/IOStatus
Event: 2.807 loading class sun/nio/ch/IOStatus done
Event: 2.807 loading class sun/nio/ch/Util
Event: 2.807 loading class sun/nio/ch/Util done
Event: 2.807 loading class sun/nio/ch/Util$1
Event: 2.808 loading class sun/nio/ch/Util$1 done
Event: 2.808 loading class sun/nio/ch/Util$4
Event: 2.808 loading class sun/nio/ch/Util$4 done
Event: 2.808 loading class jdk/internal/access/foreign/MemorySegmentProxy
Event: 2.808 loading class jdk/internal/access/foreign/MemorySegmentProxy done
Event: 2.817 loading class jdk/internal/misc/ScopedMemoryAccess$Scope
Event: 2.817 loading class jdk/internal/misc/ScopedMemoryAccess$Scope done
Event: 2.856 Thread 0x0000025d734d9a00 Thread added: 0x0000025d734d9a00
Event: 2.857 Thread 0x0000025d73582480 Thread added: 0x0000025d73582480


Dynamic libraries:
0x00007ff631e90000 - 0x00007ff631ea0000 	D:\Java\jdk-17\bin\java.exe
0x00007fff7f960000 - 0x00007fff7fb69000 	C:\Windows\SYSTEM32\ntdll.dll
0x00007fff7e6d0000 - 0x00007fff7e78d000 	C:\Windows\System32\KERNEL32.DLL
0x00007fff7cfd0000 - 0x00007fff7d354000 	C:\Windows\System32\KERNELBASE.dll
0x00007fff7d5a0000 - 0x00007fff7d6b1000 	C:\Windows\System32\ucrtbase.dll
0x00007fff63bd0000 - 0x00007fff63be9000 	D:\Java\jdk-17\bin\jli.dll
0x00007fff7e7a0000 - 0x00007fff7e84e000 	C:\Windows\System32\ADVAPI32.dll
0x00007fff7e940000 - 0x00007fff7e9e3000 	C:\Windows\System32\msvcrt.dll
0x00007fff7e460000 - 0x00007fff7e4fe000 	C:\Windows\System32\sechost.dll
0x00007fff7ed30000 - 0x00007fff7ee51000 	C:\Windows\System32\RPCRT4.dll
0x00007fff55510000 - 0x00007fff5552b000 	D:\Java\jdk-17\bin\VCRUNTIME140.dll
0x00007fff7dab0000 - 0x00007fff7dc5d000 	C:\Windows\System32\USER32.dll
0x00007fff7d6c0000 - 0x00007fff7d6e6000 	C:\Windows\System32\win32u.dll
0x00007fff7d7b0000 - 0x00007fff7d7da000 	C:\Windows\System32\GDI32.dll
0x00007fff7d360000 - 0x00007fff7d47e000 	C:\Windows\System32\gdi32full.dll
0x00007fff7d500000 - 0x00007fff7d59d000 	C:\Windows\System32\msvcp_win.dll
0x00007fff5fda0000 - 0x00007fff60045000 	C:\Windows\WinSxS\amd64_microsoft.windows.common-controls_6595b64144ccf1df_6.0.22000.120_none_9d947278b86cc467\COMCTL32.dll
0x00007fff78110000 - 0x00007fff7811a000 	C:\Windows\SYSTEM32\VERSION.dll
0x00007fff7f8c0000 - 0x00007fff7f8f1000 	C:\Windows\System32\IMM32.DLL
0x00007fff55530000 - 0x00007fff5553c000 	D:\Java\jdk-17\bin\vcruntime140_1.dll
0x00007fff55480000 - 0x00007fff5550e000 	D:\Java\jdk-17\bin\msvcp140.dll
0x00007fff0c3b0000 - 0x00007fff0cf90000 	D:\Java\jdk-17\bin\server\jvm.dll
0x00007fff7d850000 - 0x00007fff7d858000 	C:\Windows\System32\PSAPI.DLL
0x00007fff63ee0000 - 0x00007fff63ee9000 	C:\Windows\SYSTEM32\WSOCK32.dll
0x00007fff7f850000 - 0x00007fff7f8bf000 	C:\Windows\System32\WS2_32.dll
0x00007fff67730000 - 0x00007fff67763000 	C:\Windows\SYSTEM32\WINMM.dll
0x00007fff7bf50000 - 0x00007fff7bf68000 	C:\Windows\SYSTEM32\kernel.appcore.dll
0x00007fff63bc0000 - 0x00007fff63bca000 	D:\Java\jdk-17\bin\jimage.dll
0x00007fff77d60000 - 0x00007fff77f81000 	C:\Windows\SYSTEM32\DBGHELP.DLL
0x00007fff53d00000 - 0x00007fff53d31000 	C:\Windows\SYSTEM32\dbgcore.DLL
0x00007fff7d480000 - 0x00007fff7d4ff000 	C:\Windows\System32\bcryptPrimitives.dll
0x00007fff5efb0000 - 0x00007fff5efd5000 	D:\Java\jdk-17\bin\java.dll
0x00007fff51fe0000 - 0x00007fff520b7000 	D:\Java\jdk-17\bin\jsvml.dll
0x00007fff7f080000 - 0x00007fff7f845000 	C:\Windows\System32\SHELL32.dll
0x00007fff7aed0000 - 0x00007fff7b732000 	C:\Windows\SYSTEM32\windows.storage.dll
0x00007fff7dc60000 - 0x00007fff7dfd6000 	C:\Windows\System32\combase.dll
0x00007fff7ad60000 - 0x00007fff7aec7000 	C:\Windows\SYSTEM32\wintypes.dll
0x00007fff7ef90000 - 0x00007fff7f07a000 	C:\Windows\System32\SHCORE.dll
0x00007fff7ecb0000 - 0x00007fff7ed0d000 	C:\Windows\System32\shlwapi.dll
0x00007fff7cd20000 - 0x00007fff7cd45000 	C:\Windows\SYSTEM32\profapi.dll
0x00007fff59d60000 - 0x00007fff59d79000 	D:\Java\jdk-17\bin\net.dll
0x00007fff77a60000 - 0x00007fff77b74000 	C:\Windows\SYSTEM32\WINHTTP.dll
0x00007fff7c400000 - 0x00007fff7c467000 	C:\Windows\system32\mswsock.dll
0x00007fff59610000 - 0x00007fff59626000 	D:\Java\jdk-17\bin\nio.dll
0x00007fff58c10000 - 0x00007fff58c28000 	D:\Java\jdk-17\bin\zip.dll

dbghelp: loaded successfully - version: 4.0.5 - missing functions: none
symbol engine: initialized successfully - sym options: 0x614 - pdb path: .;D:\Java\jdk-17\bin;C:\Windows\SYSTEM32;C:\Windows\WinSxS\amd64_microsoft.windows.common-controls_6595b64144ccf1df_6.0.22000.120_none_9d947278b86cc467;D:\Java\jdk-17\bin\server

VM Arguments:
java_command: org.jetbrains.kotlin.cli.jvm.K2JVMCompiler @E:\Descktop\MentoraAppNew\android\app\build\20260209_12572820090191797955.compiler.options
java_class_path (initial): C:\Users\hp\.gradle\caches\modules-2\files-2.1\org.jetbrains.kotlin\kotlin-compiler-embeddable\2.1.20\4ef56b3316798316bfac7a0ae443391c9e900ea1\kotlin-compiler-embeddable-2.1.20.jar;C:\Users\hp\.gradle\caches\modules-2\files-2.1\org.jetbrains.kotlin\kotlin-stdlib\2.1.20\aa8ca79cd50578314f6d1180c47cbe14c0fee567\kotlin-stdlib-2.1.20.jar;C:\Users\hp\.gradle\caches\modules-2\files-2.1\org.jetbrains.kotlin\kotlin-script-runtime\2.1.20\f7c623d7f7bdb01f5ccd6b437bc0a937fcd7c57e\kotlin-script-runtime-2.1.20.jar;C:\Users\hp\.gradle\caches\modules-2\files-2.1\org.jetbrains.kotlin\kotlin-reflect\1.6.10\1cbe9c92c12a94eea200d23c2bbaedaf3daf5132\kotlin-reflect-1.6.10.jar;C:\Users\hp\.gradle\caches\modules-2\files-2.1\org.jetbrains.kotlin\kotlin-daemon-embeddable\2.1.20\95670fce77befd02a70a0bc3abe8ee4533521334\kotlin-daemon-embeddable-2.1.20.jar;C:\Users\hp\.gradle\caches\modules-2\files-2.1\org.jetbrains.intellij.deps\trove4j\1.0.20200330\3afb14d5f9ceb459d724e907a21145e8ff394f02\trove4j-1.0.20200330.jar;C:\Users\hp\.gradle\caches\modules-2\files-2.1\org.jetbrains.kotlinx\kotlinx-coroutines-core-jvm\1.8.0\ac1dc37a30a93150b704022f8d895ee1bd3a36b3\kotlinx-coroutines-core-jvm-1.8.0.jar;C:\Users\hp\.gradle\caches\modules-2\files-2.1\org.jetbrains\annotations\13.0\919f0dfe192fb4e063e7dacadee7f8bb9a2672a9\annotations-13.0.jar
Launcher Type: SUN_STANDARD

[Global flags]
     intx CICompilerCount                          = 4                                         {product} {ergonomic}
     uint ConcGCThreads                            = 2                                         {product} {ergonomic}
     uint G1ConcRefinementThreads                  = 8                                         {product} {ergonomic}
   size_t G1HeapRegionSize                         = 2097152                                   {product} {ergonomic}
    uintx GCDrainStackTargetSize                   = 64                                        {product} {ergonomic}
   size_t InitialHeapSize                          = 268435456                                 {product} {ergonomic}
   size_t MarkStackSize                            = 4194304                                   {product} {ergonomic}
   size_t MaxHeapSize                              = 4265607168                                {product} {ergonomic}
   size_t MaxNewSize                               = 2558525440                                {product} {ergonomic}
   size_t MinHeapDeltaBytes                        = 2097152                                   {product} {ergonomic}
   size_t MinHeapSize                              = 8388608                                   {product} {ergonomic}
    uintx NonNMethodCodeHeapSize                   = 5839372                                {pd product} {ergonomic}
    uintx NonProfiledCodeHeapSize                  = 122909434                              {pd product} {ergonomic}
    uintx ProfiledCodeHeapSize                     = 122909434                              {pd product} {ergonomic}
    uintx ReservedCodeCacheSize                    = 251658240                              {pd product} {ergonomic}
     bool SegmentedCodeCache                       = true                                      {product} {ergonomic}
   size_t SoftMaxHeapSize                          = 4265607168                             {manageable} {ergonomic}
     bool UseCompressedClassPointers               = true                           {product lp64_product} {ergonomic}
     bool UseCompressedOops                        = true                           {product lp64_product} {ergonomic}
     bool UseG1GC                                  = true                                      {product} {ergonomic}
     bool UseLargePagesIndividualAllocation        = false                                  {pd product} {ergonomic}

Logging:
Log output configuration:
 #0: stdout all=warning uptime,level,tags
 #1: stderr all=off uptime,level,tags

Environment Variables:
JAVA_HOME=D:\Java\jdk-17
PATH=E:\Descktop\MentoraAppNew\node_modules\.bin;E:\Descktop\MentoraAppNew\node_modules\.bin;E:\Descktop\node_modules\.bin;E:\node_modules\.bin;D:\nodejs\node_modules\npm\node_modules\@npmcli\run-script\lib\node-gyp-bin;C:\Windows\system32;C:\Windows;C:\Windows\System32\Wbem;C:\Windows\System32\WindowsPowerShell\v1.0\;C:\Windows\System32\OpenSSH\;C:\nodejs;C:\Program Files\Git\cmd;D:\Programe Files\Java\jdk-17\bin;D:\nodejs;D:\gradle-9.3.1\bin;D:\Java\jdk-17\bin;D:\Java\jdk-17\bin;C:\Users\hp\AppData\Local\Microsoft\WindowsApps;C:\Users\hp\AppData\Local\Programs\Microsoft VS Code\bin;C:\Users\hp\AppData\Local\Programs\cursor\resources\app\bin;C:\Users\hp\AppData\Local\Android\Sdk\platform-tools;
USERNAME=hp
OS=Windows_NT
PROCESSOR_IDENTIFIER=Intel64 Family 6 Model 94 Stepping 3, GenuineIntel



---------------  S Y S T E M  ---------------

OS:
 Windows 11 , 64 bit Build 22000 (10.0.22000.2538)
OS uptime: 0 days 3:13 hours

CPU: total 8 (initial active 8) (4 cores per cpu, 2 threads per core) family 6 model 94 stepping 3 microcode 0xd6, cx8, cmov, fxsr, ht, mmx, 3dnowpref, sse, sse2, sse3, ssse3, sse4.1, sse4.2, popcnt, lzcnt, tsc, tscinvbit, avx, avx2, aes, erms, clmul, bmi1, bmi2, rtm, adx, fma, vzeroupper, clflush, clflushopt

Memory: 4k page, system-wide physical 16264M (1194M free)
TotalPageFile size 21495M (AvailPageFile size 0M)
current process WorkingSet (physical memory assigned to process): 101M, peak: 101M
current process commit charge ("private bytes"): 370M, peak: 370M

vm_info: Java HotSpot(TM) 64-Bit Server VM (17.0.12+8-LTS-286) for windows-amd64 JRE (17.0.12+8-LTS-286), built on Jun  5 2024 06:46:59 by "mach5one" with MS VC++ 17.6 (VS2022)

END.
