#
# There is insufficient memory for the Java Runtime Environment to continue.
# Native memory allocation (mmap) failed to map 4194304 bytes for G1 virtual space
# Possible reasons:
#   The system is out of physical RAM or swap space
#   The process is running with CompressedOops enabled, and the Java Heap may be blocking the growth of the native heap
# Possible solutions:
#   Reduce memory load on the system
#   Increase physical memory or swap space
#   Check if swap backing store is full
#   Decrease Java heap size (-Xmx/-Xms)
#   Decrease number of Java threads
#   Decrease Java thread stack sizes (-Xss)
#   Set larger code cache with -XX:ReservedCodeCacheSize=
#   JVM is running with Zero Based Compressed Oops mode in which the Java heap is
#     placed in the first 32GB address space. The Java Heap base address is the
#     maximum limit for the native heap growth. Please use -XX:HeapBaseMinAddress
#     to set the Java Heap base and to place the Java Heap above 32GB virtual address.
# This output file may be truncated or incomplete.
#
#  Out of Memory Error (os_windows.cpp:3548), pid=61108, tid=14612
#
# JRE version:  (17.0.12+8) (build )
# Java VM: Java HotSpot(TM) 64-Bit Server VM (17.0.12+8-LTS-286, mixed mode, sharing, tiered, compressed oops, compressed class ptrs, g1 gc, windows-amd64)
# No core dump will be written. Minidumps are not enabled by default on client versions of Windows
#

---------------  S U M M A R Y ------------

Command Line: org.jetbrains.kotlin.cli.jvm.K2JVMCompiler @E:\Descktop\MentoraAppNew\node_modules\expo-modules-autolinking\android\expo-gradle-plugin\expo-max-sdk-override-plugin\build\20260412_645458665670828118.compiler.options

Host: Intel(R) Core(TM) i7-6700HQ CPU @ 2.60GHz, 8 cores, 15G,  Windows 11 , 64 bit Build 22000 (10.0.22000.2538)
Time: Sun Apr 12 01:33:15 2026 Egypt Standard Time elapsed time: 0.030182 seconds (0d 0h 0m 0s)

---------------  T H R E A D  ---------------

Current thread (0x00000126653e4320):  JavaThread "Unknown thread" [_thread_in_vm, id=14612, stack(0x0000000274400000,0x0000000274500000)]

Stack: [0x0000000274400000,0x0000000274500000]
Native frames: (J=compiled Java code, j=interpreted, Vv=VM code, C=native code)
V  [jvm.dll+0x67a04a]
V  [jvm.dll+0x7da4ed]
V  [jvm.dll+0x7dbe33]
V  [jvm.dll+0x7dc4a3]
V  [jvm.dll+0x24508f]
V  [jvm.dll+0x677089]
V  [jvm.dll+0x66bd32]
V  [jvm.dll+0x301fa6]
V  [jvm.dll+0x309546]
V  [jvm.dll+0x359d43]
V  [jvm.dll+0x359f5f]
V  [jvm.dll+0x2d9078]
V  [jvm.dll+0x2d9fe4]
V  [jvm.dll+0x7aca21]
V  [jvm.dll+0x367591]
V  [jvm.dll+0x78b999]
V  [jvm.dll+0x3ec83f]
V  [jvm.dll+0x3ee471]
C  [jli.dll+0x5297]
C  [ucrtbase.dll+0x26c0c]
C  [KERNEL32.DLL+0x153e0]
C  [ntdll.dll+0x485b]


---------------  P R O C E S S  ---------------

Threads class SMR info:
_java_thread_list=0x00007ff8c9267a18, length=0, elements={
}

Java Threads: ( => current thread )

Other Threads:
  0x000001266544f9a0 GCTaskThread "GC Thread#0" [stack: 0x0000000274500000,0x0000000274600000] [id=60236]
  0x0000012665460dd0 ConcurrentGCThread "G1 Main Marker" [stack: 0x0000000274600000,0x0000000274700000] [id=30740]
  0x00000126654626f0 ConcurrentGCThread "G1 Conc#0" [stack: 0x0000000274700000,0x0000000274800000] [id=70812]

[error occurred during error reporting (printing all threads), id 0xc0000005, EXCEPTION_ACCESS_VIOLATION (0xc0000005) at pc=0x00007ff8c8a99b67]

VM state: not at safepoint (not fully initialized)

VM Mutex/Monitor currently owned by a thread:  ([mutex/lock_event])
[0x00000126653de0c0] Heap_lock - owner thread: 0x00000126653e4320

Heap address: 0x0000000701c00000, size: 4068 MB, Compressed Oops mode: Zero based, Oop shift amount: 3

CDS archive(s) mapped at: [0x0000000000000000-0x0000000000000000-0x0000000000000000), size 0, SharedBaseAddress: 0x0000000800000000, ArchiveRelocationMode: 1.
Narrow klass base: 0x0000000000000000, Narrow klass shift: 0, Narrow klass range: 0x0

GC Precious Log:
<Empty>

Heap:
 garbage-first heap   total 0K, used 0K [0x0000000701c00000, 0x0000000800000000)
  region size 2048K, 0 young (0K), 0 survivors (0K)

[error occurred during error reporting (printing heap information), id 0xc0000005, EXCEPTION_ACCESS_VIOLATION (0xc0000005) at pc=0x00007ff8c8e83859]

GC Heap History (0 events):
No events

Deoptimization events (0 events):
No events

Classes unloaded (0 events):
No events

Classes redefined (0 events):
No events

Internal exceptions (0 events):
No events

VM Operations (0 events):
No events

Events (1 events):
Event: 0.009 Loaded shared library D:\Java\jdk-17\bin\java.dll


Dynamic libraries:
0x00007ff671ad0000 - 0x00007ff671ae0000 	D:\Java\jdk-17\bin\java.exe
0x00007ff9189e0000 - 0x00007ff918be9000 	C:\Windows\SYSTEM32\ntdll.dll
0x00007ff9169c0000 - 0x00007ff916a7d000 	C:\Windows\System32\KERNEL32.DLL
0x00007ff915ee0000 - 0x00007ff916264000 	C:\Windows\System32\KERNELBASE.dll
0x00007ff916270000 - 0x00007ff916381000 	C:\Windows\System32\ucrtbase.dll
0x00007ff8fcfe0000 - 0x00007ff8fcff9000 	D:\Java\jdk-17\bin\jli.dll
0x00007ff9096a0000 - 0x00007ff9096bb000 	D:\Java\jdk-17\bin\VCRUNTIME140.dll
0x00007ff9179d0000 - 0x00007ff917a7e000 	C:\Windows\System32\ADVAPI32.dll
0x00007ff916c00000 - 0x00007ff916ca3000 	C:\Windows\System32\msvcrt.dll
0x00007ff9175a0000 - 0x00007ff91763e000 	C:\Windows\System32\sechost.dll
0x00007ff918690000 - 0x00007ff9187b1000 	C:\Windows\System32\RPCRT4.dll
0x00007ff917290000 - 0x00007ff91743d000 	C:\Windows\System32\USER32.dll
0x00007ff8f8a20000 - 0x00007ff8f8cc5000 	C:\Windows\WinSxS\amd64_microsoft.windows.common-controls_6595b64144ccf1df_6.0.22000.120_none_9d947278b86cc467\COMCTL32.dll
0x00007ff916550000 - 0x00007ff916576000 	C:\Windows\System32\win32u.dll
0x00007ff916830000 - 0x00007ff91685a000 	C:\Windows\System32\GDI32.dll
0x00007ff916430000 - 0x00007ff91654e000 	C:\Windows\System32\gdi32full.dll
0x00007ff916390000 - 0x00007ff91642d000 	C:\Windows\System32\msvcp_win.dll
0x00007ff90d450000 - 0x00007ff90d45a000 	C:\Windows\SYSTEM32\VERSION.dll
0x00007ff9188f0000 - 0x00007ff918921000 	C:\Windows\System32\IMM32.DLL
0x00007ff9096c0000 - 0x00007ff9096cc000 	D:\Java\jdk-17\bin\vcruntime140_1.dll
0x00007ff8ef320000 - 0x00007ff8ef3ae000 	D:\Java\jdk-17\bin\msvcp140.dll
0x00007ff8c87b0000 - 0x00007ff8c9390000 	D:\Java\jdk-17\bin\server\jvm.dll
0x00007ff917590000 - 0x00007ff917598000 	C:\Windows\System32\PSAPI.DLL
0x00007ff90d350000 - 0x00007ff90d359000 	C:\Windows\SYSTEM32\WSOCK32.dll
0x00007ff8ff440000 - 0x00007ff8ff473000 	C:\Windows\SYSTEM32\WINMM.dll
0x00007ff918930000 - 0x00007ff91899f000 	C:\Windows\System32\WS2_32.dll
0x00007ff914fd0000 - 0x00007ff914fe8000 	C:\Windows\SYSTEM32\kernel.appcore.dll
0x00007ff8fd380000 - 0x00007ff8fd38a000 	D:\Java\jdk-17\bin\jimage.dll
0x00007ff913b90000 - 0x00007ff913db1000 	C:\Windows\SYSTEM32\DBGHELP.DLL
0x00007ff90eb60000 - 0x00007ff90eb91000 	C:\Windows\SYSTEM32\dbgcore.DLL
0x00007ff9167b0000 - 0x00007ff91682f000 	C:\Windows\System32\bcryptPrimitives.dll
0x00007ff8fcfb0000 - 0x00007ff8fcfd5000 	D:\Java\jdk-17\bin\java.dll

dbghelp: loaded successfully - version: 4.0.5 - missing functions: none
symbol engine: initialized successfully - sym options: 0x614 - pdb path: .;D:\Java\jdk-17\bin;C:\Windows\SYSTEM32;C:\Windows\WinSxS\amd64_microsoft.windows.common-controls_6595b64144ccf1df_6.0.22000.120_none_9d947278b86cc467;D:\Java\jdk-17\bin\server

VM Arguments:
java_command: org.jetbrains.kotlin.cli.jvm.K2JVMCompiler @E:\Descktop\MentoraAppNew\node_modules\expo-modules-autolinking\android\expo-gradle-plugin\expo-max-sdk-override-plugin\build\20260412_645458665670828118.compiler.options
java_class_path (initial): E:\GradleCache\caches\modules-2\files-2.1\org.jetbrains.kotlin\kotlin-compiler-embeddable\2.1.20\4ef56b3316798316bfac7a0ae443391c9e900ea1\kotlin-compiler-embeddable-2.1.20.jar;E:\GradleCache\caches\modules-2\files-2.1\org.jetbrains.kotlin\kotlin-stdlib\2.1.20\aa8ca79cd50578314f6d1180c47cbe14c0fee567\kotlin-stdlib-2.1.20.jar;E:\GradleCache\caches\modules-2\files-2.1\org.jetbrains.kotlin\kotlin-script-runtime\2.1.20\f7c623d7f7bdb01f5ccd6b437bc0a937fcd7c57e\kotlin-script-runtime-2.1.20.jar;E:\GradleCache\caches\modules-2\files-2.1\org.jetbrains.kotlin\kotlin-reflect\1.6.10\1cbe9c92c12a94eea200d23c2bbaedaf3daf5132\kotlin-reflect-1.6.10.jar;E:\GradleCache\caches\modules-2\files-2.1\org.jetbrains.kotlin\kotlin-daemon-embeddable\2.1.20\95670fce77befd02a70a0bc3abe8ee4533521334\kotlin-daemon-embeddable-2.1.20.jar;E:\GradleCache\caches\modules-2\files-2.1\org.jetbrains.intellij.deps\trove4j\1.0.20200330\3afb14d5f9ceb459d724e907a21145e8ff394f02\trove4j-1.0.20200330.jar;E:\GradleCache\caches\modules-2\files-2.1\org.jetbrains.kotlinx\kotlinx-coroutines-core-jvm\1.8.0\ac1dc37a30a93150b704022f8d895ee1bd3a36b3\kotlinx-coroutines-core-jvm-1.8.0.jar;E:\GradleCache\caches\modules-2\files-2.1\org.jetbrains\annotations\13.0\919f0dfe192fb4e063e7dacadee7f8bb9a2672a9\annotations-13.0.jar
Launcher Type: SUN_STANDARD

[Global flags]
     intx CICompilerCount                          = 4                                         {product} {ergonomic}
     uint ConcGCThreads                            = 2                                         {product} {ergonomic}
     uint G1ConcRefinementThreads                  = 8                                         {product} {ergonomic}
   size_t G1HeapRegionSize                         = 2097152                                   {product} {ergonomic}
    uintx GCDrainStackTargetSize                   = 64                                        {product} {ergonomic}
   size_t InitialHeapSize                          = 268435456                                 {product} {ergonomic}
   size_t MarkStackSize                            = 4194304                                   {product} {ergonomic}
   size_t MaxHeapSize                              = 4265607168                                {product} {ergonomic}
   size_t MinHeapDeltaBytes                        = 2097152                                   {product} {ergonomic}
   size_t MinHeapSize                              = 8388608                                   {product} {ergonomic}
    uintx NonNMethodCodeHeapSize                   = 5839372                                {pd product} {ergonomic}
    uintx NonProfiledCodeHeapSize                  = 122909434                              {pd product} {ergonomic}
    uintx ProfiledCodeHeapSize                     = 122909434                              {pd product} {ergonomic}
    uintx ReservedCodeCacheSize                    = 251658240                              {pd product} {ergonomic}
     bool SegmentedCodeCache                       = true                                      {product} {ergonomic}
   size_t SoftMaxHeapSize                          = 4265607168                             {manageable} {ergonomic}
     bool UseCompressedClassPointers               = true                           {product lp64_product} {ergonomic}
     bool UseCompressedOops                        = true                           {product lp64_product} {ergonomic}
     bool UseG1GC                                  = true                                      {product} {ergonomic}
     bool UseLargePagesIndividualAllocation        = false                                  {pd product} {ergonomic}

Logging:
Log output configuration:
 #0: stdout all=warning uptime,level,tags
 #1: stderr all=off uptime,level,tags

Environment Variables:
JAVA_HOME=D:\Java\jdk-17
PATH=E:\Descktop\MentoraAppNew\node_modules\.bin;E:\Descktop\MentoraAppNew\node_modules\.bin;E:\Descktop\node_modules\.bin;E:\node_modules\.bin;D:\nodejs\node_modules\npm\node_modules\@npmcli\run-script\lib\node-gyp-bin;C:\Windows\system32;C:\Windows;C:\Windows\System32\Wbem;C:\Windows\System32\WindowsPowerShell\v1.0\;C:\Windows\System32\OpenSSH\;C:\nodejs;D:\Programe Files\Java\jdk-17\bin;D:\nodejs;D:\gradle-9.3.1\bin;D:\Java\jdk-17\bin;D:\Java\jdk-17\bin;C:\Program Files\Git\cmd;C:\Users\hp\AppData\Local\Microsoft\WindowsApps;C:\Users\hp\AppData\Local\Programs\Microsoft VS Code\bin;C:\Users\hp\AppData\Local\Android\Sdk\platform-tools;D:\Users\hp\AppData\Local\Programs\Antigravity\bin
USERNAME=hp
OS=Windows_NT
PROCESSOR_IDENTIFIER=Intel64 Family 6 Model 94 Stepping 3, GenuineIntel



---------------  S Y S T E M  ---------------

OS:
 Windows 11 , 64 bit Build 22000 (10.0.22000.2538)
OS uptime: 0 days 7:57 hours

CPU: total 8 (initial active 8) (4 cores per cpu, 2 threads per core) family 6 model 94 stepping 3 microcode 0xd6, cx8, cmov, fxsr, ht, mmx, 3dnowpref, sse, sse2, sse3, ssse3, sse4.1, sse4.2, popcnt, lzcnt, tsc, tscinvbit, avx, avx2, aes, erms, clmul, bmi1, bmi2, rtm, adx, fma, vzeroupper, clflush, clflushopt

Memory: 4k page, system-wide physical 16264M (1796M free)
TotalPageFile size 28675M (AvailPageFile size 9M)
current process WorkingSet (physical memory assigned to process): 10M, peak: 10M
current process commit charge ("private bytes"): 316M, peak: 320M

vm_info: Java HotSpot(TM) 64-Bit Server VM (17.0.12+8-LTS-286) for windows-amd64 JRE (17.0.12+8-LTS-286), built on Jun  5 2024 06:46:59 by "mach5one" with MS VC++ 17.6 (VS2022)

END.
