#
# There is insufficient memory for the Java Runtime Environment to continue.
# Native memory allocation (mmap) failed to map 352321536 bytes for G1 virtual space
# Possible reasons:
#   The system is out of physical RAM or swap space
#   The process is running with CompressedOops enabled, and the Java Heap may be blocking the growth of the native heap
# Possible solutions:
#   Reduce memory load on the system
#   Increase physical memory or swap space
#   Check if swap backing store is full
#   Decrease Java heap size (-Xmx/-Xms)
#   Decrease number of Java threads
#   Decrease Java thread stack sizes (-Xss)
#   Set larger code cache with -XX:ReservedCodeCacheSize=
#   JVM is running with Zero Based Compressed Oops mode in which the Java heap is
#     placed in the first 32GB address space. The Java Heap base address is the
#     maximum limit for the native heap growth. Please use -XX:HeapBaseMinAddress
#     to set the Java Heap base and to place the Java Heap above 32GB virtual address.
# This output file may be truncated or incomplete.
#
#  Out of Memory Error (os_windows.cpp:3548), pid=10416, tid=12136
#
# JRE version: Java(TM) SE Runtime Environment (17.0.12+8) (build 17.0.12+8-LTS-286)
# Java VM: Java HotSpot(TM) 64-Bit Server VM (17.0.12+8-LTS-286, mixed mode, sharing, tiered, compressed oops, compressed class ptrs, g1 gc, windows-amd64)
# No core dump will be written. Minidumps are not enabled by default on client versions of Windows
#

---------------  S U M M A R Y ------------

Command Line: org.jetbrains.kotlin.cli.jvm.K2JVMCompiler @E:\Descktop\MentoraAppNew\node_modules\react-native-screens\android\build\20260206_9161639247386103787.compiler.options

Host: Intel(R) Core(TM) i7-6700HQ CPU @ 2.60GHz, 8 cores, 15G,  Windows 11 , 64 bit Build 22000 (10.0.22000.2538)
Time: Fri Feb  6 22:14:23 2026 Egypt Standard Time elapsed time: 50.776449 seconds (0d 0h 0m 50s)

---------------  T H R E A D  ---------------

Current thread (0x000002107e6fe020):  VMThread "VM Thread" [stack: 0x000000e301000000,0x000000e301100000] [id=12136]

Stack: [0x000000e301000000,0x000000e301100000]
Native frames: (J=compiled Java code, j=interpreted, Vv=VM code, C=native code)
V  [jvm.dll+0x67a04a]
V  [jvm.dll+0x7da4ed]
V  [jvm.dll+0x7dbe33]
V  [jvm.dll+0x7dc4a3]
V  [jvm.dll+0x24508f]
V  [jvm.dll+0x677089]
V  [jvm.dll+0x66bd32]
V  [jvm.dll+0x301fa6]
V  [jvm.dll+0x309546]
V  [jvm.dll+0x359d2e]
V  [jvm.dll+0x359f5f]
V  [jvm.dll+0x2d9078]
V  [jvm.dll+0x2d74ad]
V  [jvm.dll+0x2d6afc]
V  [jvm.dll+0x31a65b]
V  [jvm.dll+0x7e0d9b]
V  [jvm.dll+0x7e1ad4]
V  [jvm.dll+0x7e1fed]
V  [jvm.dll+0x7e23c4]
V  [jvm.dll+0x7e2490]
V  [jvm.dll+0x78abea]
V  [jvm.dll+0x678f35]
C  [ucrtbase.dll+0x26c0c]
C  [KERNEL32.DLL+0x153e0]
C  [ntdll.dll+0x485b]

VM_Operation (0x000000e300afcd00): G1CollectForAllocation, mode: safepoint, requested by thread 0x000002106a982630


---------------  P R O C E S S  ---------------

Threads class SMR info:
_java_thread_list=0x0000021055d92d10, length=14, elements={
0x000002106a982630, 0x000002107e7043d0, 0x000002107e705250, 0x000002107e71bf20,
0x000002107e71dcf0, 0x000002107e71e6b0, 0x000002107e71f070, 0x000002107e720e20,
0x000002107e7218d0, 0x000002107e728720, 0x000002107e982ab0, 0x000002107e9893f0,
0x0000021055dd95d0, 0x000002105793ee00
}

Java Threads: ( => current thread )
  0x000002106a982630 JavaThread "main" [_thread_blocked, id=5380, stack(0x000000e300a00000,0x000000e300b00000)]
  0x000002107e7043d0 JavaThread "Reference Handler" daemon [_thread_blocked, id=18708, stack(0x000000e301100000,0x000000e301200000)]
  0x000002107e705250 JavaThread "Finalizer" daemon [_thread_blocked, id=13416, stack(0x000000e301200000,0x000000e301300000)]
  0x000002107e71bf20 JavaThread "Signal Dispatcher" daemon [_thread_blocked, id=3000, stack(0x000000e301300000,0x000000e301400000)]
  0x000002107e71dcf0 JavaThread "Attach Listener" daemon [_thread_blocked, id=23556, stack(0x000000e301400000,0x000000e301500000)]
  0x000002107e71e6b0 JavaThread "Service Thread" daemon [_thread_blocked, id=15616, stack(0x000000e301500000,0x000000e301600000)]
  0x000002107e71f070 JavaThread "Monitor Deflation Thread" daemon [_thread_blocked, id=1592, stack(0x000000e301600000,0x000000e301700000)]
  0x000002107e720e20 JavaThread "C2 CompilerThread0" daemon [_thread_blocked, id=2172, stack(0x000000e301700000,0x000000e301800000)]
  0x000002107e7218d0 JavaThread "C1 CompilerThread0" daemon [_thread_blocked, id=2776, stack(0x000000e301800000,0x000000e301900000)]
  0x000002107e728720 JavaThread "Sweeper thread" daemon [_thread_blocked, id=9532, stack(0x000000e301900000,0x000000e301a00000)]
  0x000002107e982ab0 JavaThread "Notification Thread" daemon [_thread_blocked, id=11788, stack(0x000000e301a00000,0x000000e301b00000)]
  0x000002107e9893f0 JavaThread "Common-Cleaner" daemon [_thread_blocked, id=13196, stack(0x000000e301c00000,0x000000e301d00000)]
  0x0000021055dd95d0 JavaThread "C2 CompilerThread1" daemon [_thread_blocked, id=22116, stack(0x000000e302800000,0x000000e302900000)]
  0x000002105793ee00 JavaThread "C2 CompilerThread2" daemon [_thread_blocked, id=2680, stack(0x000000e302900000,0x000000e302a00000)]

Other Threads:
=>0x000002107e6fe020 VMThread "VM Thread" [stack: 0x000000e301000000,0x000000e301100000] [id=12136]
  0x000002107e984fa0 WatcherThread [stack: 0x000000e301b00000,0x000000e301c00000] [id=20188]
  0x000002106a9edeb0 GCTaskThread "GC Thread#0" [stack: 0x000000e300b00000,0x000000e300c00000] [id=17312]
  0x000002107ee75d10 GCTaskThread "GC Thread#1" [stack: 0x000000e301e00000,0x000000e301f00000] [id=1532]
  0x000002107ee929f0 GCTaskThread "GC Thread#2" [stack: 0x000000e301f00000,0x000000e302000000] [id=3656]
  0x000002107ee92cb0 GCTaskThread "GC Thread#3" [stack: 0x000000e302000000,0x000000e302100000] [id=4744]
  0x000002107ee92f70 GCTaskThread "GC Thread#4" [stack: 0x000000e302100000,0x000000e302200000] [id=9352]
  0x000002107ee93230 GCTaskThread "GC Thread#5" [stack: 0x000000e302200000,0x000000e302300000] [id=6180]
  0x000002107f46ec70 GCTaskThread "GC Thread#6" [stack: 0x000000e302300000,0x000000e302400000] [id=8920]
  0x000002107f387440 GCTaskThread "GC Thread#7" [stack: 0x000000e302400000,0x000000e302500000] [id=19352]
  0x000002106a9fec40 ConcurrentGCThread "G1 Main Marker" [stack: 0x000000e300c00000,0x000000e300d00000] [id=12988]
  0x000002106a9ff650 ConcurrentGCThread "G1 Conc#0" [stack: 0x000000e300d00000,0x000000e300e00000] [id=18672]
  0x0000021056187c90 ConcurrentGCThread "G1 Conc#1" [stack: 0x000000e302600000,0x000000e302700000] [id=9720]
  0x000002107e5c34e0 ConcurrentGCThread "G1 Refine#0" [stack: 0x000000e300e00000,0x000000e300f00000] [id=21880]
  0x0000021055c184b0 ConcurrentGCThread "G1 Refine#1" [stack: 0x000000e302500000,0x000000e302600000] [id=10452]
  0x000002105676f090 ConcurrentGCThread "G1 Refine#2" [stack: 0x000000e302700000,0x000000e302800000] [id=8880]
  0x00000210565e7ca0 ConcurrentGCThread "G1 Refine#3" [stack: 0x000000e301d00000,0x000000e301e00000] [id=15384]
  0x000002107f36b980 ConcurrentGCThread "G1 Refine#4" [stack: 0x000000e302a00000,0x000000e302b00000] [id=10368]
  0x000002107e5c3f10 ConcurrentGCThread "G1 Service" [stack: 0x000000e300f00000,0x000000e301000000] [id=12748]

Threads with active compile tasks:
C2 CompilerThread0    50832 20152       4       org.jetbrains.kotlin.fir.declarations.impl.FirValueParameterImpl::<init> (198 bytes)
C1 CompilerThread0    50832 20213       3       org.jetbrains.kotlin.ir.util.TransformKt::replaceInPlace (125 bytes)
C2 CompilerThread1    50832 19867       4       org.jetbrains.kotlin.ir.interpreter.checker.EvaluationMode$OnlyBuiltins::canEvaluateExpression (106 bytes)
C2 CompilerThread2    50832 20151       4       org.jetbrains.kotlin.fir.declarations.builder.FirValueParameterBuilder::build (79 bytes)

VM state: at safepoint (normal execution)

VM Mutex/Monitor currently owned by a thread:  ([mutex/lock_event])
[0x000002106a97c080] Threads_lock - owner thread: 0x000002107e6fe020
[0x000002106a97cc50] Heap_lock - owner thread: 0x000002106a982630

Heap address: 0x0000000701c00000, size: 4068 MB, Compressed Oops mode: Zero based, Oop shift amount: 3

CDS archive(s) mapped at: [0x000002100f000000-0x000002100fbd0000-0x000002100fbd0000), size 12386304, SharedBaseAddress: 0x000002100f000000, ArchiveRelocationMode: 1.
Compressed class space mapped at: 0x0000021010000000-0x0000021050000000, reserved size: 1073741824
Narrow klass base: 0x000002100f000000, Narrow klass shift: 0, Narrow klass range: 0x100000000

GC Precious Log:
 CPUs: 8 total, 8 available
 Memory: 16264M
 Large Page Support: Disabled
 NUMA Support: Disabled
 Compressed Oops: Enabled (Zero based)
 Heap Region Size: 2M
 Heap Min Capacity: 8M
 Heap Initial Capacity: 256M
 Heap Max Capacity: 4068M
 Pre-touch: Disabled
 Parallel Workers: 8
 Concurrent Workers: 2
 Concurrent Refinement Workers: 8
 Periodic GC: Disabled

Heap:
 garbage-first heap   total 344064K, used 219941K [0x0000000701c00000, 0x0000000800000000)
  region size 2048K, 3 young (6144K), 3 survivors (6144K)
 Metaspace       used 80141K, committed 80448K, reserved 1179648K
  class space    used 8377K, committed 8512K, reserved 1048576K

Heap Regions: E=young(eden), S=young(survivor), O=old, HS=humongous(starts), HC=humongous(continues), CS=collection set, F=free, OA=open archive, CA=closed archive, TAMS=top-at-mark-start (previous, next)
|   0|0x0000000701c00000, 0x0000000701e00000, 0x0000000701e00000|100%|HS|  |TAMS 0x0000000701e00000, 0x0000000701c00000| Complete 
|   1|0x0000000701e00000, 0x0000000702000000, 0x0000000702000000|100%|HC|  |TAMS 0x0000000702000000, 0x0000000701e00000| Complete 
|   2|0x0000000702000000, 0x0000000702200000, 0x0000000702200000|100%| O|  |TAMS 0x0000000702200000, 0x0000000702000000| Untracked 
|   3|0x0000000702200000, 0x0000000702400000, 0x0000000702400000|100%| O|  |TAMS 0x0000000702400000, 0x0000000702200000| Untracked 
|   4|0x0000000702400000, 0x0000000702600000, 0x0000000702600000|100%| O|  |TAMS 0x0000000702600000, 0x0000000702400000| Untracked 
|   5|0x0000000702600000, 0x0000000702800000, 0x0000000702800000|100%| O|  |TAMS 0x0000000702800000, 0x0000000702600000| Untracked 
|   6|0x0000000702800000, 0x0000000702a00000, 0x0000000702a00000|100%| O|  |TAMS 0x0000000702a00000, 0x0000000702800000| Untracked 
|   7|0x0000000702a00000, 0x0000000702c00000, 0x0000000702c00000|100%| O|  |TAMS 0x0000000702c00000, 0x0000000702a00000| Untracked 
|   8|0x0000000702c00000, 0x0000000702e00000, 0x0000000702e00000|100%| O|  |TAMS 0x0000000702e00000, 0x0000000702c00000| Untracked 
|   9|0x0000000702e00000, 0x0000000703000000, 0x0000000703000000|100%| O|  |TAMS 0x0000000703000000, 0x0000000702e00000| Untracked 
|  10|0x0000000703000000, 0x0000000703200000, 0x0000000703200000|100%| O|  |TAMS 0x0000000703200000, 0x0000000703000000| Untracked 
|  11|0x0000000703200000, 0x0000000703400000, 0x0000000703400000|100%| O|  |TAMS 0x0000000703400000, 0x0000000703200000| Untracked 
|  12|0x0000000703400000, 0x0000000703600000, 0x0000000703600000|100%| O|  |TAMS 0x0000000703600000, 0x0000000703400000| Untracked 
|  13|0x0000000703600000, 0x0000000703800000, 0x0000000703800000|100%| O|  |TAMS 0x0000000703800000, 0x0000000703600000| Untracked 
|  14|0x0000000703800000, 0x0000000703a00000, 0x0000000703a00000|100%| O|  |TAMS 0x0000000703a00000, 0x0000000703800000| Untracked 
|  15|0x0000000703a00000, 0x0000000703c00000, 0x0000000703c00000|100%| O|  |TAMS 0x0000000703c00000, 0x0000000703a00000| Untracked 
|  16|0x0000000703c00000, 0x0000000703e00000, 0x0000000703e00000|100%| O|  |TAMS 0x0000000703e00000, 0x0000000703c00000| Untracked 
|  17|0x0000000703e00000, 0x0000000704000000, 0x0000000704000000|100%| O|  |TAMS 0x0000000704000000, 0x0000000703e00000| Untracked 
|  18|0x0000000704000000, 0x0000000704200000, 0x0000000704200000|100%| O|  |TAMS 0x0000000704200000, 0x0000000704000000| Untracked 
|  19|0x0000000704200000, 0x0000000704400000, 0x0000000704400000|100%| O|  |TAMS 0x0000000704400000, 0x0000000704200000| Untracked 
|  20|0x0000000704400000, 0x0000000704600000, 0x0000000704600000|100%| O|  |TAMS 0x0000000704600000, 0x0000000704400000| Untracked 
|  21|0x0000000704600000, 0x0000000704800000, 0x0000000704800000|100%| O|  |TAMS 0x0000000704800000, 0x0000000704600000| Untracked 
|  22|0x0000000704800000, 0x0000000704a00000, 0x0000000704a00000|100%| O|  |TAMS 0x0000000704800000, 0x0000000704800000| Untracked 
|  23|0x0000000704a00000, 0x0000000704c00000, 0x0000000704c00000|100%| O|  |TAMS 0x0000000704c00000, 0x0000000704a00000| Untracked 
|  24|0x0000000704c00000, 0x0000000704e00000, 0x0000000704e00000|100%| O|  |TAMS 0x0000000704e00000, 0x0000000704c00000| Untracked 
|  25|0x0000000704e00000, 0x0000000705000000, 0x0000000705000000|100%| O|  |TAMS 0x0000000705000000, 0x0000000704e00000| Untracked 
|  26|0x0000000705000000, 0x0000000705200000, 0x0000000705200000|100%| O|  |TAMS 0x0000000705200000, 0x0000000705000000| Untracked 
|  27|0x0000000705200000, 0x0000000705400000, 0x0000000705400000|100%| O|  |TAMS 0x0000000705400000, 0x0000000705200000| Untracked 
|  28|0x0000000705400000, 0x0000000705600000, 0x0000000705600000|100%| O|  |TAMS 0x0000000705600000, 0x0000000705400000| Untracked 
|  29|0x0000000705600000, 0x0000000705800000, 0x0000000705800000|100%| O|  |TAMS 0x0000000705800000, 0x0000000705600000| Untracked 
|  30|0x0000000705800000, 0x0000000705a00000, 0x0000000705a00000|100%| O|  |TAMS 0x0000000705a00000, 0x0000000705800000| Untracked 
|  31|0x0000000705a00000, 0x0000000705c00000, 0x0000000705c00000|100%| O|  |TAMS 0x0000000705c00000, 0x0000000705a00000| Untracked 
|  32|0x0000000705c00000, 0x0000000705e00000, 0x0000000705e00000|100%| O|  |TAMS 0x0000000705e00000, 0x0000000705c00000| Untracked 
|  33|0x0000000705e00000, 0x0000000706000000, 0x0000000706000000|100%| O|  |TAMS 0x0000000706000000, 0x0000000705e00000| Untracked 
|  34|0x0000000706000000, 0x0000000706200000, 0x0000000706200000|100%| O|  |TAMS 0x0000000706200000, 0x0000000706000000| Untracked 
|  35|0x0000000706200000, 0x0000000706400000, 0x0000000706400000|100%| O|  |TAMS 0x0000000706400000, 0x0000000706200000| Untracked 
|  36|0x0000000706400000, 0x0000000706600000, 0x0000000706600000|100%| O|  |TAMS 0x0000000706600000, 0x0000000706400000| Untracked 
|  37|0x0000000706600000, 0x0000000706800000, 0x0000000706800000|100%| O|  |TAMS 0x0000000706800000, 0x0000000706600000| Untracked 
|  38|0x0000000706800000, 0x0000000706a00000, 0x0000000706a00000|100%| O|  |TAMS 0x0000000706a00000, 0x0000000706800000| Untracked 
|  39|0x0000000706a00000, 0x0000000706c00000, 0x0000000706c00000|100%| O|  |TAMS 0x0000000706c00000, 0x0000000706a00000| Untracked 
|  40|0x0000000706c00000, 0x0000000706e00000, 0x0000000706e00000|100%| O|  |TAMS 0x0000000706e00000, 0x0000000706c00000| Untracked 
|  41|0x0000000706e00000, 0x0000000707000000, 0x0000000707000000|100%| O|  |TAMS 0x0000000707000000, 0x0000000706e00000| Untracked 
|  42|0x0000000707000000, 0x0000000707200000, 0x0000000707200000|100%| O|  |TAMS 0x0000000707200000, 0x0000000707000000| Untracked 
|  43|0x0000000707200000, 0x0000000707400000, 0x0000000707400000|100%| O|  |TAMS 0x0000000707400000, 0x0000000707200000| Untracked 
|  44|0x0000000707400000, 0x0000000707600000, 0x0000000707600000|100%| O|  |TAMS 0x0000000707400000, 0x0000000707400000| Untracked 
|  45|0x0000000707600000, 0x0000000707800000, 0x0000000707800000|100%| O|  |TAMS 0x0000000707800000, 0x0000000707600000| Untracked 
|  46|0x0000000707800000, 0x0000000707a00000, 0x0000000707a00000|100%| O|  |TAMS 0x0000000707a00000, 0x0000000707800000| Untracked 
|  47|0x0000000707a00000, 0x0000000707c00000, 0x0000000707c00000|100%| O|  |TAMS 0x0000000707c00000, 0x0000000707a00000| Untracked 
|  48|0x0000000707c00000, 0x0000000707e00000, 0x0000000707e00000|100%| O|  |TAMS 0x0000000707e00000, 0x0000000707c00000| Untracked 
|  49|0x0000000707e00000, 0x0000000708000000, 0x0000000708000000|100%| O|  |TAMS 0x0000000708000000, 0x0000000707e00000| Untracked 
|  50|0x0000000708000000, 0x0000000708200000, 0x0000000708200000|100%| O|  |TAMS 0x0000000708200000, 0x0000000708000000| Untracked 
|  51|0x0000000708200000, 0x0000000708400000, 0x0000000708400000|100%| O|  |TAMS 0x0000000708400000, 0x0000000708200000| Untracked 
|  52|0x0000000708400000, 0x0000000708600000, 0x0000000708600000|100%| O|  |TAMS 0x0000000708600000, 0x0000000708400000| Untracked 
|  53|0x0000000708600000, 0x0000000708800000, 0x0000000708800000|100%| O|  |TAMS 0x0000000708800000, 0x0000000708600000| Untracked 
|  54|0x0000000708800000, 0x0000000708a00000, 0x0000000708a00000|100%| O|  |TAMS 0x0000000708a00000, 0x0000000708800000| Untracked 
|  55|0x0000000708a00000, 0x0000000708c00000, 0x0000000708c00000|100%| O|  |TAMS 0x0000000708c00000, 0x0000000708a00000| Untracked 
|  56|0x0000000708c00000, 0x0000000708e00000, 0x0000000708e00000|100%| O|  |TAMS 0x0000000708e00000, 0x0000000708c00000| Untracked 
|  57|0x0000000708e00000, 0x0000000709000000, 0x0000000709000000|100%| O|  |TAMS 0x0000000709000000, 0x0000000708e00000| Untracked 
|  58|0x0000000709000000, 0x0000000709200000, 0x0000000709200000|100%| O|  |TAMS 0x0000000709151000, 0x0000000709000000| Untracked 
|  59|0x0000000709200000, 0x0000000709400000, 0x0000000709400000|100%| O|  |TAMS 0x0000000709200000, 0x0000000709200000| Untracked 
|  60|0x0000000709400000, 0x0000000709600000, 0x0000000709600000|100%| O|  |TAMS 0x0000000709400000, 0x0000000709400000| Untracked 
|  61|0x0000000709600000, 0x0000000709800000, 0x0000000709800000|100%| O|  |TAMS 0x0000000709600000, 0x0000000709600000| Untracked 
|  62|0x0000000709800000, 0x0000000709a00000, 0x0000000709a00000|100%| O|  |TAMS 0x0000000709800000, 0x0000000709800000| Untracked 
|  63|0x0000000709a00000, 0x0000000709c00000, 0x0000000709c00000|100%| O|  |TAMS 0x0000000709a00000, 0x0000000709a00000| Untracked 
|  64|0x0000000709c00000, 0x0000000709e00000, 0x0000000709e00000|100%| O|  |TAMS 0x0000000709c00000, 0x0000000709c00000| Untracked 
|  65|0x0000000709e00000, 0x000000070a000000, 0x000000070a000000|100%| O|  |TAMS 0x0000000709e00000, 0x0000000709e00000| Untracked 
|  66|0x000000070a000000, 0x000000070a200000, 0x000000070a200000|100%| O|  |TAMS 0x000000070a000000, 0x000000070a000000| Untracked 
|  67|0x000000070a200000, 0x000000070a400000, 0x000000070a400000|100%| O|  |TAMS 0x000000070a200000, 0x000000070a200000| Untracked 
|  68|0x000000070a400000, 0x000000070a600000, 0x000000070a600000|100%| O|  |TAMS 0x000000070a400000, 0x000000070a400000| Untracked 
|  69|0x000000070a600000, 0x000000070a800000, 0x000000070a800000|100%| O|  |TAMS 0x000000070a600000, 0x000000070a600000| Untracked 
|  70|0x000000070a800000, 0x000000070aa00000, 0x000000070aa00000|100%| O|  |TAMS 0x000000070a800000, 0x000000070a800000| Untracked 
|  71|0x000000070aa00000, 0x000000070ac00000, 0x000000070ac00000|100%| O|  |TAMS 0x000000070aa00000, 0x000000070aa00000| Untracked 
|  72|0x000000070ac00000, 0x000000070ae00000, 0x000000070ae00000|100%| O|  |TAMS 0x000000070ac00000, 0x000000070ac00000| Untracked 
|  73|0x000000070ae00000, 0x000000070b000000, 0x000000070b000000|100%| O|  |TAMS 0x000000070ae00000, 0x000000070ae00000| Untracked 
|  74|0x000000070b000000, 0x000000070b200000, 0x000000070b200000|100%| O|  |TAMS 0x000000070b000000, 0x000000070b000000| Untracked 
|  75|0x000000070b200000, 0x000000070b400000, 0x000000070b400000|100%| O|  |TAMS 0x000000070b200000, 0x000000070b200000| Untracked 
|  76|0x000000070b400000, 0x000000070b600000, 0x000000070b600000|100%| O|  |TAMS 0x000000070b400000, 0x000000070b400000| Untracked 
|  77|0x000000070b600000, 0x000000070b800000, 0x000000070b800000|100%| O|  |TAMS 0x000000070b600000, 0x000000070b600000| Untracked 
|  78|0x000000070b800000, 0x000000070ba00000, 0x000000070ba00000|100%| O|  |TAMS 0x000000070b800000, 0x000000070b800000| Untracked 
|  79|0x000000070ba00000, 0x000000070bc00000, 0x000000070bc00000|100%| O|  |TAMS 0x000000070ba00000, 0x000000070ba00000| Untracked 
|  80|0x000000070bc00000, 0x000000070be00000, 0x000000070be00000|100%| O|  |TAMS 0x000000070bc00000, 0x000000070bc00000| Untracked 
|  81|0x000000070be00000, 0x000000070c000000, 0x000000070c000000|100%| O|  |TAMS 0x000000070be00000, 0x000000070be00000| Untracked 
|  82|0x000000070c000000, 0x000000070c200000, 0x000000070c200000|100%| O|  |TAMS 0x000000070c000000, 0x000000070c000000| Untracked 
|  83|0x000000070c200000, 0x000000070c400000, 0x000000070c400000|100%| O|  |TAMS 0x000000070c200000, 0x000000070c200000| Untracked 
|  84|0x000000070c400000, 0x000000070c600000, 0x000000070c600000|100%| O|  |TAMS 0x000000070c400000, 0x000000070c400000| Untracked 
|  85|0x000000070c600000, 0x000000070c800000, 0x000000070c800000|100%| O|  |TAMS 0x000000070c600000, 0x000000070c600000| Untracked 
|  86|0x000000070c800000, 0x000000070ca00000, 0x000000070ca00000|100%| O|  |TAMS 0x000000070c800000, 0x000000070c800000| Untracked 
|  87|0x000000070ca00000, 0x000000070cc00000, 0x000000070cc00000|100%| O|  |TAMS 0x000000070ca00000, 0x000000070ca00000| Untracked 
|  88|0x000000070cc00000, 0x000000070ce00000, 0x000000070ce00000|100%| O|  |TAMS 0x000000070cc00000, 0x000000070cc00000| Untracked 
|  89|0x000000070ce00000, 0x000000070d000000, 0x000000070d000000|100%| O|  |TAMS 0x000000070ce00000, 0x000000070ce00000| Untracked 
|  90|0x000000070d000000, 0x000000070d200000, 0x000000070d200000|100%| O|  |TAMS 0x000000070d000000, 0x000000070d000000| Untracked 
|  91|0x000000070d200000, 0x000000070d400000, 0x000000070d400000|100%| O|  |TAMS 0x000000070d200000, 0x000000070d200000| Untracked 
|  92|0x000000070d400000, 0x000000070d600000, 0x000000070d600000|100%| O|  |TAMS 0x000000070d400000, 0x000000070d400000| Untracked 
|  93|0x000000070d600000, 0x000000070d800000, 0x000000070d800000|100%| O|  |TAMS 0x000000070d600000, 0x000000070d600000| Untracked 
|  94|0x000000070d800000, 0x000000070da00000, 0x000000070da00000|100%| O|  |TAMS 0x000000070d800000, 0x000000070d800000| Untracked 
|  95|0x000000070da00000, 0x000000070dc00000, 0x000000070dc00000|100%| O|  |TAMS 0x000000070da00000, 0x000000070da00000| Untracked 
|  96|0x000000070dc00000, 0x000000070de00000, 0x000000070de00000|100%| O|  |TAMS 0x000000070dc00000, 0x000000070dc00000| Untracked 
|  97|0x000000070de00000, 0x000000070e000000, 0x000000070e000000|100%| O|  |TAMS 0x000000070de00000, 0x000000070de00000| Untracked 
|  98|0x000000070e000000, 0x000000070e200000, 0x000000070e200000|100%| O|  |TAMS 0x000000070e000000, 0x000000070e000000| Untracked 
|  99|0x000000070e200000, 0x000000070e400000, 0x000000070e400000|100%| O|  |TAMS 0x000000070e200000, 0x000000070e200000| Untracked 
| 100|0x000000070e400000, 0x000000070e600000, 0x000000070e600000|100%| O|  |TAMS 0x000000070e400000, 0x000000070e400000| Untracked 
| 101|0x000000070e600000, 0x000000070e800000, 0x000000070e800000|100%| O|  |TAMS 0x000000070e600000, 0x000000070e600000| Untracked 
| 102|0x000000070e800000, 0x000000070ea00000, 0x000000070ea00000|100%| O|  |TAMS 0x000000070e800000, 0x000000070e800000| Untracked 
| 103|0x000000070ea00000, 0x000000070ec00000, 0x000000070ec00000|100%| O|  |TAMS 0x000000070ea00000, 0x000000070ea00000| Untracked 
| 104|0x000000070ec00000, 0x000000070ed26200, 0x000000070ee00000| 57%| O|  |TAMS 0x000000070ec00000, 0x000000070ec00000| Untracked 
| 105|0x000000070ee00000, 0x000000070ee00000, 0x000000070f000000|  0%| F|  |TAMS 0x000000070ee00000, 0x000000070ee00000| Untracked 
| 106|0x000000070f000000, 0x000000070f000000, 0x000000070f200000|  0%| F|  |TAMS 0x000000070f000000, 0x000000070f000000| Untracked 
| 107|0x000000070f200000, 0x000000070f200000, 0x000000070f400000|  0%| F|  |TAMS 0x000000070f200000, 0x000000070f200000| Untracked 
| 108|0x000000070f400000, 0x000000070f400000, 0x000000070f600000|  0%| F|  |TAMS 0x000000070f400000, 0x000000070f400000| Untracked 
| 109|0x000000070f600000, 0x000000070f600000, 0x000000070f800000|  0%| F|  |TAMS 0x000000070f600000, 0x000000070f600000| Untracked 
| 110|0x000000070f800000, 0x000000070f800000, 0x000000070fa00000|  0%| F|  |TAMS 0x000000070f800000, 0x000000070f800000| Untracked 
| 111|0x000000070fa00000, 0x000000070fa00000, 0x000000070fc00000|  0%| F|  |TAMS 0x000000070fa00000, 0x000000070fa00000| Untracked 
| 112|0x000000070fc00000, 0x000000070fc00000, 0x000000070fe00000|  0%| F|  |TAMS 0x000000070fc00000, 0x000000070fc00000| Untracked 
| 113|0x000000070fe00000, 0x000000070fe00000, 0x0000000710000000|  0%| F|  |TAMS 0x000000070fe00000, 0x000000070fe00000| Untracked 
| 114|0x0000000710000000, 0x0000000710000000, 0x0000000710200000|  0%| F|  |TAMS 0x0000000710000000, 0x0000000710000000| Untracked 
| 115|0x0000000710200000, 0x0000000710200000, 0x0000000710400000|  0%| F|  |TAMS 0x0000000710200000, 0x0000000710200000| Untracked 
| 116|0x0000000710400000, 0x0000000710400000, 0x0000000710600000|  0%| F|  |TAMS 0x0000000710400000, 0x0000000710400000| Untracked 
| 117|0x0000000710600000, 0x0000000710600000, 0x0000000710800000|  0%| F|  |TAMS 0x0000000710600000, 0x0000000710600000| Untracked 
| 118|0x0000000710800000, 0x0000000710800000, 0x0000000710a00000|  0%| F|  |TAMS 0x0000000710800000, 0x0000000710800000| Untracked 
| 119|0x0000000710a00000, 0x0000000710a00000, 0x0000000710c00000|  0%| F|  |TAMS 0x0000000710a00000, 0x0000000710a00000| Untracked 
| 120|0x0000000710c00000, 0x0000000710c00000, 0x0000000710e00000|  0%| F|  |TAMS 0x0000000710c00000, 0x0000000710c00000| Untracked 
| 121|0x0000000710e00000, 0x0000000710e00000, 0x0000000711000000|  0%| F|  |TAMS 0x0000000710e00000, 0x0000000710e00000| Untracked 
| 122|0x0000000711000000, 0x0000000711000000, 0x0000000711200000|  0%| F|  |TAMS 0x0000000711000000, 0x0000000711000000| Untracked 
| 123|0x0000000711200000, 0x0000000711200000, 0x0000000711400000|  0%| F|  |TAMS 0x0000000711200000, 0x0000000711200000| Untracked 
| 124|0x0000000711400000, 0x0000000711400000, 0x0000000711600000|  0%| F|  |TAMS 0x0000000711400000, 0x0000000711400000| Untracked 
| 125|0x0000000711600000, 0x0000000711600000, 0x0000000711800000|  0%| F|  |TAMS 0x0000000711600000, 0x0000000711600000| Untracked 
| 126|0x0000000711800000, 0x0000000711800000, 0x0000000711a00000|  0%| F|  |TAMS 0x0000000711800000, 0x0000000711800000| Untracked 
| 127|0x0000000711a00000, 0x0000000711a00000, 0x0000000711c00000|  0%| F|  |TAMS 0x0000000711a00000, 0x0000000711a00000| Untracked 
| 128|0x0000000711c00000, 0x0000000711c00000, 0x0000000711e00000|  0%| F|  |TAMS 0x0000000711c00000, 0x0000000711c00000| Untracked 
| 129|0x0000000711e00000, 0x0000000711e00000, 0x0000000712000000|  0%| F|  |TAMS 0x0000000711e00000, 0x0000000711e00000| Untracked 
| 130|0x0000000712000000, 0x0000000712000000, 0x0000000712200000|  0%| F|  |TAMS 0x0000000712000000, 0x0000000712000000| Untracked 
| 131|0x0000000712200000, 0x0000000712200000, 0x0000000712400000|  0%| F|  |TAMS 0x0000000712200000, 0x0000000712200000| Untracked 
| 132|0x0000000712400000, 0x0000000712400000, 0x0000000712600000|  0%| F|  |TAMS 0x0000000712400000, 0x0000000712400000| Untracked 
| 133|0x0000000712600000, 0x0000000712600000, 0x0000000712800000|  0%| F|  |TAMS 0x0000000712600000, 0x0000000712600000| Untracked 
| 134|0x0000000712800000, 0x0000000712800000, 0x0000000712a00000|  0%| F|  |TAMS 0x0000000712800000, 0x0000000712800000| Untracked 
| 135|0x0000000712a00000, 0x0000000712ba32e0, 0x0000000712c00000| 81%| S|CS|TAMS 0x0000000712a00000, 0x0000000712a00000| Complete 
| 136|0x0000000712c00000, 0x0000000712e00000, 0x0000000712e00000|100%| S|CS|TAMS 0x0000000712c00000, 0x0000000712c00000| Complete 
| 137|0x0000000712e00000, 0x0000000713000000, 0x0000000713000000|100%| S|CS|TAMS 0x0000000712e00000, 0x0000000712e00000| Complete 
| 138|0x0000000713000000, 0x0000000713000000, 0x0000000713200000|  0%| F|  |TAMS 0x0000000713000000, 0x0000000713000000| Untracked 
| 139|0x0000000713200000, 0x0000000713200000, 0x0000000713400000|  0%| F|  |TAMS 0x0000000713200000, 0x0000000713200000| Untracked 
| 140|0x0000000713400000, 0x0000000713400000, 0x0000000713600000|  0%| F|  |TAMS 0x0000000713400000, 0x0000000713400000| Untracked 
| 141|0x0000000713600000, 0x0000000713600000, 0x0000000713800000|  0%| F|  |TAMS 0x0000000713600000, 0x0000000713600000| Untracked 
| 142|0x0000000713800000, 0x0000000713800000, 0x0000000713a00000|  0%| F|  |TAMS 0x0000000713800000, 0x0000000713800000| Untracked 
| 143|0x0000000713a00000, 0x0000000713a00000, 0x0000000713c00000|  0%| F|  |TAMS 0x0000000713a00000, 0x0000000713a00000| Untracked 
| 144|0x0000000713c00000, 0x0000000713c00000, 0x0000000713e00000|  0%| F|  |TAMS 0x0000000713c00000, 0x0000000713c00000| Untracked 
| 145|0x0000000713e00000, 0x0000000713e00000, 0x0000000714000000|  0%| F|  |TAMS 0x0000000713e00000, 0x0000000713e00000| Untracked 
| 146|0x0000000714000000, 0x0000000714000000, 0x0000000714200000|  0%| F|  |TAMS 0x0000000714000000, 0x0000000714000000| Untracked 
| 147|0x0000000714200000, 0x0000000714200000, 0x0000000714400000|  0%| F|  |TAMS 0x0000000714200000, 0x0000000714200000| Untracked 
| 148|0x0000000714400000, 0x0000000714400000, 0x0000000714600000|  0%| F|  |TAMS 0x0000000714400000, 0x0000000714400000| Untracked 
| 149|0x0000000714600000, 0x0000000714600000, 0x0000000714800000|  0%| F|  |TAMS 0x0000000714600000, 0x0000000714600000| Untracked 
| 150|0x0000000714800000, 0x0000000714800000, 0x0000000714a00000|  0%| F|  |TAMS 0x0000000714800000, 0x0000000714800000| Untracked 
| 151|0x0000000714a00000, 0x0000000714a00000, 0x0000000714c00000|  0%| F|  |TAMS 0x0000000714a00000, 0x0000000714a00000| Untracked 
| 152|0x0000000714c00000, 0x0000000714c00000, 0x0000000714e00000|  0%| F|  |TAMS 0x0000000714c00000, 0x0000000714c00000| Untracked 
| 153|0x0000000714e00000, 0x0000000714e00000, 0x0000000715000000|  0%| F|  |TAMS 0x0000000714e00000, 0x0000000714e00000| Untracked 
| 154|0x0000000715000000, 0x0000000715000000, 0x0000000715200000|  0%| F|  |TAMS 0x0000000715000000, 0x0000000715000000| Untracked 
| 155|0x0000000715200000, 0x0000000715200000, 0x0000000715400000|  0%| F|  |TAMS 0x0000000715200000, 0x0000000715200000| Untracked 
| 156|0x0000000715400000, 0x0000000715400000, 0x0000000715600000|  0%| F|  |TAMS 0x0000000715400000, 0x0000000715400000| Untracked 
| 157|0x0000000715600000, 0x0000000715600000, 0x0000000715800000|  0%| F|  |TAMS 0x0000000715600000, 0x0000000715600000| Untracked 
| 158|0x0000000715800000, 0x0000000715800000, 0x0000000715a00000|  0%| F|  |TAMS 0x0000000715800000, 0x0000000715800000| Untracked 
| 159|0x0000000715a00000, 0x0000000715a00000, 0x0000000715c00000|  0%| F|  |TAMS 0x0000000715a00000, 0x0000000715a00000| Untracked 
| 160|0x0000000715c00000, 0x0000000715c00000, 0x0000000715e00000|  0%| F|  |TAMS 0x0000000715c00000, 0x0000000715c00000| Untracked 
| 161|0x0000000715e00000, 0x0000000715e00000, 0x0000000716000000|  0%| F|  |TAMS 0x0000000715e00000, 0x0000000715e00000| Untracked 
| 162|0x0000000716000000, 0x0000000716000000, 0x0000000716200000|  0%| F|  |TAMS 0x0000000716000000, 0x0000000716000000| Untracked 
| 163|0x0000000716200000, 0x0000000716200000, 0x0000000716400000|  0%| F|  |TAMS 0x0000000716200000, 0x0000000716200000| Untracked 
| 164|0x0000000716400000, 0x0000000716400000, 0x0000000716600000|  0%| F|  |TAMS 0x0000000716400000, 0x0000000716400000| Untracked 
| 165|0x0000000716600000, 0x0000000716600000, 0x0000000716800000|  0%| F|  |TAMS 0x0000000716600000, 0x0000000716600000| Untracked 
| 166|0x0000000716800000, 0x0000000716800000, 0x0000000716a00000|  0%| F|  |TAMS 0x0000000716800000, 0x0000000716800000| Untracked 
| 167|0x0000000716a00000, 0x0000000716a00000, 0x0000000716c00000|  0%| F|  |TAMS 0x0000000716a00000, 0x0000000716a00000| Untracked 

Card table byte_map: [0x0000021072d80000,0x0000021073580000] _byte_map_base: 0x000002106f572000

Marking Bits (Prev, Next): (CMBitMap*) 0x000002106a9ee4d0, (CMBitMap*) 0x000002106a9ee510
 Prev Bits: [0x0000021073d80000, 0x0000021077d10000)
 Next Bits: [0x0000021077d10000, 0x000002107bca0000)

Polling page: 0x000002106a160000

Metaspace:

Usage:
  Non-class:     70.08 MB used.
      Class:      8.18 MB used.
       Both:     78.26 MB used.

Virtual space:
  Non-class space:      128.00 MB reserved,      70.25 MB ( 55%) committed,  2 nodes.
      Class space:        1.00 GB reserved,       8.31 MB ( <1%) committed,  1 nodes.
             Both:        1.12 GB reserved,      78.56 MB (  7%) committed. 

Chunk freelists:
   Non-Class:  8.88 MB
       Class:  7.70 MB
        Both:  16.58 MB

MaxMetaspaceSize: unlimited
CompressedClassSpaceSize: 1.00 GB
Initial GC threshold: 21.00 MB
Current GC threshold: 103.44 MB
CDS: on
MetaspaceReclaimPolicy: balanced
 - commit_granule_bytes: 65536.
 - commit_granule_words: 8192.
 - virtual_space_node_default_size: 8388608.
 - enlarge_chunks_in_place: 1.
 - new_chunks_are_fully_committed: 0.
 - uncommit_free_chunks: 1.
 - use_allocation_guard: 0.
 - handle_deallocations: 1.


Internal statistics:

num_allocs_failed_limit: 9.
num_arena_births: 390.
num_arena_deaths: 0.
num_vsnodes_births: 3.
num_vsnodes_deaths: 0.
num_space_committed: 1255.
num_space_uncommitted: 0.
num_chunks_returned_to_freelist: 9.
num_chunks_taken_from_freelist: 3168.
num_chunk_merges: 9.
num_chunk_splits: 2636.
num_chunks_enlarged: 2388.
num_inconsistent_stats: 0.

CodeHeap 'non-profiled nmethods': size=120000Kb used=10843Kb max_used=10843Kb free=109156Kb
 bounds [0x0000021007ad0000, 0x0000021008570000, 0x000002100f000000]
CodeHeap 'profiled nmethods': size=120000Kb used=54537Kb max_used=54537Kb free=65462Kb
 bounds [0x0000021000000000, 0x0000021003550000, 0x0000021007530000]
CodeHeap 'non-nmethods': size=5760Kb used=1471Kb max_used=1596Kb free=4289Kb
 bounds [0x0000021007530000, 0x00000210077a0000, 0x0000021007ad0000]
 total_blobs=16732 nmethods=15930 adapters=709
 compilation: enabled
              stopped_count=0, restarted_count=0
 full_count=0

Compilation events (20 events):
Event: 50.746 Thread 0x000002107e7218d0 20194       2       org.jetbrains.kotlin.backend.jvm.JvmLoweredDeclarationOrigin::getMULTI_FIELD_VALUE_CLASS_GENERATED_IMPL_METHOD (19 bytes)
Event: 50.747 Thread 0x000002107e7218d0 nmethod 20194 0x000002100353b490 code [0x000002100353b660, 0x000002100353b918]
Event: 50.747 Thread 0x000002107e7218d0 20187       2       org.jetbrains.kotlin.backend.jvm.MemoizedValueClassAbstractReplacements::replaceOverriddenSymbols (38 bytes)
Event: 50.747 Thread 0x000002107e7218d0 nmethod 20187 0x000002100353bb10 code [0x000002100353bd20, 0x000002100353c0e8]
Event: 50.747 Thread 0x000002107e7218d0 20188       2       org.jetbrains.kotlin.backend.jvm.ir.JvmIrUtilsKt::isStaticMultiFieldValueClassReplacement (48 bytes)
Event: 50.748 Thread 0x000002107e7218d0 nmethod 20188 0x000002100353c310 code [0x000002100353c5a0, 0x000002100353cc38]
Event: 50.748 Thread 0x000002107e7218d0 20206       2       org.jetbrains.kotlin.backend.jvm.MemoizedValueClassAbstractReplacements::replaceOverriddenSymbolsImpl$lambda$6 (112 bytes)
Event: 50.749 Thread 0x000002107e7218d0 nmethod 20206 0x000002100353d090 code [0x000002100353d320, 0x000002100353db38]
Event: 50.749 Thread 0x000002107e7218d0 20207       3       org.jetbrains.kotlin.ir.util.IrTypeErasureUtilsKt::getErasedUpperBound (176 bytes)
Event: 50.750 Thread 0x000002107e7218d0 nmethod 20207 0x000002100353e110 code [0x000002100353e4a0, 0x0000021003540268]
Event: 50.750 Thread 0x000002107e7218d0 20189       2       org.jetbrains.kotlin.backend.jvm.JvmLoweredDeclarationOrigin::getSTATIC_MULTI_FIELD_VALUE_CLASS_REPLACEMENT (19 bytes)
Event: 50.751 Thread 0x000002107e7218d0 nmethod 20189 0x0000021003540910 code [0x0000021003540ae0, 0x0000021003540d98]
Event: 50.751 Thread 0x000002107e7218d0 20190       2       org.jetbrains.kotlin.backend.jvm.JvmLoweredDeclarationOrigin::getSTATIC_MULTI_FIELD_VALUE_CLASS_CONSTRUCTOR (19 bytes)
Event: 50.751 Thread 0x000002107e7218d0 nmethod 20190 0x0000021003540f90 code [0x0000021003541160, 0x0000021003541418]
Event: 50.751 Thread 0x000002107e7218d0 20191       2       org.jetbrains.kotlin.backend.jvm.ir.JvmIrUtilsKt::isStaticInlineClassReplacement (48 bytes)
Event: 50.752 Thread 0x000002107e7218d0 nmethod 20191 0x0000021003541610 code [0x00000210035418a0, 0x0000021003541f38]
Event: 50.752 Thread 0x000002107e7218d0 20212       3       org.jetbrains.kotlin.ir.util.AdditionalIrUtilsKt::isLocal (133 bytes)
Event: 50.754 Thread 0x000002107e7218d0 nmethod 20212 0x0000021003542390 code [0x0000021003542840, 0x0000021003545228]
Event: 50.754 Thread 0x000002107e7218d0 20213       3       org.jetbrains.kotlin.ir.util.TransformKt::replaceInPlace (125 bytes)
Event: 50.754 Thread 0x000002107e720e20 nmethod 20152 0x0000021008566710 code [0x00000210085668c0, 0x0000021008567e58]

GC Heap History (20 events):
Event: 32.793 GC heap after
{Heap after GC invocations=30 (full 0):
 garbage-first heap   total 206848K, used 118909K [0x0000000701c00000, 0x0000000800000000)
  region size 2048K, 2 young (4096K), 2 survivors (4096K)
 Metaspace       used 62115K, committed 62400K, reserved 1114112K
  class space    used 6726K, committed 6848K, reserved 1048576K
}
Event: 37.109 GC heap before
{Heap before GC invocations=31 (full 0):
 garbage-first heap   total 206848K, used 163965K [0x0000000701c00000, 0x0000000800000000)
  region size 2048K, 24 young (49152K), 2 survivors (4096K)
 Metaspace       used 62906K, committed 63168K, reserved 1114112K
  class space    used 6738K, committed 6848K, reserved 1048576K
}
Event: 37.128 GC heap after
{Heap after GC invocations=32 (full 0):
 garbage-first heap   total 206848K, used 119632K [0x0000000701c00000, 0x0000000800000000)
  region size 2048K, 1 young (2048K), 1 survivors (2048K)
 Metaspace       used 62906K, committed 63168K, reserved 1114112K
  class space    used 6738K, committed 6848K, reserved 1048576K
}
Event: 37.743 GC heap before
{Heap before GC invocations=32 (full 0):
 garbage-first heap   total 206848K, used 127824K [0x0000000701c00000, 0x0000000800000000)
  region size 2048K, 5 young (10240K), 1 survivors (2048K)
 Metaspace       used 63008K, committed 63296K, reserved 1114112K
  class space    used 6752K, committed 6912K, reserved 1048576K
}
Event: 37.751 GC heap after
{Heap after GC invocations=33 (full 0):
 garbage-first heap   total 206848K, used 118882K [0x0000000701c00000, 0x0000000800000000)
  region size 2048K, 1 young (2048K), 1 survivors (2048K)
 Metaspace       used 63008K, committed 63296K, reserved 1114112K
  class space    used 6752K, committed 6912K, reserved 1048576K
}
Event: 38.712 GC heap before
{Heap before GC invocations=33 (full 0):
 garbage-first heap   total 206848K, used 168034K [0x0000000701c00000, 0x0000000800000000)
  region size 2048K, 25 young (51200K), 1 survivors (2048K)
 Metaspace       used 63217K, committed 63488K, reserved 1114112K
  class space    used 6771K, committed 6912K, reserved 1048576K
}
Event: 38.730 GC heap after
{Heap after GC invocations=34 (full 0):
 garbage-first heap   total 206848K, used 128296K [0x0000000701c00000, 0x0000000800000000)
  region size 2048K, 4 young (8192K), 4 survivors (8192K)
 Metaspace       used 63217K, committed 63488K, reserved 1114112K
  class space    used 6771K, committed 6912K, reserved 1048576K
}
Event: 39.643 GC heap before
{Heap before GC invocations=35 (full 0):
 garbage-first heap   total 233472K, used 167208K [0x0000000701c00000, 0x0000000800000000)
  region size 2048K, 23 young (47104K), 4 survivors (8192K)
 Metaspace       used 63340K, committed 63616K, reserved 1114112K
  class space    used 6775K, committed 6912K, reserved 1048576K
}
Event: 39.658 GC heap after
{Heap after GC invocations=36 (full 0):
 garbage-first heap   total 233472K, used 135168K [0x0000000701c00000, 0x0000000800000000)
  region size 2048K, 3 young (6144K), 3 survivors (6144K)
 Metaspace       used 63340K, committed 63616K, reserved 1114112K
  class space    used 6775K, committed 6912K, reserved 1048576K
}
Event: 39.689 GC heap before
{Heap before GC invocations=36 (full 0):
 garbage-first heap   total 233472K, used 139264K [0x0000000701c00000, 0x0000000800000000)
  region size 2048K, 5 young (10240K), 3 survivors (6144K)
 Metaspace       used 63368K, committed 63680K, reserved 1114112K
  class space    used 6775K, committed 6912K, reserved 1048576K
}
Event: 39.714 GC heap after
{Heap after GC invocations=37 (full 0):
 garbage-first heap   total 344064K, used 136271K [0x0000000701c00000, 0x0000000800000000)
  region size 2048K, 1 young (2048K), 1 survivors (2048K)
 Metaspace       used 63368K, committed 63680K, reserved 1114112K
  class space    used 6775K, committed 6912K, reserved 1048576K
}
Event: 44.223 GC heap before
{Heap before GC invocations=37 (full 0):
 garbage-first heap   total 344064K, used 265295K [0x0000000701c00000, 0x0000000800000000)
  region size 2048K, 64 young (131072K), 1 survivors (2048K)
 Metaspace       used 69677K, committed 70016K, reserved 1114112K
  class space    used 7323K, committed 7488K, reserved 1048576K
}
Event: 44.240 GC heap after
{Heap after GC invocations=38 (full 0):
 garbage-first heap   total 344064K, used 156008K [0x0000000701c00000, 0x0000000800000000)
  region size 2048K, 8 young (16384K), 8 survivors (16384K)
 Metaspace       used 69677K, committed 70016K, reserved 1114112K
  class space    used 7323K, committed 7488K, reserved 1048576K
}
Event: 46.362 GC heap before
{Heap before GC invocations=38 (full 0):
 garbage-first heap   total 344064K, used 258408K [0x0000000701c00000, 0x0000000800000000)
  region size 2048K, 58 young (118784K), 8 survivors (16384K)
 Metaspace       used 71638K, committed 72000K, reserved 1114112K
  class space    used 7453K, committed 7616K, reserved 1048576K
}
Event: 46.392 GC heap after
{Heap after GC invocations=39 (full 0):
 garbage-first heap   total 344064K, used 180049K [0x0000000701c00000, 0x0000000800000000)
  region size 2048K, 8 young (16384K), 8 survivors (16384K)
 Metaspace       used 71638K, committed 72000K, reserved 1114112K
  class space    used 7453K, committed 7616K, reserved 1048576K
}
Event: 47.707 GC heap before
{Heap before GC invocations=39 (full 0):
 garbage-first heap   total 344064K, used 266065K [0x0000000701c00000, 0x0000000800000000)
  region size 2048K, 50 young (102400K), 8 survivors (16384K)
 Metaspace       used 71873K, committed 72192K, reserved 1114112K
  class space    used 7464K, committed 7616K, reserved 1048576K
}
Event: 47.734 GC heap after
{Heap after GC invocations=40 (full 0):
 garbage-first heap   total 344064K, used 201173K [0x0000000701c00000, 0x0000000800000000)
  region size 2048K, 7 young (14336K), 7 survivors (14336K)
 Metaspace       used 71873K, committed 72192K, reserved 1114112K
  class space    used 7464K, committed 7616K, reserved 1048576K
}
Event: 48.925 GC heap before
{Heap before GC invocations=40 (full 0):
 garbage-first heap   total 344064K, used 270805K [0x0000000701c00000, 0x0000000800000000)
  region size 2048K, 41 young (83968K), 7 survivors (14336K)
 Metaspace       used 74061K, committed 74368K, reserved 1179648K
  class space    used 7626K, committed 7744K, reserved 1048576K
}
Event: 48.952 GC heap after
{Heap after GC invocations=41 (full 0):
 garbage-first heap   total 344064K, used 214049K [0x0000000701c00000, 0x0000000800000000)
  region size 2048K, 6 young (12288K), 6 survivors (12288K)
 Metaspace       used 74061K, committed 74368K, reserved 1179648K
  class space    used 7626K, committed 7744K, reserved 1048576K
}
Event: 50.755 GC heap before
{Heap before GC invocations=41 (full 0):
 garbage-first heap   total 344064K, used 275489K [0x0000000701c00000, 0x0000000800000000)
  region size 2048K, 36 young (73728K), 6 survivors (12288K)
 Metaspace       used 80141K, committed 80448K, reserved 1179648K
  class space    used 8377K, committed 8512K, reserved 1048576K
}

Deoptimization events (20 events):
Event: 50.587 Thread 0x000002106a982630 Uncommon trap: trap_request=0xffffffc6 fr.pc=0x0000021007e60d60 relative=0x00000000000006e0
Event: 50.587 Thread 0x000002106a982630 Uncommon trap: reason=bimorphic_or_optimized_type_check action=maybe_recompile pc=0x0000021007e60d60 method=kotlin.collections.CollectionsKt___CollectionsKt.toList(Ljava/lang/Iterable;)Ljava/util/List; @ 62 c2
Event: 50.587 Thread 0x000002106a982630 DEOPT PACKING pc=0x0000021007e60d60 sp=0x000000e300afcd90
Event: 50.587 Thread 0x000002106a982630 DEOPT UNPACKING pc=0x00000210075823a3 sp=0x000000e300afcd58 mode 2
Event: 50.679 Thread 0x000002106a982630 Uncommon trap: trap_request=0xffffffc6 fr.pc=0x000002100855b6d8 relative=0x0000000000003538
Event: 50.679 Thread 0x000002106a982630 Uncommon trap: reason=bimorphic_or_optimized_type_check action=maybe_recompile pc=0x000002100855b6d8 method=org.jetbrains.kotlin.ir.visitors.IrElementTransformerVoid.visitSimpleFunction(Lorg/jetbrains/kotlin/ir/declarations/IrSimpleFunction;Ljava/lang/Voi
Event: 50.679 Thread 0x000002106a982630 DEOPT PACKING pc=0x000002100855b6d8 sp=0x000000e300afc450
Event: 50.679 Thread 0x000002106a982630 DEOPT UNPACKING pc=0x00000210075823a3 sp=0x000000e300afc3e0 mode 2
Event: 50.693 Thread 0x000002106a982630 Uncommon trap: trap_request=0xffffffc6 fr.pc=0x000002100855b6d8 relative=0x0000000000003538
Event: 50.693 Thread 0x000002106a982630 Uncommon trap: reason=bimorphic_or_optimized_type_check action=maybe_recompile pc=0x000002100855b6d8 method=org.jetbrains.kotlin.ir.visitors.IrElementTransformerVoid.visitSimpleFunction(Lorg/jetbrains/kotlin/ir/declarations/IrSimpleFunction;Ljava/lang/Voi
Event: 50.693 Thread 0x000002106a982630 DEOPT PACKING pc=0x000002100855b6d8 sp=0x000000e300afc440
Event: 50.693 Thread 0x000002106a982630 DEOPT UNPACKING pc=0x00000210075823a3 sp=0x000000e300afc3d0 mode 2
Event: 50.694 Thread 0x000002106a982630 Uncommon trap: trap_request=0xffffffc6 fr.pc=0x000002100855b6d8 relative=0x0000000000003538
Event: 50.694 Thread 0x000002106a982630 Uncommon trap: reason=bimorphic_or_optimized_type_check action=maybe_recompile pc=0x000002100855b6d8 method=org.jetbrains.kotlin.ir.visitors.IrElementTransformerVoid.visitSimpleFunction(Lorg/jetbrains/kotlin/ir/declarations/IrSimpleFunction;Ljava/lang/Voi
Event: 50.694 Thread 0x000002106a982630 DEOPT PACKING pc=0x000002100855b6d8 sp=0x000000e300afc520
Event: 50.694 Thread 0x000002106a982630 DEOPT UNPACKING pc=0x00000210075823a3 sp=0x000000e300afc4b0 mode 2
Event: 50.702 Thread 0x000002106a982630 Uncommon trap: trap_request=0xffffffc6 fr.pc=0x000002100855b6d8 relative=0x0000000000003538
Event: 50.702 Thread 0x000002106a982630 Uncommon trap: reason=bimorphic_or_optimized_type_check action=maybe_recompile pc=0x000002100855b6d8 method=org.jetbrains.kotlin.ir.visitors.IrElementTransformerVoid.visitSimpleFunction(Lorg/jetbrains/kotlin/ir/declarations/IrSimpleFunction;Ljava/lang/Voi
Event: 50.702 Thread 0x000002106a982630 DEOPT PACKING pc=0x000002100855b6d8 sp=0x000000e300afd260
Event: 50.702 Thread 0x000002106a982630 DEOPT UNPACKING pc=0x00000210075823a3 sp=0x000000e300afd1f0 mode 2

Classes unloaded (0 events):
No events

Classes redefined (0 events):
No events

Internal exceptions (20 events):
Event: 37.714 Thread 0x000002106a982630 Exception <a 'java/lang/NoSuchMethodError'{0x000000070df59cc0}: 'java.lang.Object java.lang.invoke.Invokers$Holder.linkToTargetMethod(java.lang.Object, int, java.lang.Object, java.lang.Object, java.lang.Object, java.lang.Object)'> (0x000000070df59cc0) 
thrown [s\open\src\hotspot\share\interpreter\linkResolver.cpp, line 759]
Event: 39.756 Thread 0x000002106a982630 Exception <a 'java/lang/NoSuchMethodError'{0x0000000716b85568}: 'java.lang.Object java.lang.invoke.DirectMethodHandle$Holder.invokeStatic(java.lang.Object, java.lang.Object, java.lang.Object, java.lang.Object, java.lang.Object, java.lang.Object, java.lang.Object, java.lang.Object, int)'> (0x0000000716b85568) 
thrown [s\open\src\hotspot\share\interpreter\linkResolver.cpp, line 759]
Event: 41.707 Thread 0x000002106a982630 Implicit null exception at 0x0000021007b21ef4 to 0x0000021007b22684
Event: 41.709 Thread 0x000002106a982630 Implicit null exception at 0x0000021007b0f5f4 to 0x0000021007b0fd70
Event: 42.586 Thread 0x000002106a982630 Exception <a 'java/lang/NoSuchMethodError'{0x0000000710601d28}: 'java.lang.Object java.lang.invoke.DirectMethodHandle$Holder.newInvokeSpecial(java.lang.Object, java.lang.Object, java.lang.Object, java.lang.Object, java.lang.Object, java.lang.Object, java.lang.Object, java.lang.Object, int)'> (0x0000000710601d28) 
thrown [s\open\src\hotspot\share\interpreter\linkResolver.cpp, line 759]
Event: 42.587 Thread 0x000002106a982630 Exception <a 'java/lang/NoSuchMethodError'{0x0000000710607188}: 'java.lang.Object java.lang.invoke.DirectMethodHandle$Holder.invokeSpecial(java.lang.Object, java.lang.Object, java.lang.Object, java.lang.Object, java.lang.Object, java.lang.Object, java.lang.Object, java.lang.Object, java.lang.Object, int)'> (0x0000000710607188) 
thrown [s\open\src\hotspot\share\interpreter\linkResolver.cpp, line 759]
Event: 43.045 Thread 0x000002106a982630 Exception <a 'java/lang/NoSuchMethodError'{0x000000070fc29810}: 'java.lang.Object java.lang.invoke.DirectMethodHandle$Holder.invokeStatic(java.lang.Object, java.lang.Object, java.lang.Object, int, int)'> (0x000000070fc29810) 
thrown [s\open\src\hotspot\share\interpreter\linkResolver.cpp, line 759]
Event: 44.211 Thread 0x000002106a982630 Exception <a 'java/lang/NoSuchMethodError'{0x000000070edc99b0}: 'java.lang.Object java.lang.invoke.DirectMethodHandle$Holder.newInvokeSpecial(java.lang.Object, java.lang.Object, java.lang.Object, java.lang.Object, java.lang.Object, java.lang.Object, java.lang.Object, int)'> (0x000000070edc99b0) 
thrown [s\open\src\hotspot\share\interpreter\linkResolver.cpp, line 759]
Event: 44.212 Thread 0x000002106a982630 Exception <a 'java/lang/NoSuchMethodError'{0x000000070edced18}: 'java.lang.Object java.lang.invoke.DirectMethodHandle$Holder.invokeSpecial(java.lang.Object, java.lang.Object, java.lang.Object, java.lang.Object, java.lang.Object, java.lang.Object, java.lang.Object, java.lang.Object, int)'> (0x000000070edced18) 
thrown [s\open\src\hotspot\share\interpreter\linkResolver.cpp, line 759]
Event: 44.212 Thread 0x000002106a982630 Exception <a 'java/lang/NoSuchMethodError'{0x000000070edd3580}: 'java.lang.Object java.lang.invoke.Invokers$Holder.linkToTargetMethod(java.lang.Object, java.lang.Object, java.lang.Object, java.lang.Object, java.lang.Object, java.lang.Object, int, java.lang.Object)'> (0x000000070edd3580) 
thrown [s\open\src\hotspot\share\interpreter\linkResolver.cpp, line 759]
Event: 45.352 Thread 0x000002106a982630 Implicit null exception at 0x0000021007fd8191 to 0x0000021007fd9464
Event: 49.389 Thread 0x000002106a982630 Exception <a 'java/lang/NoSuchMethodError'{0x000000071595bae8}: 'java.lang.Object java.lang.invoke.DirectMethodHandle$Holder.newInvokeSpecial(java.lang.Object, int, java.lang.Object, int)'> (0x000000071595bae8) 
thrown [s\open\src\hotspot\share\interpreter\linkResolver.cpp, line 759]
Event: 49.389 Thread 0x000002106a982630 Exception <a 'java/lang/NoSuchMethodError'{0x000000071595fa68}: 'java.lang.Object java.lang.invoke.DirectMethodHandle$Holder.invokeSpecial(java.lang.Object, java.lang.Object, int, java.lang.Object, int)'> (0x000000071595fa68) 
thrown [s\open\src\hotspot\share\interpreter\linkResolver.cpp, line 759]
Event: 49.652 Thread 0x000002106a982630 Exception <a 'java/lang/NoSuchMethodError'{0x0000000714f20f00}: 'java.lang.Object java.lang.invoke.DirectMethodHandle$Holder.invokeStaticInit(java.lang.Object, int, java.lang.Object, java.lang.Object, java.lang.Object)'> (0x0000000714f20f00) 
thrown [s\open\src\hotspot\share\interpreter\linkResolver.cpp, line 759]
Event: 50.080 Thread 0x000002106a982630 Implicit null exception at 0x0000021007dcb700 to 0x0000021007dd4898
Event: 50.285 Thread 0x000002106a982630 Exception <a 'java/lang/NoSuchMethodError'{0x0000000713d1c988}: 'java.lang.Object java.lang.invoke.Invokers$Holder.invoker(java.lang.Object, java.lang.Object, java.lang.Object)'> (0x0000000713d1c988) 
thrown [s\open\src\hotspot\share\interpreter\linkResolver.cpp, line 759]
Event: 50.289 Thread 0x000002106a982630 Exception <a 'java/lang/NoSuchMethodError'{0x0000000713d260f0}: 'void java.lang.invoke.DirectMethodHandle$Holder.invokeStatic(java.lang.Object, java.lang.Object, int, java.lang.Object)'> (0x0000000713d260f0) 
thrown [s\open\src\hotspot\share\interpreter\linkResolver.cpp, line 759]
Event: 50.290 Thread 0x000002106a982630 Exception <a 'java/lang/NoSuchMethodError'{0x0000000713d2da88}: 'void java.lang.invoke.DelegatingMethodHandle$Holder.delegate(java.lang.Object, java.lang.Object, int, java.lang.Object)'> (0x0000000713d2da88) 
thrown [s\open\src\hotspot\share\interpreter\linkResolver.cpp, line 759]
Event: 50.292 Thread 0x000002106a982630 Exception <a 'java/lang/NoSuchMethodError'{0x0000000713d3d8d0}: 'java.lang.Object java.lang.invoke.Invokers$Holder.invokeExact_MT(java.lang.Object, java.lang.Object, java.lang.Object, java.lang.Object)'> (0x0000000713d3d8d0) 
thrown [s\open\src\hotspot\share\interpreter\linkResolver.cpp, line 759]
Event: 50.378 Thread 0x000002106a982630 Implicit null exception at 0x00000210083489e0 to 0x0000021008348e50

VM Operations (20 events):
Event: 50.180 Executing VM operation: ICBufferFull done
Event: 50.268 Executing VM operation: HandshakeAllThreads
Event: 50.268 Executing VM operation: HandshakeAllThreads done
Event: 50.288 Executing VM operation: HandshakeAllThreads
Event: 50.288 Executing VM operation: HandshakeAllThreads done
Event: 50.325 Executing VM operation: ICBufferFull
Event: 50.328 Executing VM operation: ICBufferFull done
Event: 50.375 Executing VM operation: HandshakeAllThreads
Event: 50.375 Executing VM operation: HandshakeAllThreads done
Event: 50.500 Executing VM operation: HandshakeAllThreads
Event: 50.500 Executing VM operation: HandshakeAllThreads done
Event: 50.531 Executing VM operation: ICBufferFull
Event: 50.532 Executing VM operation: ICBufferFull done
Event: 50.552 Executing VM operation: HandshakeAllThreads
Event: 50.552 Executing VM operation: HandshakeAllThreads done
Event: 50.708 Executing VM operation: HandshakeAllThreads
Event: 50.708 Executing VM operation: HandshakeAllThreads done
Event: 50.708 Executing VM operation: HandshakeAllThreads
Event: 50.708 Executing VM operation: HandshakeAllThreads done
Event: 50.754 Executing VM operation: G1CollectForAllocation

Events (20 events):
Event: 49.239 Thread 0x000002107e728720 flushing nmethod 0x0000021003143190
Event: 49.239 Thread 0x000002107e728720 flushing nmethod 0x0000021003145710
Event: 49.239 Thread 0x000002107e728720 flushing nmethod 0x000002100314ac90
Event: 49.240 Thread 0x000002107e728720 flushing nmethod 0x0000021003176990
Event: 49.240 Thread 0x000002107e728720 flushing nmethod 0x000002100317a890
Event: 49.240 Thread 0x000002107e728720 flushing nmethod 0x0000021003180410
Event: 49.240 Thread 0x000002107e728720 flushing nmethod 0x00000210031ffa90
Event: 49.645 loading class sun/reflect/generics/reflectiveObjects/ParameterizedTypeImpl
Event: 49.645 loading class java/lang/reflect/ParameterizedType
Event: 49.645 loading class java/lang/reflect/ParameterizedType done
Event: 49.645 loading class sun/reflect/generics/reflectiveObjects/ParameterizedTypeImpl done
Event: 49.646 loading class sun/reflect/generics/tree/TypeVariableSignature
Event: 49.646 loading class sun/reflect/generics/tree/TypeVariableSignature done
Event: 49.646 loading class java/lang/reflect/TypeVariable
Event: 49.646 loading class java/lang/reflect/TypeVariable done
Event: 49.646 loading class sun/reflect/generics/reflectiveObjects/TypeVariableImpl
Event: 49.646 loading class sun/reflect/generics/reflectiveObjects/LazyReflectiveObjectGenerator
Event: 49.646 loading class sun/reflect/generics/reflectiveObjects/LazyReflectiveObjectGenerator done
Event: 49.646 loading class sun/reflect/generics/reflectiveObjects/TypeVariableImpl done
Event: 50.712 Thread 0x000002107e728720 flushing nmethod 0x000002100806f710


Dynamic libraries:
0x00007ff724cc0000 - 0x00007ff724cd0000 	D:\Java\jdk-17\bin\java.exe
0x00007ffa72ba0000 - 0x00007ffa72da9000 	C:\Windows\SYSTEM32\ntdll.dll
0x00007ffa71a50000 - 0x00007ffa71b0d000 	C:\Windows\System32\KERNEL32.DLL
0x00007ffa702f0000 - 0x00007ffa70674000 	C:\Windows\System32\KERNELBASE.dll
0x00007ffa70830000 - 0x00007ffa70941000 	C:\Windows\System32\ucrtbase.dll
0x00007ffa47ff0000 - 0x00007ffa48009000 	D:\Java\jdk-17\bin\jli.dll
0x00007ffa72290000 - 0x00007ffa7233e000 	C:\Windows\System32\ADVAPI32.dll
0x00007ffa47fd0000 - 0x00007ffa47feb000 	D:\Java\jdk-17\bin\VCRUNTIME140.dll
0x00007ffa71e70000 - 0x00007ffa71f13000 	C:\Windows\System32\msvcrt.dll
0x00007ffa71620000 - 0x00007ffa716be000 	C:\Windows\System32\sechost.dll
0x00007ffa71d40000 - 0x00007ffa71e61000 	C:\Windows\System32\RPCRT4.dll
0x00007ffa713c0000 - 0x00007ffa7156d000 	C:\Windows\System32\USER32.dll
0x00007ffa70030000 - 0x00007ffa70056000 	C:\Windows\System32\win32u.dll
0x00007ffa71c30000 - 0x00007ffa71c5a000 	C:\Windows\System32\GDI32.dll
0x00007ffa701d0000 - 0x00007ffa702ee000 	C:\Windows\System32\gdi32full.dll
0x00007ffa70950000 - 0x00007ffa709ed000 	C:\Windows\System32\msvcp_win.dll
0x00007ffa592d0000 - 0x00007ffa59575000 	C:\Windows\WinSxS\amd64_microsoft.windows.common-controls_6595b64144ccf1df_6.0.22000.120_none_9d947278b86cc467\COMCTL32.dll
0x00007ffa67830000 - 0x00007ffa6783a000 	C:\Windows\SYSTEM32\VERSION.dll
0x00007ffa72220000 - 0x00007ffa72251000 	C:\Windows\System32\IMM32.DLL
0x00007ffa67670000 - 0x00007ffa6767c000 	D:\Java\jdk-17\bin\vcruntime140_1.dll
0x00007ffa47f40000 - 0x00007ffa47fce000 	D:\Java\jdk-17\bin\msvcp140.dll
0x00007ff9f2c50000 - 0x00007ff9f3830000 	D:\Java\jdk-17\bin\server\jvm.dll
0x00007ffa72280000 - 0x00007ffa72288000 	C:\Windows\System32\PSAPI.DLL
0x00007ffa4a190000 - 0x00007ffa4a199000 	C:\Windows\SYSTEM32\WSOCK32.dll
0x00007ffa709f0000 - 0x00007ffa70a5f000 	C:\Windows\System32\WS2_32.dll
0x00007ffa5a720000 - 0x00007ffa5a753000 	C:\Windows\SYSTEM32\WINMM.dll
0x00007ffa6f190000 - 0x00007ffa6f1a8000 	C:\Windows\SYSTEM32\kernel.appcore.dll
0x00007ffa4a140000 - 0x00007ffa4a14a000 	D:\Java\jdk-17\bin\jimage.dll
0x00007ffa6dd50000 - 0x00007ffa6df71000 	C:\Windows\SYSTEM32\DBGHELP.DLL
0x00007ffa39bf0000 - 0x00007ffa39c21000 	C:\Windows\SYSTEM32\dbgcore.DLL
0x00007ffa70680000 - 0x00007ffa706ff000 	C:\Windows\System32\bcryptPrimitives.dll
0x00007ffa47f10000 - 0x00007ffa47f35000 	D:\Java\jdk-17\bin\java.dll
0x00007ff9f6860000 - 0x00007ff9f6937000 	D:\Java\jdk-17\bin\jsvml.dll
0x00007ffa70bf0000 - 0x00007ffa713b5000 	C:\Windows\System32\SHELL32.dll
0x00007ffa6e110000 - 0x00007ffa6e972000 	C:\Windows\SYSTEM32\windows.storage.dll
0x00007ffa716c0000 - 0x00007ffa71a36000 	C:\Windows\System32\combase.dll
0x00007ffa6dfa0000 - 0x00007ffa6e107000 	C:\Windows\SYSTEM32\wintypes.dll
0x00007ffa71f20000 - 0x00007ffa7200a000 	C:\Windows\System32\SHCORE.dll
0x00007ffa70b90000 - 0x00007ffa70bed000 	C:\Windows\System32\shlwapi.dll
0x00007ffa6ff60000 - 0x00007ffa6ff85000 	C:\Windows\SYSTEM32\profapi.dll
0x00007ffa47ef0000 - 0x00007ffa47f09000 	D:\Java\jdk-17\bin\net.dll
0x00007ffa67260000 - 0x00007ffa67374000 	C:\Windows\SYSTEM32\WINHTTP.dll
0x00007ffa6f640000 - 0x00007ffa6f6a7000 	C:\Windows\system32\mswsock.dll
0x00007ffa47ed0000 - 0x00007ffa47ee6000 	D:\Java\jdk-17\bin\nio.dll
0x00007ffa47eb0000 - 0x00007ffa47ec8000 	D:\Java\jdk-17\bin\zip.dll
0x00007ffa48180000 - 0x00007ffa48190000 	D:\Java\jdk-17\bin\verify.dll

dbghelp: loaded successfully - version: 4.0.5 - missing functions: none
symbol engine: initialized successfully - sym options: 0x614 - pdb path: .;D:\Java\jdk-17\bin;C:\Windows\SYSTEM32;C:\Windows\WinSxS\amd64_microsoft.windows.common-controls_6595b64144ccf1df_6.0.22000.120_none_9d947278b86cc467;D:\Java\jdk-17\bin\server

VM Arguments:
java_command: org.jetbrains.kotlin.cli.jvm.K2JVMCompiler @E:\Descktop\MentoraAppNew\node_modules\react-native-screens\android\build\20260206_9161639247386103787.compiler.options
java_class_path (initial): C:\Users\hp\.gradle\caches\modules-2\files-2.1\org.jetbrains.kotlin\kotlin-compiler-embeddable\2.1.20\4ef56b3316798316bfac7a0ae443391c9e900ea1\kotlin-compiler-embeddable-2.1.20.jar;C:\Users\hp\.gradle\caches\modules-2\files-2.1\org.jetbrains.kotlin\kotlin-stdlib\2.1.20\aa8ca79cd50578314f6d1180c47cbe14c0fee567\kotlin-stdlib-2.1.20.jar;C:\Users\hp\.gradle\caches\modules-2\files-2.1\org.jetbrains.kotlin\kotlin-script-runtime\2.1.20\f7c623d7f7bdb01f5ccd6b437bc0a937fcd7c57e\kotlin-script-runtime-2.1.20.jar;C:\Users\hp\.gradle\caches\modules-2\files-2.1\org.jetbrains.kotlin\kotlin-reflect\1.6.10\1cbe9c92c12a94eea200d23c2bbaedaf3daf5132\kotlin-reflect-1.6.10.jar;C:\Users\hp\.gradle\caches\modules-2\files-2.1\org.jetbrains.kotlin\kotlin-daemon-embeddable\2.1.20\95670fce77befd02a70a0bc3abe8ee4533521334\kotlin-daemon-embeddable-2.1.20.jar;C:\Users\hp\.gradle\caches\modules-2\files-2.1\org.jetbrains.intellij.deps\trove4j\1.0.20200330\3afb14d5f9ceb459d724e907a21145e8ff394f02\trove4j-1.0.20200330.jar;C:\Users\hp\.gradle\caches\modules-2\files-2.1\org.jetbrains.kotlinx\kotlinx-coroutines-core-jvm\1.8.0\ac1dc37a30a93150b704022f8d895ee1bd3a36b3\kotlinx-coroutines-core-jvm-1.8.0.jar;C:\Users\hp\.gradle\caches\modules-2\files-2.1\org.jetbrains\annotations\13.0\919f0dfe192fb4e063e7dacadee7f8bb9a2672a9\annotations-13.0.jar
Launcher Type: SUN_STANDARD

[Global flags]
     intx CICompilerCount                          = 4                                         {product} {ergonomic}
     uint ConcGCThreads                            = 2                                         {product} {ergonomic}
     uint G1ConcRefinementThreads                  = 8                                         {product} {ergonomic}
   size_t G1HeapRegionSize                         = 2097152                                   {product} {ergonomic}
    uintx GCDrainStackTargetSize                   = 64                                        {product} {ergonomic}
   size_t InitialHeapSize                          = 268435456                                 {product} {ergonomic}
   size_t MarkStackSize                            = 4194304                                   {product} {ergonomic}
   size_t MaxHeapSize                              = 4265607168                                {product} {ergonomic}
   size_t MaxNewSize                               = 2558525440                                {product} {ergonomic}
   size_t MinHeapDeltaBytes                        = 2097152                                   {product} {ergonomic}
   size_t MinHeapSize                              = 8388608                                   {product} {ergonomic}
    uintx NonNMethodCodeHeapSize                   = 5839372                                {pd product} {ergonomic}
    uintx NonProfiledCodeHeapSize                  = 122909434                              {pd product} {ergonomic}
    uintx ProfiledCodeHeapSize                     = 122909434                              {pd product} {ergonomic}
    uintx ReservedCodeCacheSize                    = 251658240                              {pd product} {ergonomic}
     bool SegmentedCodeCache                       = true                                      {product} {ergonomic}
   size_t SoftMaxHeapSize                          = 4265607168                             {manageable} {ergonomic}
     bool UseCompressedClassPointers               = true                           {product lp64_product} {ergonomic}
     bool UseCompressedOops                        = true                           {product lp64_product} {ergonomic}
     bool UseG1GC                                  = true                                      {product} {ergonomic}
     bool UseLargePagesIndividualAllocation        = false                                  {pd product} {ergonomic}

Logging:
Log output configuration:
 #0: stdout all=warning uptime,level,tags
 #1: stderr all=off uptime,level,tags

Environment Variables:
JAVA_HOME=D:\Java\jdk-17
PATH=E:\Descktop\MentoraAppNew\node_modules\.bin;E:\Descktop\MentoraAppNew\node_modules\.bin;E:\Descktop\node_modules\.bin;E:\node_modules\.bin;D:\nodejs\node_modules\npm\node_modules\@npmcli\run-script\lib\node-gyp-bin;D:\bin;C:\Program Files\Common Files\Oracle\Java\javapath;C:\Windows\system32;C:\Windows;C:\Windows\System32\Wbem;C:\Windows\System32\WindowsPowerShell\v1.0\;C:\Windows\System32\OpenSSH\;C:\nodejs;C:\Program Files\Git\cmd;D:\Programe Files\Java\jdk-17\bin;D:\nodejs;D:\gradle-9.3.1\bin;D:\Java\jdk-17\bin;C:\Users\hp\AppData\Local\Microsoft\WindowsApps;;C:\Users\hp\AppData\Local\Programs\Microsoft VS Code\bin;C:\Users\hp\AppData\Local\Programs\cursor\resources\app\bin
USERNAME=hp
OS=Windows_NT
PROCESSOR_IDENTIFIER=Intel64 Family 6 Model 94 Stepping 3, GenuineIntel



---------------  S Y S T E M  ---------------

OS:
 Windows 11 , 64 bit Build 22000 (10.0.22000.2538)
OS uptime: 0 days 20:46 hours

CPU: total 8 (initial active 8) (4 cores per cpu, 2 threads per core) family 6 model 94 stepping 3 microcode 0xd6, cx8, cmov, fxsr, ht, mmx, 3dnowpref, sse, sse2, sse3, ssse3, sse4.1, sse4.2, popcnt, lzcnt, tsc, tscinvbit, avx, avx2, aes, erms, clmul, bmi1, bmi2, rtm, adx, fma, vzeroupper, clflush, clflushopt

Memory: 4k page, system-wide physical 16264M (1489M free)
TotalPageFile size 22258M (AvailPageFile size 161M)
current process WorkingSet (physical memory assigned to process): 624M, peak: 625M
current process commit charge ("private bytes"): 663M, peak: 999M

vm_info: Java HotSpot(TM) 64-Bit Server VM (17.0.12+8-LTS-286) for windows-amd64 JRE (17.0.12+8-LTS-286), built on Jun  5 2024 06:46:59 by "mach5one" with MS VC++ 17.6 (VS2022)

END.
