#
# There is insufficient memory for the Java Runtime Environment to continue.
# Native memory allocation (malloc) failed to allocate 1056176 bytes for Chunk::new
# Possible reasons:
#   The system is out of physical RAM or swap space
#   The process is running with CompressedOops enabled, and the Java Heap may be blocking the growth of the native heap
# Possible solutions:
#   Reduce memory load on the system
#   Increase physical memory or swap space
#   Check if swap backing store is full
#   Decrease Java heap size (-Xmx/-Xms)
#   Decrease number of Java threads
#   Decrease Java thread stack sizes (-Xss)
#   Set larger code cache with -XX:ReservedCodeCacheSize=
#   JVM is running with Zero Based Compressed Oops mode in which the Java heap is
#     placed in the first 32GB address space. The Java Heap base address is the
#     maximum limit for the native heap growth. Please use -XX:HeapBaseMinAddress
#     to set the Java Heap base and to place the Java Heap above 32GB virtual address.
# This output file may be truncated or incomplete.
#
#  Out of Memory Error (arena.cpp:189), pid=6008, tid=66168
#
# JRE version: Java(TM) SE Runtime Environment (17.0.12+8) (build 17.0.12+8-LTS-286)
# Java VM: Java HotSpot(TM) 64-Bit Server VM (17.0.12+8-LTS-286, mixed mode, sharing, tiered, compressed oops, compressed class ptrs, g1 gc, windows-amd64)
# No core dump will be written. Minidumps are not enabled by default on client versions of Windows
#

---------------  S U M M A R Y ------------

Command Line: org.jetbrains.kotlin.cli.jvm.K2JVMCompiler @E:\Descktop\MentoraAppNew\node_modules\expo-modules-autolinking\android\expo-gradle-plugin\expo-autolinking-plugin\build\20260412_14142669779489751915.compiler.options

Host: Intel(R) Core(TM) i7-6700HQ CPU @ 2.60GHz, 8 cores, 15G,  Windows 11 , 64 bit Build 22000 (10.0.22000.2538)
Time: Sun Apr 12 01:33:15 2026 Egypt Standard Time elapsed time: 2.808578 seconds (0d 0h 0m 2s)

---------------  T H R E A D  ---------------

Current thread (0x000001beff6e2560):  JavaThread "C2 CompilerThread2" daemon [_thread_in_native, id=66168, stack(0x000000436e100000,0x000000436e200000)]


Current CompileTask:
C2:   2808 1598   !   4       jdk.internal.loader.BuiltinClassLoader::loadClassOrNull (143 bytes)

Stack: [0x000000436e100000,0x000000436e200000]
Native frames: (J=compiled Java code, j=interpreted, Vv=VM code, C=native code)
V  [jvm.dll+0x67a04a]
V  [jvm.dll+0x7da4ed]
V  [jvm.dll+0x7dbe33]
V  [jvm.dll+0x7dc4a3]
V  [jvm.dll+0x24508f]
V  [jvm.dll+0xab773]
V  [jvm.dll+0xabd3c]
V  [jvm.dll+0x2aa52f]
V  [jvm.dll+0x581eb9]
V  [jvm.dll+0x21f422]
V  [jvm.dll+0x21f81f]
V  [jvm.dll+0x218aa0]
V  [jvm.dll+0x215b65]
V  [jvm.dll+0x1a2960]
V  [jvm.dll+0x22610b]
V  [jvm.dll+0x2242ab]
V  [jvm.dll+0x79075c]
V  [jvm.dll+0x78abea]
V  [jvm.dll+0x678f35]
C  [ucrtbase.dll+0x26c0c]
C  [KERNEL32.DLL+0x153e0]
C  [ntdll.dll+0x485b]


---------------  P R O C E S S  ---------------

Threads class SMR info:
_java_thread_list=0x000001beff547a60, length=14, elements={
0x000001bed55a4730, 0x000001befa2a74b0, 0x000001befa2a8330, 0x000001befa2be460,
0x000001befa2bfe30, 0x000001befa2c07f0, 0x000001befa2c11b0, 0x000001befa2c2f60,
0x000001befa2c4930, 0x000001befa2c9260, 0x000001befa4c8bf0, 0x000001befa4d1100,
0x000001beff6e1c30, 0x000001beff6e2560
}

Java Threads: ( => current thread )
  0x000001bed55a4730 JavaThread "main" [_thread_in_vm, id=31012, stack(0x000000436c800000,0x000000436c900000)]
  0x000001befa2a74b0 JavaThread "Reference Handler" daemon [_thread_blocked, id=39632, stack(0x000000436cf00000,0x000000436d000000)]
  0x000001befa2a8330 JavaThread "Finalizer" daemon [_thread_blocked, id=19384, stack(0x000000436d000000,0x000000436d100000)]
  0x000001befa2be460 JavaThread "Signal Dispatcher" daemon [_thread_blocked, id=18064, stack(0x000000436d100000,0x000000436d200000)]
  0x000001befa2bfe30 JavaThread "Attach Listener" daemon [_thread_blocked, id=68540, stack(0x000000436d200000,0x000000436d300000)]
  0x000001befa2c07f0 JavaThread "Service Thread" daemon [_thread_blocked, id=58804, stack(0x000000436d300000,0x000000436d400000)]
  0x000001befa2c11b0 JavaThread "Monitor Deflation Thread" daemon [_thread_blocked, id=6248, stack(0x000000436d400000,0x000000436d500000)]
  0x000001befa2c2f60 JavaThread "C2 CompilerThread0" daemon [_thread_in_native, id=34052, stack(0x000000436d500000,0x000000436d600000)]
  0x000001befa2c4930 JavaThread "C1 CompilerThread0" daemon [_thread_blocked, id=60844, stack(0x000000436d600000,0x000000436d700000)]
  0x000001befa2c9260 JavaThread "Sweeper thread" daemon [_thread_blocked, id=37944, stack(0x000000436d700000,0x000000436d800000)]
  0x000001befa4c8bf0 JavaThread "Notification Thread" daemon [_thread_blocked, id=22172, stack(0x000000436d800000,0x000000436d900000)]
  0x000001befa4d1100 JavaThread "Common-Cleaner" daemon [_thread_blocked, id=30360, stack(0x000000436da00000,0x000000436db00000)]
  0x000001beff6e1c30 JavaThread "C2 CompilerThread1" daemon [_thread_blocked, id=30644, stack(0x000000436e000000,0x000000436e100000)]
=>0x000001beff6e2560 JavaThread "C2 CompilerThread2" daemon [_thread_in_native, id=66168, stack(0x000000436e100000,0x000000436e200000)]

Other Threads:
  0x000001befa2a18a0 VMThread "VM Thread" [stack: 0x000000436ce00000,0x000000436cf00000] [id=38536]
  0x000001befa2decd0 WatcherThread [stack: 0x000000436d900000,0x000000436da00000] [id=11652]
  0x000001bed560fc30 GCTaskThread "GC Thread#0" [stack: 0x000000436c900000,0x000000436ca00000] [id=39324]
  0x000001beff2cf410 GCTaskThread "GC Thread#1" [stack: 0x000000436db00000,0x000000436dc00000] [id=64164]
  0x000001beff26aaf0 GCTaskThread "GC Thread#2" [stack: 0x000000436dc00000,0x000000436dd00000] [id=15648]
  0x000001beff2845a0 GCTaskThread "GC Thread#3" [stack: 0x000000436dd00000,0x000000436de00000] [id=56376]
  0x000001beff284860 GCTaskThread "GC Thread#4" [stack: 0x000000436de00000,0x000000436df00000] [id=24080]
  0x000001beff284b20 GCTaskThread "GC Thread#5" [stack: 0x000000436df00000,0x000000436e000000] [id=58168]
  0x000001bed395fe10 GCTaskThread "GC Thread#6" [stack: 0x000000436e200000,0x000000436e300000] [id=40288]
  0x000001beff6e3680 GCTaskThread "GC Thread#7" [stack: 0x000000436e300000,0x000000436e400000] [id=66404]
  0x000001bed56209c0 ConcurrentGCThread "G1 Main Marker" [stack: 0x000000436ca00000,0x000000436cb00000] [id=28104]
  0x000001bed5623b90 ConcurrentGCThread "G1 Conc#0" [stack: 0x000000436cb00000,0x000000436cc00000] [id=46492]
  0x000001bec8e76ef0 ConcurrentGCThread "G1 Conc#1" [stack: 0x0000000000000000,0x0000000000000000] [id=74052]
  0x000001befa1634e0 ConcurrentGCThread "G1 Refine#0" [stack: 0x000000436cc00000,0x000000436cd00000] [id=22644]
  0x000001bed46dcfd0 ConcurrentGCThread "G1 Refine#1" [stack: 0x0000000000000000,0x0000000000000000] [id=63208]
  0x000001befa163f10 ConcurrentGCThread "G1 Service" [stack: 0x000000436cd00000,0x000000436ce00000] [id=73892]

Threads with active compile tasks:
C2 CompilerThread0     2857 1635   !   4       java.util.concurrent.ConcurrentHashMap::transfer (849 bytes)
C2 CompilerThread2     2857 1598   !   4       jdk.internal.loader.BuiltinClassLoader::loadClassOrNull (143 bytes)

VM state: not at safepoint (normal execution)

VM Mutex/Monitor currently owned by a thread:  ([mutex/lock_event])
[0x000001bed559d8b0] CodeCache_lock - owner thread: 0x000001bed55a4730
[0x000001bed559e710] Compile_lock - owner thread: 0x000001bed55a4730

Heap address: 0x0000000701c00000, size: 4068 MB, Compressed Oops mode: Zero based, Oop shift amount: 3

CDS archive(s) mapped at: [0x000001be80000000-0x000001be80bd0000-0x000001be80bd0000), size 12386304, SharedBaseAddress: 0x000001be80000000, ArchiveRelocationMode: 1.
Compressed class space mapped at: 0x000001be81000000-0x000001bec1000000, reserved size: 1073741824
Narrow klass base: 0x000001be80000000, Narrow klass shift: 0, Narrow klass range: 0x100000000

GC Precious Log:
 CPUs: 8 total, 8 available
 Memory: 16264M
 Large Page Support: Disabled
 NUMA Support: Disabled
 Compressed Oops: Enabled (Zero based)
 Heap Region Size: 2M
 Heap Min Capacity: 8M
 Heap Initial Capacity: 256M
 Heap Max Capacity: 4068M
 Pre-touch: Disabled
 Parallel Workers: 8
 Concurrent Workers: 2
 Concurrent Refinement Workers: 8
 Periodic GC: Disabled

Heap:
 garbage-first heap   total 262144K, used 29888K [0x0000000701c00000, 0x0000000800000000)
  region size 2048K, 11 young (22528K), 10 survivors (20480K)
 Metaspace       used 21243K, committed 21568K, reserved 1114112K
  class space    used 2661K, committed 2816K, reserved 1048576K

Heap Regions: E=young(eden), S=young(survivor), O=old, HS=humongous(starts), HC=humongous(continues), CS=collection set, F=free, OA=open archive, CA=closed archive, TAMS=top-at-mark-start (previous, next)
|   0|0x0000000701c00000, 0x0000000701e00000, 0x0000000701e00000|100%|HS|  |TAMS 0x0000000701c00000, 0x0000000701e00000| Complete 
|   1|0x0000000701e00000, 0x0000000702000000, 0x0000000702000000|100%|HC|  |TAMS 0x0000000701e00000, 0x0000000702000000| Complete 
|   2|0x0000000702000000, 0x0000000702200000, 0x0000000702200000|100%| O|  |TAMS 0x0000000702000000, 0x0000000702000000| Untracked 
|   3|0x0000000702200000, 0x0000000702400000, 0x0000000702400000|100%| O|  |TAMS 0x0000000702200000, 0x0000000702200000| Untracked 
|   4|0x0000000702400000, 0x0000000702530200, 0x0000000702600000| 59%| O|  |TAMS 0x0000000702400000, 0x0000000702400000| Untracked 
|   5|0x0000000702600000, 0x0000000702600000, 0x0000000702800000|  0%| F|  |TAMS 0x0000000702600000, 0x0000000702600000| Untracked 
|   6|0x0000000702800000, 0x0000000702800000, 0x0000000702a00000|  0%| F|  |TAMS 0x0000000702800000, 0x0000000702800000| Untracked 
|   7|0x0000000702a00000, 0x0000000702a00000, 0x0000000702c00000|  0%| F|  |TAMS 0x0000000702a00000, 0x0000000702a00000| Untracked 
|   8|0x0000000702c00000, 0x0000000702c00000, 0x0000000702e00000|  0%| F|  |TAMS 0x0000000702c00000, 0x0000000702c00000| Untracked 
|   9|0x0000000702e00000, 0x0000000702e00000, 0x0000000703000000|  0%| F|  |TAMS 0x0000000702e00000, 0x0000000702e00000| Untracked 
|  10|0x0000000703000000, 0x0000000703000000, 0x0000000703200000|  0%| F|  |TAMS 0x0000000703000000, 0x0000000703000000| Untracked 
|  11|0x0000000703200000, 0x0000000703200000, 0x0000000703400000|  0%| F|  |TAMS 0x0000000703200000, 0x0000000703200000| Untracked 
|  12|0x0000000703400000, 0x0000000703400000, 0x0000000703600000|  0%| F|  |TAMS 0x0000000703400000, 0x0000000703400000| Untracked 
|  13|0x0000000703600000, 0x0000000703600000, 0x0000000703800000|  0%| F|  |TAMS 0x0000000703600000, 0x0000000703600000| Untracked 
|  14|0x0000000703800000, 0x0000000703800000, 0x0000000703a00000|  0%| F|  |TAMS 0x0000000703800000, 0x0000000703800000| Untracked 
|  15|0x0000000703a00000, 0x0000000703a00000, 0x0000000703c00000|  0%| F|  |TAMS 0x0000000703a00000, 0x0000000703a00000| Untracked 
|  16|0x0000000703c00000, 0x0000000703c00000, 0x0000000703e00000|  0%| F|  |TAMS 0x0000000703c00000, 0x0000000703c00000| Untracked 
|  17|0x0000000703e00000, 0x0000000703e00000, 0x0000000704000000|  0%| F|  |TAMS 0x0000000703e00000, 0x0000000703e00000| Untracked 
|  18|0x0000000704000000, 0x0000000704000000, 0x0000000704200000|  0%| F|  |TAMS 0x0000000704000000, 0x0000000704000000| Untracked 
|  19|0x0000000704200000, 0x0000000704200000, 0x0000000704400000|  0%| F|  |TAMS 0x0000000704200000, 0x0000000704200000| Untracked 
|  20|0x0000000704400000, 0x0000000704400000, 0x0000000704600000|  0%| F|  |TAMS 0x0000000704400000, 0x0000000704400000| Untracked 
|  21|0x0000000704600000, 0x0000000704600000, 0x0000000704800000|  0%| F|  |TAMS 0x0000000704600000, 0x0000000704600000| Untracked 
|  22|0x0000000704800000, 0x0000000704800000, 0x0000000704a00000|  0%| F|  |TAMS 0x0000000704800000, 0x0000000704800000| Untracked 
|  23|0x0000000704a00000, 0x0000000704a00000, 0x0000000704c00000|  0%| F|  |TAMS 0x0000000704a00000, 0x0000000704a00000| Untracked 
|  24|0x0000000704c00000, 0x0000000704c00000, 0x0000000704e00000|  0%| F|  |TAMS 0x0000000704c00000, 0x0000000704c00000| Untracked 
|  25|0x0000000704e00000, 0x0000000704e00000, 0x0000000705000000|  0%| F|  |TAMS 0x0000000704e00000, 0x0000000704e00000| Untracked 
|  26|0x0000000705000000, 0x0000000705000000, 0x0000000705200000|  0%| F|  |TAMS 0x0000000705000000, 0x0000000705000000| Untracked 
|  27|0x0000000705200000, 0x0000000705200000, 0x0000000705400000|  0%| F|  |TAMS 0x0000000705200000, 0x0000000705200000| Untracked 
|  28|0x0000000705400000, 0x0000000705400000, 0x0000000705600000|  0%| F|  |TAMS 0x0000000705400000, 0x0000000705400000| Untracked 
|  29|0x0000000705600000, 0x0000000705600000, 0x0000000705800000|  0%| F|  |TAMS 0x0000000705600000, 0x0000000705600000| Untracked 
|  30|0x0000000705800000, 0x0000000705800000, 0x0000000705a00000|  0%| F|  |TAMS 0x0000000705800000, 0x0000000705800000| Untracked 
|  31|0x0000000705a00000, 0x0000000705a00000, 0x0000000705c00000|  0%| F|  |TAMS 0x0000000705a00000, 0x0000000705a00000| Untracked 
|  32|0x0000000705c00000, 0x0000000705c00000, 0x0000000705e00000|  0%| F|  |TAMS 0x0000000705c00000, 0x0000000705c00000| Untracked 
|  33|0x0000000705e00000, 0x0000000705e00000, 0x0000000706000000|  0%| F|  |TAMS 0x0000000705e00000, 0x0000000705e00000| Untracked 
|  34|0x0000000706000000, 0x0000000706000000, 0x0000000706200000|  0%| F|  |TAMS 0x0000000706000000, 0x0000000706000000| Untracked 
|  35|0x0000000706200000, 0x0000000706200000, 0x0000000706400000|  0%| F|  |TAMS 0x0000000706200000, 0x0000000706200000| Untracked 
|  36|0x0000000706400000, 0x0000000706400000, 0x0000000706600000|  0%| F|  |TAMS 0x0000000706400000, 0x0000000706400000| Untracked 
|  37|0x0000000706600000, 0x0000000706600000, 0x0000000706800000|  0%| F|  |TAMS 0x0000000706600000, 0x0000000706600000| Untracked 
|  38|0x0000000706800000, 0x0000000706800000, 0x0000000706a00000|  0%| F|  |TAMS 0x0000000706800000, 0x0000000706800000| Untracked 
|  39|0x0000000706a00000, 0x0000000706a00000, 0x0000000706c00000|  0%| F|  |TAMS 0x0000000706a00000, 0x0000000706a00000| Untracked 
|  40|0x0000000706c00000, 0x0000000706c00000, 0x0000000706e00000|  0%| F|  |TAMS 0x0000000706c00000, 0x0000000706c00000| Untracked 
|  41|0x0000000706e00000, 0x0000000706e00000, 0x0000000707000000|  0%| F|  |TAMS 0x0000000706e00000, 0x0000000706e00000| Untracked 
|  42|0x0000000707000000, 0x0000000707000000, 0x0000000707200000|  0%| F|  |TAMS 0x0000000707000000, 0x0000000707000000| Untracked 
|  43|0x0000000707200000, 0x0000000707200000, 0x0000000707400000|  0%| F|  |TAMS 0x0000000707200000, 0x0000000707200000| Untracked 
|  44|0x0000000707400000, 0x0000000707400000, 0x0000000707600000|  0%| F|  |TAMS 0x0000000707400000, 0x0000000707400000| Untracked 
|  45|0x0000000707600000, 0x0000000707600000, 0x0000000707800000|  0%| F|  |TAMS 0x0000000707600000, 0x0000000707600000| Untracked 
|  46|0x0000000707800000, 0x0000000707800000, 0x0000000707a00000|  0%| F|  |TAMS 0x0000000707800000, 0x0000000707800000| Untracked 
|  47|0x0000000707a00000, 0x0000000707a00000, 0x0000000707c00000|  0%| F|  |TAMS 0x0000000707a00000, 0x0000000707a00000| Untracked 
|  48|0x0000000707c00000, 0x0000000707c00000, 0x0000000707e00000|  0%| F|  |TAMS 0x0000000707c00000, 0x0000000707c00000| Untracked 
|  49|0x0000000707e00000, 0x0000000707e00000, 0x0000000708000000|  0%| F|  |TAMS 0x0000000707e00000, 0x0000000707e00000| Untracked 
|  50|0x0000000708000000, 0x0000000708000000, 0x0000000708200000|  0%| F|  |TAMS 0x0000000708000000, 0x0000000708000000| Untracked 
|  51|0x0000000708200000, 0x0000000708200000, 0x0000000708400000|  0%| F|  |TAMS 0x0000000708200000, 0x0000000708200000| Untracked 
|  52|0x0000000708400000, 0x0000000708400000, 0x0000000708600000|  0%| F|  |TAMS 0x0000000708400000, 0x0000000708400000| Untracked 
|  53|0x0000000708600000, 0x0000000708600000, 0x0000000708800000|  0%| F|  |TAMS 0x0000000708600000, 0x0000000708600000| Untracked 
|  54|0x0000000708800000, 0x0000000708800000, 0x0000000708a00000|  0%| F|  |TAMS 0x0000000708800000, 0x0000000708800000| Untracked 
|  55|0x0000000708a00000, 0x0000000708a00000, 0x0000000708c00000|  0%| F|  |TAMS 0x0000000708a00000, 0x0000000708a00000| Untracked 
|  56|0x0000000708c00000, 0x0000000708c00000, 0x0000000708e00000|  0%| F|  |TAMS 0x0000000708c00000, 0x0000000708c00000| Untracked 
|  57|0x0000000708e00000, 0x0000000708e00000, 0x0000000709000000|  0%| F|  |TAMS 0x0000000708e00000, 0x0000000708e00000| Untracked 
|  58|0x0000000709000000, 0x0000000709000000, 0x0000000709200000|  0%| F|  |TAMS 0x0000000709000000, 0x0000000709000000| Untracked 
|  59|0x0000000709200000, 0x0000000709200000, 0x0000000709400000|  0%| F|  |TAMS 0x0000000709200000, 0x0000000709200000| Untracked 
|  60|0x0000000709400000, 0x0000000709400000, 0x0000000709600000|  0%| F|  |TAMS 0x0000000709400000, 0x0000000709400000| Untracked 
|  61|0x0000000709600000, 0x0000000709600000, 0x0000000709800000|  0%| F|  |TAMS 0x0000000709600000, 0x0000000709600000| Untracked 
|  62|0x0000000709800000, 0x0000000709800000, 0x0000000709a00000|  0%| F|  |TAMS 0x0000000709800000, 0x0000000709800000| Untracked 
|  63|0x0000000709a00000, 0x0000000709a00000, 0x0000000709c00000|  0%| F|  |TAMS 0x0000000709a00000, 0x0000000709a00000| Untracked 
|  64|0x0000000709c00000, 0x0000000709c00000, 0x0000000709e00000|  0%| F|  |TAMS 0x0000000709c00000, 0x0000000709c00000| Untracked 
|  65|0x0000000709e00000, 0x0000000709e00000, 0x000000070a000000|  0%| F|  |TAMS 0x0000000709e00000, 0x0000000709e00000| Untracked 
|  66|0x000000070a000000, 0x000000070a000000, 0x000000070a200000|  0%| F|  |TAMS 0x000000070a000000, 0x000000070a000000| Untracked 
|  67|0x000000070a200000, 0x000000070a200000, 0x000000070a400000|  0%| F|  |TAMS 0x000000070a200000, 0x000000070a200000| Untracked 
|  68|0x000000070a400000, 0x000000070a400000, 0x000000070a600000|  0%| F|  |TAMS 0x000000070a400000, 0x000000070a400000| Untracked 
|  69|0x000000070a600000, 0x000000070a600000, 0x000000070a800000|  0%| F|  |TAMS 0x000000070a600000, 0x000000070a600000| Untracked 
|  70|0x000000070a800000, 0x000000070a800000, 0x000000070aa00000|  0%| F|  |TAMS 0x000000070a800000, 0x000000070a800000| Untracked 
|  71|0x000000070aa00000, 0x000000070aa00000, 0x000000070ac00000|  0%| F|  |TAMS 0x000000070aa00000, 0x000000070aa00000| Untracked 
|  72|0x000000070ac00000, 0x000000070ac00000, 0x000000070ae00000|  0%| F|  |TAMS 0x000000070ac00000, 0x000000070ac00000| Untracked 
|  73|0x000000070ae00000, 0x000000070ae00000, 0x000000070b000000|  0%| F|  |TAMS 0x000000070ae00000, 0x000000070ae00000| Untracked 
|  74|0x000000070b000000, 0x000000070b000000, 0x000000070b200000|  0%| F|  |TAMS 0x000000070b000000, 0x000000070b000000| Untracked 
|  75|0x000000070b200000, 0x000000070b200000, 0x000000070b400000|  0%| F|  |TAMS 0x000000070b200000, 0x000000070b200000| Untracked 
|  76|0x000000070b400000, 0x000000070b400000, 0x000000070b600000|  0%| F|  |TAMS 0x000000070b400000, 0x000000070b400000| Untracked 
|  77|0x000000070b600000, 0x000000070b600000, 0x000000070b800000|  0%| F|  |TAMS 0x000000070b600000, 0x000000070b600000| Untracked 
|  78|0x000000070b800000, 0x000000070b800000, 0x000000070ba00000|  0%| F|  |TAMS 0x000000070b800000, 0x000000070b800000| Untracked 
|  79|0x000000070ba00000, 0x000000070ba00000, 0x000000070bc00000|  0%| F|  |TAMS 0x000000070ba00000, 0x000000070ba00000| Untracked 
|  80|0x000000070bc00000, 0x000000070be00000, 0x000000070be00000|100%| S|CS|TAMS 0x000000070bc00000, 0x000000070bc00000| Complete 
|  81|0x000000070be00000, 0x000000070c000000, 0x000000070c000000|100%| S|CS|TAMS 0x000000070be00000, 0x000000070be00000| Complete 
|  82|0x000000070c000000, 0x000000070c200000, 0x000000070c200000|100%| S|CS|TAMS 0x000000070c000000, 0x000000070c000000| Complete 
|  83|0x000000070c200000, 0x000000070c400000, 0x000000070c400000|100%| S|CS|TAMS 0x000000070c200000, 0x000000070c200000| Complete 
|  84|0x000000070c400000, 0x000000070c600000, 0x000000070c600000|100%| S|CS|TAMS 0x000000070c400000, 0x000000070c400000| Complete 
|  85|0x000000070c600000, 0x000000070c800000, 0x000000070c800000|100%| S|CS|TAMS 0x000000070c600000, 0x000000070c600000| Complete 
|  86|0x000000070c800000, 0x000000070ca00000, 0x000000070ca00000|100%| S|CS|TAMS 0x000000070c800000, 0x000000070c800000| Complete 
|  87|0x000000070ca00000, 0x000000070cc00000, 0x000000070cc00000|100%| S|CS|TAMS 0x000000070ca00000, 0x000000070ca00000| Complete 
|  88|0x000000070cc00000, 0x000000070ce00000, 0x000000070ce00000|100%| S|CS|TAMS 0x000000070cc00000, 0x000000070cc00000| Complete 
|  89|0x000000070ce00000, 0x000000070d000000, 0x000000070d000000|100%| S|CS|TAMS 0x000000070ce00000, 0x000000070ce00000| Complete 
|  90|0x000000070d000000, 0x000000070d000000, 0x000000070d200000|  0%| F|  |TAMS 0x000000070d000000, 0x000000070d000000| Untracked 
|  91|0x000000070d200000, 0x000000070d200000, 0x000000070d400000|  0%| F|  |TAMS 0x000000070d200000, 0x000000070d200000| Untracked 
|  92|0x000000070d400000, 0x000000070d400000, 0x000000070d600000|  0%| F|  |TAMS 0x000000070d400000, 0x000000070d400000| Untracked 
|  93|0x000000070d600000, 0x000000070d600000, 0x000000070d800000|  0%| F|  |TAMS 0x000000070d600000, 0x000000070d600000| Untracked 
|  94|0x000000070d800000, 0x000000070d800000, 0x000000070da00000|  0%| F|  |TAMS 0x000000070d800000, 0x000000070d800000| Untracked 
|  95|0x000000070da00000, 0x000000070da00000, 0x000000070dc00000|  0%| F|  |TAMS 0x000000070da00000, 0x000000070da00000| Untracked 
|  96|0x000000070dc00000, 0x000000070dc00000, 0x000000070de00000|  0%| F|  |TAMS 0x000000070dc00000, 0x000000070dc00000| Untracked 
|  97|0x000000070de00000, 0x000000070de00000, 0x000000070e000000|  0%| F|  |TAMS 0x000000070de00000, 0x000000070de00000| Untracked 
|  98|0x000000070e000000, 0x000000070e000000, 0x000000070e200000|  0%| F|  |TAMS 0x000000070e000000, 0x000000070e000000| Untracked 
|  99|0x000000070e200000, 0x000000070e200000, 0x000000070e400000|  0%| F|  |TAMS 0x000000070e200000, 0x000000070e200000| Untracked 
| 100|0x000000070e400000, 0x000000070e400000, 0x000000070e600000|  0%| F|  |TAMS 0x000000070e400000, 0x000000070e400000| Untracked 
| 101|0x000000070e600000, 0x000000070e600000, 0x000000070e800000|  0%| F|  |TAMS 0x000000070e600000, 0x000000070e600000| Untracked 
| 102|0x000000070e800000, 0x000000070e800000, 0x000000070ea00000|  0%| F|  |TAMS 0x000000070e800000, 0x000000070e800000| Untracked 
| 103|0x000000070ea00000, 0x000000070ea00000, 0x000000070ec00000|  0%| F|  |TAMS 0x000000070ea00000, 0x000000070ea00000| Untracked 
| 104|0x000000070ec00000, 0x000000070ec00000, 0x000000070ee00000|  0%| F|  |TAMS 0x000000070ec00000, 0x000000070ec00000| Untracked 
| 105|0x000000070ee00000, 0x000000070ee00000, 0x000000070f000000|  0%| F|  |TAMS 0x000000070ee00000, 0x000000070ee00000| Untracked 
| 106|0x000000070f000000, 0x000000070f000000, 0x000000070f200000|  0%| F|  |TAMS 0x000000070f000000, 0x000000070f000000| Untracked 
| 107|0x000000070f200000, 0x000000070f200000, 0x000000070f400000|  0%| F|  |TAMS 0x000000070f200000, 0x000000070f200000| Untracked 
| 108|0x000000070f400000, 0x000000070f400000, 0x000000070f600000|  0%| F|  |TAMS 0x000000070f400000, 0x000000070f400000| Untracked 
| 109|0x000000070f600000, 0x000000070f600000, 0x000000070f800000|  0%| F|  |TAMS 0x000000070f600000, 0x000000070f600000| Untracked 
| 110|0x000000070f800000, 0x000000070f800000, 0x000000070fa00000|  0%| F|  |TAMS 0x000000070f800000, 0x000000070f800000| Untracked 
| 111|0x000000070fa00000, 0x000000070fa00000, 0x000000070fc00000|  0%| F|  |TAMS 0x000000070fa00000, 0x000000070fa00000| Untracked 
| 112|0x000000070fc00000, 0x000000070fc00000, 0x000000070fe00000|  0%| F|  |TAMS 0x000000070fc00000, 0x000000070fc00000| Untracked 
| 113|0x000000070fe00000, 0x000000070fe00000, 0x0000000710000000|  0%| F|  |TAMS 0x000000070fe00000, 0x000000070fe00000| Untracked 
| 114|0x0000000710000000, 0x0000000710000000, 0x0000000710200000|  0%| F|  |TAMS 0x0000000710000000, 0x0000000710000000| Untracked 
| 115|0x0000000710200000, 0x0000000710200000, 0x0000000710400000|  0%| F|  |TAMS 0x0000000710200000, 0x0000000710200000| Untracked 
| 116|0x0000000710400000, 0x0000000710400000, 0x0000000710600000|  0%| F|  |TAMS 0x0000000710400000, 0x0000000710400000| Untracked 
| 117|0x0000000710600000, 0x0000000710600000, 0x0000000710800000|  0%| F|  |TAMS 0x0000000710600000, 0x0000000710600000| Untracked 
| 118|0x0000000710800000, 0x0000000710800000, 0x0000000710a00000|  0%| F|  |TAMS 0x0000000710800000, 0x0000000710800000| Untracked 
| 119|0x0000000710a00000, 0x0000000710a00000, 0x0000000710c00000|  0%| F|  |TAMS 0x0000000710a00000, 0x0000000710a00000| Untracked 
| 120|0x0000000710c00000, 0x0000000710c00000, 0x0000000710e00000|  0%| F|  |TAMS 0x0000000710c00000, 0x0000000710c00000| Untracked 
| 121|0x0000000710e00000, 0x0000000710e00000, 0x0000000711000000|  0%| F|  |TAMS 0x0000000710e00000, 0x0000000710e00000| Untracked 
| 122|0x0000000711000000, 0x0000000711000000, 0x0000000711200000|  0%| F|  |TAMS 0x0000000711000000, 0x0000000711000000| Untracked 
| 123|0x0000000711200000, 0x0000000711200000, 0x0000000711400000|  0%| F|  |TAMS 0x0000000711200000, 0x0000000711200000| Untracked 
| 124|0x0000000711400000, 0x0000000711400000, 0x0000000711600000|  0%| F|  |TAMS 0x0000000711400000, 0x0000000711400000| Untracked 
| 125|0x0000000711600000, 0x0000000711600000, 0x0000000711800000|  0%| F|  |TAMS 0x0000000711600000, 0x0000000711600000| Untracked 
| 126|0x0000000711800000, 0x0000000711800000, 0x0000000711a00000|  0%| F|  |TAMS 0x0000000711800000, 0x0000000711800000| Untracked 
| 127|0x0000000711a00000, 0x0000000711b00000, 0x0000000711c00000| 50%| E|  |TAMS 0x0000000711a00000, 0x0000000711a00000| Complete 

Card table byte_map: [0x000001beee8b0000,0x000001beef0b0000] _byte_map_base: 0x000001beeb0a2000

Marking Bits (Prev, Next): (CMBitMap*) 0x000001bed5610250, (CMBitMap*) 0x000001bed5610290
 Prev Bits: [0x000001beef8b0000, 0x000001bef3840000)
 Next Bits: [0x000001bef3840000, 0x000001bef77d0000)

Polling page: 0x000001bed5680000

Metaspace:

Usage:
  Non-class:     18.15 MB used.
      Class:      2.60 MB used.
       Both:     20.75 MB used.

Virtual space:
  Non-class space:       64.00 MB reserved,      18.31 MB ( 29%) committed,  1 nodes.
      Class space:        1.00 GB reserved,       2.75 MB ( <1%) committed,  1 nodes.
             Both:        1.06 GB reserved,      21.06 MB (  2%) committed. 

Chunk freelists:
   Non-Class:  11.95 MB
       Class:  13.30 MB
        Both:  25.25 MB

MaxMetaspaceSize: unlimited
CompressedClassSpaceSize: 1.00 GB
Initial GC threshold: 21.00 MB
Current GC threshold: 21.31 MB
CDS: on
MetaspaceReclaimPolicy: balanced
 - commit_granule_bytes: 65536.
 - commit_granule_words: 8192.
 - virtual_space_node_default_size: 8388608.
 - enlarge_chunks_in_place: 1.
 - new_chunks_are_fully_committed: 0.
 - uncommit_free_chunks: 1.
 - use_allocation_guard: 0.
 - handle_deallocations: 1.


Internal statistics:

num_allocs_failed_limit: 3.
num_arena_births: 160.
num_arena_deaths: 0.
num_vsnodes_births: 2.
num_vsnodes_deaths: 0.
num_space_committed: 337.
num_space_uncommitted: 0.
num_chunks_returned_to_freelist: 3.
num_chunks_taken_from_freelist: 904.
num_chunk_merges: 3.
num_chunk_splits: 699.
num_chunks_enlarged: 611.
num_inconsistent_stats: 0.

CodeHeap 'non-profiled nmethods': size=120000Kb used=766Kb max_used=766Kb free=119233Kb
 bounds [0x000001bee6120000, 0x000001bee6390000, 0x000001beed650000]
CodeHeap 'profiled nmethods': size=120000Kb used=2799Kb max_used=2799Kb free=117200Kb
 bounds [0x000001bede650000, 0x000001bede910000, 0x000001bee5b80000]
CodeHeap 'non-nmethods': size=5760Kb used=1215Kb max_used=1283Kb free=4544Kb
 bounds [0x000001bee5b80000, 0x000001bee5df0000, 0x000001bee6120000]
 total_blobs=2150 nmethods=1633 adapters=429
 compilation: enabled
              stopped_count=0, restarted_count=0
 full_count=0

Compilation events (20 events):
Event: 2.750 Thread 0x000001befa2c4930 nmethod 1622 0x000001bede906c90 code [0x000001bede906e40, 0x000001bede907078]
Event: 2.750 Thread 0x000001befa2c4930 1621       3       java.lang.Byte::hashCode (2 bytes)
Event: 2.750 Thread 0x000001befa2c4930 nmethod 1621 0x000001bede907190 code [0x000001bede907320, 0x000001bede907418]
Event: 2.750 Thread 0x000001befa2c2f60 nmethod 1619 0x000001bee61ddf10 code [0x000001bee61de080, 0x000001bee61de118]
Event: 2.758 Thread 0x000001befa2c2f60 1623   !   4       java.util.zip.ZipFile$ZipFileInputStream::close (59 bytes)
Event: 2.768 Thread 0x000001befa2c4930 1624       3       java.util.HashMap::containsKey (14 bytes)
Event: 2.769 Thread 0x000001befa2c4930 nmethod 1624 0x000001bede907490 code [0x000001bede907640, 0x000001bede9077e8]
Event: 2.776 Thread 0x000001befa2c2f60 nmethod 1623 0x000001bee61de210 code [0x000001bee61de3e0, 0x000001bee61df1b8]
Event: 2.778 Thread 0x000001befa2c4930 1625       3       java.lang.invoke.Invokers$Holder::linkToTargetMethod (10 bytes)
Event: 2.778 Thread 0x000001befa2c4930 nmethod 1625 0x000001bede907890 code [0x000001bede907a40, 0x000001bede907e78]
Event: 2.778 Thread 0x000001befa2c4930 1626       3       java.lang.invoke.DirectMethodHandle$Holder::newInvokeSpecial (24 bytes)
Event: 2.779 Thread 0x000001befa2c4930 nmethod 1626 0x000001bede907f90 code [0x000001bede908180, 0x000001bede908928]
Event: 2.779 Thread 0x000001befa2c4930 1627       3       java.lang.Class$ReflectionData::<init> (10 bytes)
Event: 2.779 Thread 0x000001befa2c4930 nmethod 1627 0x000001bede908b10 code [0x000001bede908ca0, 0x000001bede908e18]
Event: 2.779 Thread 0x000001befa2c4930 1628       3       java.lang.Class$Atomic::casReflectionData (13 bytes)
Event: 2.779 Thread 0x000001befa2c4930 nmethod 1628 0x000001bede908f10 code [0x000001bede9090a0, 0x000001bede9091f8]
Event: 2.790 Thread 0x000001befa2c4930 1629       3       java.lang.ClassLoader::definePackage (53 bytes)
Event: 2.791 Thread 0x000001befa2c4930 nmethod 1629 0x000001bede909290 code [0x000001bede909480, 0x000001bede9099d8]
Event: 2.795 Thread 0x000001befa2c4930 1630       1       java.lang.reflect.Constructor::getSharedParameterTypes (5 bytes)
Event: 2.795 Thread 0x000001befa2c4930 nmethod 1630 0x000001bee61df810 code [0x000001bee61df9a0, 0x000001bee61dfa78]

GC Heap History (4 events):
Event: 0.897 GC heap before
{Heap before GC invocations=0 (full 0):
 garbage-first heap   total 262144K, used 26624K [0x0000000701c00000, 0x0000000800000000)
  region size 2048K, 11 young (22528K), 0 survivors (0K)
 Metaspace       used 6618K, committed 6720K, reserved 1114112K
  class space    used 611K, committed 640K, reserved 1048576K
}
Event: 0.904 GC heap after
{Heap after GC invocations=1 (full 0):
 garbage-first heap   total 262144K, used 7180K [0x0000000701c00000, 0x0000000800000000)
  region size 2048K, 2 young (4096K), 2 survivors (4096K)
 Metaspace       used 6618K, committed 6720K, reserved 1114112K
  class space    used 611K, committed 640K, reserved 1048576K
}
Event: 1.645 GC heap before
{Heap before GC invocations=1 (full 0):
 garbage-first heap   total 262144K, used 35852K [0x0000000701c00000, 0x0000000800000000)
  region size 2048K, 17 young (34816K), 2 survivors (4096K)
 Metaspace       used 14989K, committed 15296K, reserved 1114112K
  class space    used 1631K, committed 1792K, reserved 1048576K
}
Event: 1.651 GC heap after
{Heap after GC invocations=2 (full 0):
 garbage-first heap   total 262144K, used 9889K [0x0000000701c00000, 0x0000000800000000)
  region size 2048K, 3 young (6144K), 3 survivors (6144K)
 Metaspace       used 14989K, committed 15296K, reserved 1114112K
  class space    used 1631K, committed 1792K, reserved 1048576K
}

Deoptimization events (20 events):
Event: 2.417 Thread 0x000001bed55a4730 Uncommon trap: trap_request=0xffffffde fr.pc=0x000001bee6198c9c relative=0x000000000000091c
Event: 2.417 Thread 0x000001bed55a4730 Uncommon trap: reason=class_check action=maybe_recompile pc=0x000001bee6198c9c method=org.jetbrains.kotlin.cli.jvm.compiler.jarfs.LargeDynamicMappedBuffer.withMappedRange(JJLkotlin/jvm/functions/Function1;)Ljava/lang/Object; @ 209 c2
Event: 2.417 Thread 0x000001bed55a4730 DEOPT PACKING pc=0x000001bee6198c9c sp=0x000000436c8fe370
Event: 2.417 Thread 0x000001bed55a4730 DEOPT UNPACKING pc=0x000001bee5bd23a3 sp=0x000000436c8fe2e8 mode 2
Event: 2.719 Thread 0x000001bed55a4730 Uncommon trap: trap_request=0xffffffde fr.pc=0x000001bee61dd248 relative=0x0000000000000128
Event: 2.719 Thread 0x000001bed55a4730 Uncommon trap: reason=class_check action=maybe_recompile pc=0x000001bee61dd248 method=jdk.internal.misc.Unsafe.allocateUninitializedArray(Ljava/lang/Class;I)Ljava/lang/Object; @ 51 c2
Event: 2.719 Thread 0x000001bed55a4730 DEOPT PACKING pc=0x000001bee61dd248 sp=0x000000436c8f59a0
Event: 2.719 Thread 0x000001bed55a4730 DEOPT UNPACKING pc=0x000001bee5bd23a3 sp=0x000000436c8f5928 mode 2
Event: 2.719 Thread 0x000001bed55a4730 Uncommon trap: trap_request=0xffffffde fr.pc=0x000001bee61dd248 relative=0x0000000000000128
Event: 2.719 Thread 0x000001bed55a4730 Uncommon trap: reason=class_check action=maybe_recompile pc=0x000001bee61dd248 method=jdk.internal.misc.Unsafe.allocateUninitializedArray(Ljava/lang/Class;I)Ljava/lang/Object; @ 51 c2
Event: 2.719 Thread 0x000001bed55a4730 DEOPT PACKING pc=0x000001bee61dd248 sp=0x000000436c8f55a0
Event: 2.719 Thread 0x000001bed55a4730 DEOPT UNPACKING pc=0x000001bee5bd23a3 sp=0x000000436c8f5528 mode 2
Event: 2.719 Thread 0x000001bed55a4730 Uncommon trap: trap_request=0xffffffde fr.pc=0x000001bee61dd248 relative=0x0000000000000128
Event: 2.719 Thread 0x000001bed55a4730 Uncommon trap: reason=class_check action=maybe_recompile pc=0x000001bee61dd248 method=jdk.internal.misc.Unsafe.allocateUninitializedArray(Ljava/lang/Class;I)Ljava/lang/Object; @ 51 c2
Event: 2.719 Thread 0x000001bed55a4730 DEOPT PACKING pc=0x000001bee61dd248 sp=0x000000436c8f59a0
Event: 2.720 Thread 0x000001bed55a4730 DEOPT UNPACKING pc=0x000001bee5bd23a3 sp=0x000000436c8f5928 mode 2
Event: 2.720 Thread 0x000001bed55a4730 Uncommon trap: trap_request=0xffffffde fr.pc=0x000001bee61dd248 relative=0x0000000000000128
Event: 2.720 Thread 0x000001bed55a4730 Uncommon trap: reason=class_check action=maybe_recompile pc=0x000001bee61dd248 method=jdk.internal.misc.Unsafe.allocateUninitializedArray(Ljava/lang/Class;I)Ljava/lang/Object; @ 51 c2
Event: 2.720 Thread 0x000001bed55a4730 DEOPT PACKING pc=0x000001bee61dd248 sp=0x000000436c8f55a0
Event: 2.720 Thread 0x000001bed55a4730 DEOPT UNPACKING pc=0x000001bee5bd23a3 sp=0x000000436c8f5528 mode 2

Classes unloaded (0 events):
No events

Classes redefined (0 events):
No events

Internal exceptions (20 events):
Event: 1.094 Thread 0x000001bed55a4730 Exception <a 'java/lang/NoSuchMethodError'{0x00000007115410f0}: 'int java.lang.invoke.DirectMethodHandle$Holder.invokeStaticInit(java.lang.Object, java.lang.Object, java.lang.Object)'> (0x00000007115410f0) 
thrown [s\open\src\hotspot\share\interpreter\linkResolver.cpp, line 759]
Event: 1.101 Thread 0x000001bed55a4730 Exception <a 'java/lang/NoSuchMethodError'{0x00000007115712c8}: 'int java.lang.invoke.DirectMethodHandle$Holder.invokeStaticInit(java.lang.Object, java.lang.Object)'> (0x00000007115712c8) 
thrown [s\open\src\hotspot\share\interpreter\linkResolver.cpp, line 759]
Event: 1.118 Thread 0x000001bed55a4730 Exception <a 'java/lang/NoSuchMethodError'{0x000000071122e768}: 'int java.lang.invoke.DirectMethodHandle$Holder.invokeStatic(java.lang.Object)'> (0x000000071122e768) 
thrown [s\open\src\hotspot\share\interpreter\linkResolver.cpp, line 759]
Event: 1.119 Thread 0x000001bed55a4730 Exception <a 'java/lang/NoSuchMethodError'{0x0000000711231e10}: 'int java.lang.invoke.DirectMethodHandle$Holder.invokeStaticInit(java.lang.Object)'> (0x0000000711231e10) 
thrown [s\open\src\hotspot\share\interpreter\linkResolver.cpp, line 759]
Event: 1.123 Thread 0x000001bed55a4730 Exception <a 'java/lang/NoSuchMethodError'{0x000000071125c650}: 'java.lang.Object java.lang.invoke.DirectMethodHandle$Holder.invokeStatic(java.lang.Object, java.lang.Object, int, java.lang.Object, int)'> (0x000000071125c650) 
thrown [s\open\src\hotspot\share\interpreter\linkResolver.cpp, line 759]
Event: 1.124 Thread 0x000001bed55a4730 Exception <a 'java/lang/NoSuchMethodError'{0x0000000711263980}: 'java.lang.Object java.lang.invoke.DirectMethodHandle$Holder.newInvokeSpecial(java.lang.Object, java.lang.Object, int)'> (0x0000000711263980) 
thrown [s\open\src\hotspot\share\interpreter\linkResolver.cpp, line 759]
Event: 1.130 Thread 0x000001bed55a4730 Exception <a 'java/lang/NoSuchMethodError'{0x0000000711295160}: 'void java.lang.invoke.DirectMethodHandle$Holder.invokeSpecial(java.lang.Object, java.lang.Object, java.lang.Object)'> (0x0000000711295160) 
thrown [s\open\src\hotspot\share\interpreter\linkResolver.cpp, line 759]
Event: 1.281 Thread 0x000001bed55a4730 Exception <a 'java/lang/NoSuchMethodError'{0x0000000710d11218}: 'java.lang.Object java.lang.invoke.DirectMethodHandle$Holder.invokeInterface(java.lang.Object, java.lang.Object)'> (0x0000000710d11218) 
thrown [s\open\src\hotspot\share\interpreter\linkResolver.cpp, line 759]
Event: 1.335 Thread 0x000001bed55a4730 Exception <a 'java/lang/NoSuchMethodError'{0x0000000710b95400}: 'void java.lang.invoke.DirectMethodHandle$Holder.invokeStaticInit(java.lang.Object, java.lang.Object)'> (0x0000000710b95400) 
thrown [s\open\src\hotspot\share\interpreter\linkResolver.cpp, line 759]
Event: 1.382 Thread 0x000001bed55a4730 Exception <a 'java/lang/NoSuchMethodError'{0x0000000710984030}: 'int java.lang.invoke.DirectMethodHandle$Holder.invokeVirtual(java.lang.Object, java.lang.Object, java.lang.Object)'> (0x0000000710984030) 
thrown [s\open\src\hotspot\share\interpreter\linkResolver.cpp, line 759]
Event: 1.496 Thread 0x000001bed55a4730 Exception <a 'java/lang/NoSuchMethodError'{0x000000070fe513c0}: 'void java.lang.invoke.DirectMethodHandle$Holder.invokeVirtual(java.lang.Object, java.lang.Object)'> (0x000000070fe513c0) 
thrown [s\open\src\hotspot\share\interpreter\linkResolver.cpp, line 759]
Event: 1.565 Thread 0x000001bed55a4730 Exception <a 'java/lang/NoSuchMethodError'{0x000000070fcb7fe0}: 'java.lang.Object java.lang.invoke.Invokers$Holder.invoke_MT(java.lang.Object, java.lang.Object, java.lang.Object)'> (0x000000070fcb7fe0) 
thrown [s\open\src\hotspot\share\interpreter\linkResolver.cpp, line 759]
Event: 1.589 Thread 0x000001bed55a4730 Exception <a 'java/lang/NoSuchMethodError'{0x000000070fd43d00}: 'java.lang.Object java.lang.invoke.DirectMethodHandle$Holder.invokeStatic(java.lang.Object, java.lang.Object, long, long)'> (0x000000070fd43d00) 
thrown [s\open\src\hotspot\share\interpreter\linkResolver.cpp, line 759]
Event: 1.596 Thread 0x000001bed55a4730 Exception <a 'java/lang/NoSuchMethodError'{0x000000070fd723b0}: 'java.lang.Object java.lang.invoke.DirectMethodHandle$Holder.invokeStatic(java.lang.Object, java.lang.Object, java.lang.Object, long, java.lang.Object)'> (0x000000070fd723b0) 
thrown [s\open\src\hotspot\share\interpreter\linkResolver.cpp, line 759]
Event: 1.596 Thread 0x000001bed55a4730 Exception <a 'java/lang/NoSuchMethodError'{0x000000070fd7a428}: 'java.lang.Object java.lang.invoke.DirectMethodHandle$Holder.newInvokeSpecial(java.lang.Object, java.lang.Object, java.lang.Object, long)'> (0x000000070fd7a428) 
thrown [s\open\src\hotspot\share\interpreter\linkResolver.cpp, line 759]
Event: 1.841 Thread 0x000001bed55a4730 Implicit null exception at 0x000001bee617d940 to 0x000001bee617dcf4
Event: 1.858 Thread 0x000001bed55a4730 Implicit null exception at 0x000001bee618f232 to 0x000001bee618f9bc
Event: 2.108 Thread 0x000001bed55a4730 Exception <a 'java/lang/NoSuchMethodError'{0x000000070e544820}: 'java.lang.Object java.lang.invoke.DirectMethodHandle$Holder.newInvokeSpecial(java.lang.Object, int, java.lang.Object, java.lang.Object, java.lang.Object, java.lang.Object)'> (0x000000070e544820) 
thrown [s\open\src\hotspot\share\interpreter\linkResolver.cpp, line 759]
Event: 2.469 Thread 0x000001bed55a4730 Exception <a 'java/lang/NoSuchMethodError'{0x000000070dcd3b68}: 'java.lang.Object java.lang.invoke.DirectMethodHandle$Holder.newInvokeSpecial(java.lang.Object, java.lang.Object, java.lang.Object, java.lang.Object, java.lang.Object, java.lang.Object, java.lang.Object)'> (0x000000070dcd3b68) 
thrown [s\open\src\hotspot\share\interpreter\linkResolver.cpp, line 759]
Event: 2.470 Thread 0x000001bed55a4730 Exception <a 'java/lang/NoSuchMethodError'{0x000000070dcd8478}: 'java.lang.Object java.lang.invoke.Invokers$Holder.linkToTargetMethod(java.lang.Object, java.lang.Object, java.lang.Object, java.lang.Object, java.lang.Object, java.lang.Object, java.lang.Object)'> (0x000000070dcd8478) 
thrown [s\open\src\hotspot\share\interpreter\linkResolver.cpp, line 759]

VM Operations (16 events):
Event: 0.503 Executing VM operation: HandshakeAllThreads
Event: 0.503 Executing VM operation: HandshakeAllThreads done
Event: 0.672 Executing VM operation: HandshakeAllThreads
Event: 0.672 Executing VM operation: HandshakeAllThreads done
Event: 0.897 Executing VM operation: G1CollectForAllocation
Event: 0.904 Executing VM operation: G1CollectForAllocation done
Event: 1.545 Executing VM operation: HandshakeAllThreads
Event: 1.545 Executing VM operation: HandshakeAllThreads done
Event: 1.548 Executing VM operation: HandshakeAllThreads
Event: 1.548 Executing VM operation: HandshakeAllThreads done
Event: 1.640 Executing VM operation: G1CollectForAllocation
Event: 1.651 Executing VM operation: G1CollectForAllocation done
Event: 2.218 Executing VM operation: HandshakeAllThreads
Event: 2.218 Executing VM operation: HandshakeAllThreads done
Event: 2.219 Executing VM operation: HandshakeAllThreads
Event: 2.219 Executing VM operation: HandshakeAllThreads done

Events (20 events):
Event: 2.121 loading class java/nio/file/attribute/PosixFilePermission
Event: 2.121 loading class java/nio/file/attribute/PosixFilePermission done
Event: 2.213 loading class sun/net/www/protocol/jar/JarURLConnection
Event: 2.216 loading class java/net/JarURLConnection
Event: 2.216 loading class java/net/JarURLConnection done
Event: 2.217 loading class sun/net/www/protocol/jar/JarURLConnection done
Event: 2.217 loading class sun/net/www/protocol/jar/JarFileFactory
Event: 2.217 loading class sun/net/www/protocol/jar/URLJarFile$URLJarFileCloseController
Event: 2.217 loading class sun/net/www/protocol/jar/URLJarFile$URLJarFileCloseController done
Event: 2.217 loading class sun/net/www/protocol/jar/JarFileFactory done
Event: 2.218 loading class sun/net/www/protocol/jar/URLJarFile
Event: 2.218 loading class sun/net/www/protocol/jar/URLJarFile done
Event: 2.219 loading class sun/net/www/protocol/jar/URLJarFile$URLJarFileEntry
Event: 2.219 loading class sun/net/www/protocol/jar/URLJarFile$URLJarFileEntry done
Event: 2.219 loading class sun/net/www/protocol/jar/JarURLConnection$JarURLInputStream
Event: 2.220 loading class sun/net/www/protocol/jar/JarURLConnection$JarURLInputStream done
Event: 2.228 loading class java/io/EOFException
Event: 2.228 loading class java/io/EOFException done
Event: 2.585 loading class java/util/concurrent/TimeUnit$1
Event: 2.585 loading class java/util/concurrent/TimeUnit$1 done


Dynamic libraries:
0x00007ff671ad0000 - 0x00007ff671ae0000 	D:\Java\jdk-17\bin\java.exe
0x00007ff9189e0000 - 0x00007ff918be9000 	C:\Windows\SYSTEM32\ntdll.dll
0x00007ff9169c0000 - 0x00007ff916a7d000 	C:\Windows\System32\KERNEL32.DLL
0x00007ff915ee0000 - 0x00007ff916264000 	C:\Windows\System32\KERNELBASE.dll
0x00007ff916270000 - 0x00007ff916381000 	C:\Windows\System32\ucrtbase.dll
0x00007ff8fcfe0000 - 0x00007ff8fcff9000 	D:\Java\jdk-17\bin\jli.dll
0x00007ff9179d0000 - 0x00007ff917a7e000 	C:\Windows\System32\ADVAPI32.dll
0x00007ff916c00000 - 0x00007ff916ca3000 	C:\Windows\System32\msvcrt.dll
0x00007ff9175a0000 - 0x00007ff91763e000 	C:\Windows\System32\sechost.dll
0x00007ff918690000 - 0x00007ff9187b1000 	C:\Windows\System32\RPCRT4.dll
0x00007ff917290000 - 0x00007ff91743d000 	C:\Windows\System32\USER32.dll
0x00007ff916550000 - 0x00007ff916576000 	C:\Windows\System32\win32u.dll
0x00007ff916830000 - 0x00007ff91685a000 	C:\Windows\System32\GDI32.dll
0x00007ff916430000 - 0x00007ff91654e000 	C:\Windows\System32\gdi32full.dll
0x00007ff916390000 - 0x00007ff91642d000 	C:\Windows\System32\msvcp_win.dll
0x00007ff9096a0000 - 0x00007ff9096bb000 	D:\Java\jdk-17\bin\VCRUNTIME140.dll
0x00007ff8f8a20000 - 0x00007ff8f8cc5000 	C:\Windows\WinSxS\amd64_microsoft.windows.common-controls_6595b64144ccf1df_6.0.22000.120_none_9d947278b86cc467\COMCTL32.dll
0x00007ff90d450000 - 0x00007ff90d45a000 	C:\Windows\SYSTEM32\VERSION.dll
0x00007ff9188f0000 - 0x00007ff918921000 	C:\Windows\System32\IMM32.DLL
0x00007ff9096c0000 - 0x00007ff9096cc000 	D:\Java\jdk-17\bin\vcruntime140_1.dll
0x00007ff8ef320000 - 0x00007ff8ef3ae000 	D:\Java\jdk-17\bin\msvcp140.dll
0x00007ff8c87b0000 - 0x00007ff8c9390000 	D:\Java\jdk-17\bin\server\jvm.dll
0x00007ff917590000 - 0x00007ff917598000 	C:\Windows\System32\PSAPI.DLL
0x00007ff90d350000 - 0x00007ff90d359000 	C:\Windows\SYSTEM32\WSOCK32.dll
0x00007ff918930000 - 0x00007ff91899f000 	C:\Windows\System32\WS2_32.dll
0x00007ff8ff440000 - 0x00007ff8ff473000 	C:\Windows\SYSTEM32\WINMM.dll
0x00007ff914fd0000 - 0x00007ff914fe8000 	C:\Windows\SYSTEM32\kernel.appcore.dll
0x00007ff8fd380000 - 0x00007ff8fd38a000 	D:\Java\jdk-17\bin\jimage.dll
0x00007ff913b90000 - 0x00007ff913db1000 	C:\Windows\SYSTEM32\DBGHELP.DLL
0x00007ff90eb60000 - 0x00007ff90eb91000 	C:\Windows\SYSTEM32\dbgcore.DLL
0x00007ff9167b0000 - 0x00007ff91682f000 	C:\Windows\System32\bcryptPrimitives.dll
0x00007ff8fcfb0000 - 0x00007ff8fcfd5000 	D:\Java\jdk-17\bin\java.dll
0x00007ff8d99e0000 - 0x00007ff8d9ab7000 	D:\Java\jdk-17\bin\jsvml.dll
0x00007ff917d20000 - 0x00007ff9184e5000 	C:\Windows\System32\SHELL32.dll
0x00007ff913f50000 - 0x00007ff9147b2000 	C:\Windows\SYSTEM32\windows.storage.dll
0x00007ff917640000 - 0x00007ff9179b6000 	C:\Windows\System32\combase.dll
0x00007ff913de0000 - 0x00007ff913f47000 	C:\Windows\SYSTEM32\wintypes.dll
0x00007ff916b10000 - 0x00007ff916bfa000 	C:\Windows\System32\SHCORE.dll
0x00007ff916960000 - 0x00007ff9169bd000 	C:\Windows\System32\shlwapi.dll
0x00007ff915da0000 - 0x00007ff915dc5000 	C:\Windows\SYSTEM32\profapi.dll
0x00007ff8fcf90000 - 0x00007ff8fcfa9000 	D:\Java\jdk-17\bin\net.dll
0x00007ff90d230000 - 0x00007ff90d344000 	C:\Windows\SYSTEM32\WINHTTP.dll
0x00007ff915480000 - 0x00007ff9154e7000 	C:\Windows\system32\mswsock.dll
0x00007ff8fcf70000 - 0x00007ff8fcf86000 	D:\Java\jdk-17\bin\nio.dll
0x00007ff8fcf50000 - 0x00007ff8fcf68000 	D:\Java\jdk-17\bin\zip.dll
0x00007ff8fcf20000 - 0x00007ff8fcf30000 	D:\Java\jdk-17\bin\verify.dll

dbghelp: loaded successfully - version: 4.0.5 - missing functions: none
symbol engine: initialized successfully - sym options: 0x614 - pdb path: .;D:\Java\jdk-17\bin;C:\Windows\SYSTEM32;C:\Windows\WinSxS\amd64_microsoft.windows.common-controls_6595b64144ccf1df_6.0.22000.120_none_9d947278b86cc467;D:\Java\jdk-17\bin\server

VM Arguments:
java_command: org.jetbrains.kotlin.cli.jvm.K2JVMCompiler @E:\Descktop\MentoraAppNew\node_modules\expo-modules-autolinking\android\expo-gradle-plugin\expo-autolinking-plugin\build\20260412_14142669779489751915.compiler.options
java_class_path (initial): E:\GradleCache\caches\modules-2\files-2.1\org.jetbrains.kotlin\kotlin-compiler-embeddable\2.1.20\4ef56b3316798316bfac7a0ae443391c9e900ea1\kotlin-compiler-embeddable-2.1.20.jar;E:\GradleCache\caches\modules-2\files-2.1\org.jetbrains.kotlin\kotlin-stdlib\2.1.20\aa8ca79cd50578314f6d1180c47cbe14c0fee567\kotlin-stdlib-2.1.20.jar;E:\GradleCache\caches\modules-2\files-2.1\org.jetbrains.kotlin\kotlin-script-runtime\2.1.20\f7c623d7f7bdb01f5ccd6b437bc0a937fcd7c57e\kotlin-script-runtime-2.1.20.jar;E:\GradleCache\caches\modules-2\files-2.1\org.jetbrains.kotlin\kotlin-reflect\1.6.10\1cbe9c92c12a94eea200d23c2bbaedaf3daf5132\kotlin-reflect-1.6.10.jar;E:\GradleCache\caches\modules-2\files-2.1\org.jetbrains.kotlin\kotlin-daemon-embeddable\2.1.20\95670fce77befd02a70a0bc3abe8ee4533521334\kotlin-daemon-embeddable-2.1.20.jar;E:\GradleCache\caches\modules-2\files-2.1\org.jetbrains.intellij.deps\trove4j\1.0.20200330\3afb14d5f9ceb459d724e907a21145e8ff394f02\trove4j-1.0.20200330.jar;E:\GradleCache\caches\modules-2\files-2.1\org.jetbrains.kotlinx\kotlinx-coroutines-core-jvm\1.8.0\ac1dc37a30a93150b704022f8d895ee1bd3a36b3\kotlinx-coroutines-core-jvm-1.8.0.jar;E:\GradleCache\caches\modules-2\files-2.1\org.jetbrains\annotations\13.0\919f0dfe192fb4e063e7dacadee7f8bb9a2672a9\annotations-13.0.jar
Launcher Type: SUN_STANDARD

[Global flags]
     intx CICompilerCount                          = 4                                         {product} {ergonomic}
     uint ConcGCThreads                            = 2                                         {product} {ergonomic}
     uint G1ConcRefinementThreads                  = 8                                         {product} {ergonomic}
   size_t G1HeapRegionSize                         = 2097152                                   {product} {ergonomic}
    uintx GCDrainStackTargetSize                   = 64                                        {product} {ergonomic}
   size_t InitialHeapSize                          = 268435456                                 {product} {ergonomic}
   size_t MarkStackSize                            = 4194304                                   {product} {ergonomic}
   size_t MaxHeapSize                              = 4265607168                                {product} {ergonomic}
   size_t MaxNewSize                               = 2558525440                                {product} {ergonomic}
   size_t MinHeapDeltaBytes                        = 2097152                                   {product} {ergonomic}
   size_t MinHeapSize                              = 8388608                                   {product} {ergonomic}
    uintx NonNMethodCodeHeapSize                   = 5839372                                {pd product} {ergonomic}
    uintx NonProfiledCodeHeapSize                  = 122909434                              {pd product} {ergonomic}
    uintx ProfiledCodeHeapSize                     = 122909434                              {pd product} {ergonomic}
    uintx ReservedCodeCacheSize                    = 251658240                              {pd product} {ergonomic}
     bool SegmentedCodeCache                       = true                                      {product} {ergonomic}
   size_t SoftMaxHeapSize                          = 4265607168                             {manageable} {ergonomic}
     bool UseCompressedClassPointers               = true                           {product lp64_product} {ergonomic}
     bool UseCompressedOops                        = true                           {product lp64_product} {ergonomic}
     bool UseG1GC                                  = true                                      {product} {ergonomic}
     bool UseLargePagesIndividualAllocation        = false                                  {pd product} {ergonomic}

Logging:
Log output configuration:
 #0: stdout all=warning uptime,level,tags
 #1: stderr all=off uptime,level,tags

Environment Variables:
JAVA_HOME=D:\Java\jdk-17
PATH=E:\Descktop\MentoraAppNew\node_modules\.bin;E:\Descktop\MentoraAppNew\node_modules\.bin;E:\Descktop\node_modules\.bin;E:\node_modules\.bin;D:\nodejs\node_modules\npm\node_modules\@npmcli\run-script\lib\node-gyp-bin;C:\Windows\system32;C:\Windows;C:\Windows\System32\Wbem;C:\Windows\System32\WindowsPowerShell\v1.0\;C:\Windows\System32\OpenSSH\;C:\nodejs;D:\Programe Files\Java\jdk-17\bin;D:\nodejs;D:\gradle-9.3.1\bin;D:\Java\jdk-17\bin;D:\Java\jdk-17\bin;C:\Program Files\Git\cmd;C:\Users\hp\AppData\Local\Microsoft\WindowsApps;C:\Users\hp\AppData\Local\Programs\Microsoft VS Code\bin;C:\Users\hp\AppData\Local\Android\Sdk\platform-tools;D:\Users\hp\AppData\Local\Programs\Antigravity\bin
USERNAME=hp
OS=Windows_NT
PROCESSOR_IDENTIFIER=Intel64 Family 6 Model 94 Stepping 3, GenuineIntel



---------------  S Y S T E M  ---------------

OS:
 Windows 11 , 64 bit Build 22000 (10.0.22000.2538)
OS uptime: 0 days 7:57 hours

CPU: total 8 (initial active 8) (4 cores per cpu, 2 threads per core) family 6 model 94 stepping 3 microcode 0xd6, cx8, cmov, fxsr, ht, mmx, 3dnowpref, sse, sse2, sse3, ssse3, sse4.1, sse4.2, popcnt, lzcnt, tsc, tscinvbit, avx, avx2, aes, erms, clmul, bmi1, bmi2, rtm, adx, fma, vzeroupper, clflush, clflushopt

Memory: 4k page, system-wide physical 16264M (1796M free)
TotalPageFile size 28675M (AvailPageFile size 12M)
current process WorkingSet (physical memory assigned to process): 201M, peak: 201M
current process commit charge ("private bytes"): 403M, peak: 403M

vm_info: Java HotSpot(TM) 64-Bit Server VM (17.0.12+8-LTS-286) for windows-amd64 JRE (17.0.12+8-LTS-286), built on Jun  5 2024 06:46:59 by "mach5one" with MS VC++ 17.6 (VS2022)

END.
